Build CFG: 175.12682708911598 ms
Verify CFLog / Detect Attack: 27.899503707885742 ms
	CFLog addrs: 4094, Offending Entry: 2052
---------------------
Exploit Locator Time
	Backward Trace Time: 0.7288455963134766 ms
		Slice Start Addr: -1, Slice End Addr: 2052
		Slice addrs: 2054
	Slice Symbolic Execution Time: 5609.106779098511 ms
		mem_accesses : 158
		emul_instrs = 262
	Locate addr_init part 2: 488.0349636077881 ms
Patch Generator
	 Generate Patched Nodes: 12.805461883544922 ms
	 Update ELF: 30.005216598510742 ms
Patch Verifier:
	Remap CFLog: 108.35003852844238 ms
	Build Patched CFG: 443.58086585998535 ms
	Symb. Execute Patched Slice: 4319.476127624512 ms
		mem_accesses : 104
		emul_instrs = 198
