Build CFG: 364.93929708376527 ms
Verify CFLog / Detect Attack: 0.30303001403808594 ms
	CFLog addrs: 2979, Offending Entry: 10
---------------------
Exploit Locator Time
	Backward Trace Time: 0.02956390380859375 ms
		Slice Start Addr: 2, Slice End Addr: 10
		Slice addrs: 9
	Slice Symbolic Execution Time: 22890.05970954895 ms
		mem_accesses : 950
		emul_instrs = 1558
	Locate addr_init part 2: 1336.047887802124 ms
Patch Generator
	 Generate Patched Nodes: 17.669677734375 ms
	 Update ELF: 46.38409614562988 ms
Patch Verifier:
	Remap CFLog: 599.0509986877441 ms
	Build Patched CFG: 433.7451457977295 ms
	Symb. Execute Patched Slice: 21455.67297935486 ms
		mem_accesses : 536
		emul_instrs = 991
