
./patched.elf:     file format elf32-littlearm


Disassembly of section .text:

080401f8 <__do_global_dtors_aux>:
 80401f8:	b510      	push	{r4, lr}
 80401fa:	4c05      	ldr	r4, [pc, #20]	; (8040210 <__do_global_dtors_aux+0x18>)
 80401fc:	7823      	ldrb	r3, [r4, #0]
 80401fe:	b933      	cbnz	r3, 804020e <__do_global_dtors_aux+0x16>
 8040200:	4b04      	ldr	r3, [pc, #16]	; (8040214 <__do_global_dtors_aux+0x1c>)
 8040202:	b113      	cbz	r3, 804020a <__do_global_dtors_aux+0x12>
 8040204:	4804      	ldr	r0, [pc, #16]	; (8040218 <__do_global_dtors_aux+0x20>)
 8040206:	e000      	b.n	804020a <__do_global_dtors_aux+0x12>
 8040208:	bf00      	nop
 804020a:	2301      	movs	r3, #1
 804020c:	7023      	strb	r3, [r4, #0]
 804020e:	bd10      	pop	{r4, pc}
 8040210:	20018010 	.word	0x20018010
 8040214:	00000000 	.word	0x00000000
 8040218:	08040d28 	.word	0x08040d28

0804021c <frame_dummy>:
 804021c:	b508      	push	{r3, lr}
 804021e:	4b03      	ldr	r3, [pc, #12]	; (804022c <frame_dummy+0x10>)
 8040220:	b11b      	cbz	r3, 804022a <frame_dummy+0xe>
 8040222:	4903      	ldr	r1, [pc, #12]	; (8040230 <frame_dummy+0x14>)
 8040224:	4803      	ldr	r0, [pc, #12]	; (8040234 <frame_dummy+0x18>)
 8040226:	e000      	b.n	804022a <frame_dummy+0xe>
 8040228:	bf00      	nop
 804022a:	bd08      	pop	{r3, pc}
 804022c:	00000000 	.word	0x00000000
 8040230:	20018014 	.word	0x20018014
 8040234:	08040d28 	.word	0x08040d28

08040238 <safeFunction>:
 8040238:	b580      	push	{r7, lr}
 804023a:	af00      	add	r7, sp, #0
 804023c:	4b03      	ldr	r3, [pc, #12]	; (804024c <safeFunction+0x14>)
 804023e:	2201      	movs	r2, #1
 8040240:	601a      	str	r2, [r3, #0]
 8040242:	46bd      	mov	sp, r7
 8040244:	e8bd 4080 	ldmia.w	sp!, {r7, lr}
 8040248:	f000 bdb2 	b.w	8040db0 <__SECURE_log_ret_veneer>
 804024c:	2001802c 	.word	0x2001802c

08040250 <my_memcpy>:
 8040250:	b580      	push	{r7, lr}
 8040252:	b087      	sub	sp, #28
 8040254:	af00      	add	r7, sp, #0
 8040256:	60f8      	str	r0, [r7, #12]
 8040258:	60b9      	str	r1, [r7, #8]
 804025a:	607a      	str	r2, [r7, #4]
 804025c:	2300      	movs	r3, #0
 804025e:	617b      	str	r3, [r7, #20]
 8040260:	e00c      	b.n	804027c <my_memcpy+0x2c>
 8040262:	f000 fd9d 	bl	8040da0 <__SECURE_log_cond_br_taken_veneer>
 8040266:	68fa      	ldr	r2, [r7, #12]
 8040268:	697b      	ldr	r3, [r7, #20]
 804026a:	4413      	add	r3, r2
 804026c:	68b9      	ldr	r1, [r7, #8]
 804026e:	697a      	ldr	r2, [r7, #20]
 8040270:	440a      	add	r2, r1
 8040272:	7812      	ldrb	r2, [r2, #0]
 8040274:	701a      	strb	r2, [r3, #0]
 8040276:	697b      	ldr	r3, [r7, #20]
 8040278:	3301      	adds	r3, #1
 804027a:	617b      	str	r3, [r7, #20]
 804027c:	697a      	ldr	r2, [r7, #20]
 804027e:	687b      	ldr	r3, [r7, #4]
 8040280:	429a      	cmp	r2, r3
 8040282:	d3ee      	bcc.n	8040262 <my_memcpy+0x12>
 8040284:	f000 fd64 	bl	8040d50 <__SECURE_log_cond_br_not_taken_veneer>
 8040288:	371c      	adds	r7, #28
 804028a:	46bd      	mov	sp, r7
 804028c:	e8bd 4080 	ldmia.w	sp!, {r7, lr}
 8040290:	f000 bd8e 	b.w	8040db0 <__SECURE_log_ret_veneer>

08040294 <malloc>:
 8040294:	b580      	push	{r7, lr}
 8040296:	b085      	sub	sp, #20
 8040298:	af00      	add	r7, sp, #0
 804029a:	6078      	str	r0, [r7, #4]
 804029c:	687b      	ldr	r3, [r7, #4]
 804029e:	3303      	adds	r3, #3
 80402a0:	f023 0303 	bic.w	r3, r3, #3
 80402a4:	607b      	str	r3, [r7, #4]
 80402a6:	687b      	ldr	r3, [r7, #4]
 80402a8:	3308      	adds	r3, #8
 80402aa:	607b      	str	r3, [r7, #4]
 80402ac:	2300      	movs	r3, #0
 80402ae:	60fb      	str	r3, [r7, #12]
 80402b0:	e035      	b.n	804031e <malloc+0x8a>
 80402b2:	f000 fd75 	bl	8040da0 <__SECURE_log_cond_br_taken_veneer>
 80402b6:	68fb      	ldr	r3, [r7, #12]
 80402b8:	4a20      	ldr	r2, [pc, #128]	; (804033c <malloc+0xa8>)
 80402ba:	4413      	add	r3, r2
 80402bc:	60bb      	str	r3, [r7, #8]
 80402be:	68bb      	ldr	r3, [r7, #8]
 80402c0:	685b      	ldr	r3, [r3, #4]
 80402c2:	2b00      	cmp	r3, #0
 80402c4:	d00e      	beq.n	80402e4 <malloc+0x50>
 80402c6:	f000 fd43 	bl	8040d50 <__SECURE_log_cond_br_not_taken_veneer>
 80402ca:	68bb      	ldr	r3, [r7, #8]
 80402cc:	681a      	ldr	r2, [r3, #0]
 80402ce:	687b      	ldr	r3, [r7, #4]
 80402d0:	429a      	cmp	r2, r3
 80402d2:	d307      	bcc.n	80402e4 <malloc+0x50>
 80402d4:	f000 fd3c 	bl	8040d50 <__SECURE_log_cond_br_not_taken_veneer>
 80402d8:	68bb      	ldr	r3, [r7, #8]
 80402da:	2200      	movs	r2, #0
 80402dc:	605a      	str	r2, [r3, #4]
 80402de:	68bb      	ldr	r3, [r7, #8]
 80402e0:	3308      	adds	r3, #8
 80402e2:	e024      	b.n	804032e <malloc+0x9a>
 80402e4:	f000 fd5c 	bl	8040da0 <__SECURE_log_cond_br_taken_veneer>
 80402e8:	68bb      	ldr	r3, [r7, #8]
 80402ea:	681b      	ldr	r3, [r3, #0]
 80402ec:	2b00      	cmp	r3, #0
 80402ee:	d10f      	bne.n	8040310 <malloc+0x7c>
 80402f0:	f000 fd2e 	bl	8040d50 <__SECURE_log_cond_br_not_taken_veneer>
 80402f4:	68bb      	ldr	r3, [r7, #8]
 80402f6:	687a      	ldr	r2, [r7, #4]
 80402f8:	601a      	str	r2, [r3, #0]
 80402fa:	68bb      	ldr	r3, [r7, #8]
 80402fc:	2200      	movs	r2, #0
 80402fe:	605a      	str	r2, [r3, #4]
 8040300:	68fa      	ldr	r2, [r7, #12]
 8040302:	687b      	ldr	r3, [r7, #4]
 8040304:	4413      	add	r3, r2
 8040306:	4a0e      	ldr	r2, [pc, #56]	; (8040340 <malloc+0xac>)
 8040308:	6013      	str	r3, [r2, #0]
 804030a:	68bb      	ldr	r3, [r7, #8]
 804030c:	3308      	adds	r3, #8
 804030e:	e00e      	b.n	804032e <malloc+0x9a>
 8040310:	f000 fd46 	bl	8040da0 <__SECURE_log_cond_br_taken_veneer>
 8040314:	68bb      	ldr	r3, [r7, #8]
 8040316:	681b      	ldr	r3, [r3, #0]
 8040318:	68fa      	ldr	r2, [r7, #12]
 804031a:	4413      	add	r3, r2
 804031c:	60fb      	str	r3, [r7, #12]
 804031e:	68fb      	ldr	r3, [r7, #12]
 8040320:	3308      	adds	r3, #8
 8040322:	f5b3 6f80 	cmp.w	r3, #1024	; 0x400
 8040326:	d9c4      	bls.n	80402b2 <malloc+0x1e>
 8040328:	f000 fd12 	bl	8040d50 <__SECURE_log_cond_br_not_taken_veneer>
 804032c:	2300      	movs	r3, #0
 804032e:	4618      	mov	r0, r3
 8040330:	3714      	adds	r7, #20
 8040332:	46bd      	mov	sp, r7
 8040334:	e8bd 4080 	ldmia.w	sp!, {r7, lr}
 8040338:	f000 bd3a 	b.w	8040db0 <__SECURE_log_ret_veneer>
 804033c:	20018030 	.word	0x20018030
 8040340:	20018430 	.word	0x20018430

08040344 <free>:
 8040344:	b580      	push	{r7, lr}
 8040346:	b085      	sub	sp, #20
 8040348:	af00      	add	r7, sp, #0
 804034a:	6078      	str	r0, [r7, #4]
 804034c:	687b      	ldr	r3, [r7, #4]
 804034e:	2b00      	cmp	r3, #0
 8040350:	d014      	beq.n	804037c <free+0x38>
 8040352:	f000 fcfd 	bl	8040d50 <__SECURE_log_cond_br_not_taken_veneer>
 8040356:	687b      	ldr	r3, [r7, #4]
 8040358:	4a0c      	ldr	r2, [pc, #48]	; (804038c <free+0x48>)
 804035a:	4293      	cmp	r3, r2
 804035c:	d30e      	bcc.n	804037c <free+0x38>
 804035e:	f000 fcf7 	bl	8040d50 <__SECURE_log_cond_br_not_taken_veneer>
 8040362:	4a0b      	ldr	r2, [pc, #44]	; (8040390 <free+0x4c>)
 8040364:	687b      	ldr	r3, [r7, #4]
 8040366:	4293      	cmp	r3, r2
 8040368:	d208      	bcs.n	804037c <free+0x38>
 804036a:	f000 fcf1 	bl	8040d50 <__SECURE_log_cond_br_not_taken_veneer>
 804036e:	687b      	ldr	r3, [r7, #4]
 8040370:	3b08      	subs	r3, #8
 8040372:	60fb      	str	r3, [r7, #12]
 8040374:	68fb      	ldr	r3, [r7, #12]
 8040376:	2201      	movs	r2, #1
 8040378:	605a      	str	r2, [r3, #4]
 804037a:	e001      	b.n	8040380 <free+0x3c>
 804037c:	f000 fd10 	bl	8040da0 <__SECURE_log_cond_br_taken_veneer>
 8040380:	3714      	adds	r7, #20
 8040382:	46bd      	mov	sp, r7
 8040384:	e8bd 4080 	ldmia.w	sp!, {r7, lr}
 8040388:	f000 bd12 	b.w	8040db0 <__SECURE_log_ret_veneer>
 804038c:	20018030 	.word	0x20018030
 8040390:	20018430 	.word	0x20018430

08040394 <fib>:
 8040394:	b580      	push	{r7, lr}
 8040396:	b089      	sub	sp, #36	; 0x24
 8040398:	af00      	add	r7, sp, #0
 804039a:	6078      	str	r0, [r7, #4]
 804039c:	2301      	movs	r3, #1
 804039e:	61bb      	str	r3, [r7, #24]
 80403a0:	2300      	movs	r3, #0
 80403a2:	617b      	str	r3, [r7, #20]
 80403a4:	2302      	movs	r3, #2
 80403a6:	61fb      	str	r3, [r7, #28]
 80403a8:	e00c      	b.n	80403c4 <fib+0x30>
 80403aa:	f000 fcf9 	bl	8040da0 <__SECURE_log_cond_br_taken_veneer>
 80403ae:	69bb      	ldr	r3, [r7, #24]
 80403b0:	613b      	str	r3, [r7, #16]
 80403b2:	69ba      	ldr	r2, [r7, #24]
 80403b4:	697b      	ldr	r3, [r7, #20]
 80403b6:	4413      	add	r3, r2
 80403b8:	61bb      	str	r3, [r7, #24]
 80403ba:	693b      	ldr	r3, [r7, #16]
 80403bc:	617b      	str	r3, [r7, #20]
 80403be:	69fb      	ldr	r3, [r7, #28]
 80403c0:	3301      	adds	r3, #1
 80403c2:	61fb      	str	r3, [r7, #28]
 80403c4:	69fb      	ldr	r3, [r7, #28]
 80403c6:	2b1e      	cmp	r3, #30
 80403c8:	dc08      	bgt.n	80403dc <fib+0x48>
 80403ca:	f000 fcc1 	bl	8040d50 <__SECURE_log_cond_br_not_taken_veneer>
 80403ce:	69fa      	ldr	r2, [r7, #28]
 80403d0:	687b      	ldr	r3, [r7, #4]
 80403d2:	429a      	cmp	r2, r3
 80403d4:	dde9      	ble.n	80403aa <fib+0x16>
 80403d6:	f000 fcbb 	bl	8040d50 <__SECURE_log_cond_br_not_taken_veneer>
 80403da:	e001      	b.n	80403e0 <fib+0x4c>
 80403dc:	f000 fce0 	bl	8040da0 <__SECURE_log_cond_br_taken_veneer>
 80403e0:	69bb      	ldr	r3, [r7, #24]
 80403e2:	60fb      	str	r3, [r7, #12]
 80403e4:	68fb      	ldr	r3, [r7, #12]
 80403e6:	4618      	mov	r0, r3
 80403e8:	3724      	adds	r7, #36	; 0x24
 80403ea:	46bd      	mov	sp, r7
 80403ec:	e8bd 4080 	ldmia.w	sp!, {r7, lr}
 80403f0:	f000 bcde 	b.w	8040db0 <__SECURE_log_ret_veneer>

080403f4 <verify_benchmark>:
 80403f4:	b580      	push	{r7, lr}
 80403f6:	b085      	sub	sp, #20
 80403f8:	af00      	add	r7, sp, #0
 80403fa:	6078      	str	r0, [r7, #4]
 80403fc:	4b09      	ldr	r3, [pc, #36]	; (8040424 <verify_benchmark+0x30>)
 80403fe:	60fb      	str	r3, [r7, #12]
 8040400:	687a      	ldr	r2, [r7, #4]
 8040402:	68fb      	ldr	r3, [r7, #12]
 8040404:	429a      	cmp	r2, r3
 8040406:	d003      	beq.n	8040410 <verify_benchmark+0x1c>
 8040408:	f000 fca2 	bl	8040d50 <__SECURE_log_cond_br_not_taken_veneer>
 804040c:	2300      	movs	r3, #0
 804040e:	e002      	b.n	8040416 <verify_benchmark+0x22>
 8040410:	f000 fcc6 	bl	8040da0 <__SECURE_log_cond_br_taken_veneer>
 8040414:	2301      	movs	r3, #1
 8040416:	4618      	mov	r0, r3
 8040418:	3714      	adds	r7, #20
 804041a:	46bd      	mov	sp, r7
 804041c:	e8bd 4080 	ldmia.w	sp!, {r7, lr}
 8040420:	f000 bcc6 	b.w	8040db0 <__SECURE_log_ret_veneer>
 8040424:	000cb228 	.word	0x000cb228

08040428 <benchmark>:
 8040428:	b580      	push	{r7, lr}
 804042a:	b086      	sub	sp, #24
 804042c:	af00      	add	r7, sp, #0
 804042e:	2008      	movs	r0, #8
 8040430:	f7ff ff30 	bl	8040294 <malloc>
 8040434:	4603      	mov	r3, r0
 8040436:	617b      	str	r3, [r7, #20]
 8040438:	697b      	ldr	r3, [r7, #20]
 804043a:	4a15      	ldr	r2, [pc, #84]	; (8040490 <benchmark+0x68>)
 804043c:	601a      	str	r2, [r3, #0]
 804043e:	697b      	ldr	r3, [r7, #20]
 8040440:	2200      	movs	r2, #0
 8040442:	605a      	str	r2, [r3, #4]
 8040444:	6978      	ldr	r0, [r7, #20]
 8040446:	bf00      	nop
 8040448:	bf00      	nop
 804044a:	2008      	movs	r0, #8
 804044c:	f7ff ff22 	bl	8040294 <malloc>
 8040450:	4603      	mov	r3, r0
 8040452:	613b      	str	r3, [r7, #16]
 8040454:	4b0f      	ldr	r3, [pc, #60]	; (8040494 <benchmark+0x6c>)
 8040456:	603b      	str	r3, [r7, #0]
 8040458:	4b0f      	ldr	r3, [pc, #60]	; (8040498 <benchmark+0x70>)
 804045a:	607b      	str	r3, [r7, #4]
 804045c:	463b      	mov	r3, r7
 804045e:	2208      	movs	r2, #8
 8040460:	4619      	mov	r1, r3
 8040462:	6938      	ldr	r0, [r7, #16]
 8040464:	f7ff fef4 	bl	8040250 <my_memcpy>
 8040468:	231e      	movs	r3, #30
 804046a:	60fb      	str	r3, [r7, #12]
 804046c:	68f8      	ldr	r0, [r7, #12]
 804046e:	f7ff ff91 	bl	8040394 <fib>
 8040472:	60b8      	str	r0, [r7, #8]
 8040474:	697b      	ldr	r3, [r7, #20]
 8040476:	681b      	ldr	r3, [r3, #0]
 8040478:	469a      	mov	sl, r3
 804047a:	f000 fc89 	bl	8040d90 <__SECURE_log_indr_fwd_veneer>
 804047e:	68bb      	ldr	r3, [r7, #8]
 8040480:	4618      	mov	r0, r3
 8040482:	3718      	adds	r7, #24
 8040484:	46bd      	mov	sp, r7
 8040486:	e8bd 4080 	ldmia.w	sp!, {r7, lr}
 804048a:	f000 bc91 	b.w	8040db0 <__SECURE_log_ret_veneer>
 804048e:	bf00      	nop
 8040490:	08040239 	.word	0x08040239
 8040494:	0804049c 	.word	0x0804049c
 8040498:	12345678 	.word	0x12345678

0804049c <application>:
 804049c:	b580      	push	{r7, lr}
 804049e:	b082      	sub	sp, #8
 80404a0:	af00      	add	r7, sp, #0
 80404a2:	f7ff ffc1 	bl	8040428 <benchmark>
 80404a6:	6078      	str	r0, [r7, #4]
 80404a8:	6878      	ldr	r0, [r7, #4]
 80404aa:	f7ff ffa3 	bl	80403f4 <verify_benchmark>
 80404ae:	4602      	mov	r2, r0
 80404b0:	4b07      	ldr	r3, [pc, #28]	; (80404d0 <application+0x34>)
 80404b2:	601a      	str	r2, [r3, #0]
 80404b4:	4b06      	ldr	r3, [pc, #24]	; (80404d0 <application+0x34>)
 80404b6:	681b      	ldr	r3, [r3, #0]
 80404b8:	4618      	mov	r0, r3
 80404ba:	f000 fc41 	bl	8040d40 <__SECURE_record_output_data_veneer>
 80404be:	f000 fc3f 	bl	8040d40 <__SECURE_record_output_data_veneer>
 80404c2:	3708      	adds	r7, #8
 80404c4:	46bd      	mov	sp, r7
 80404c6:	e8bd 4080 	ldmia.w	sp!, {r7, lr}
 80404ca:	f000 bc71 	b.w	8040db0 <__SECURE_log_ret_veneer>
 80404ce:	bf00      	nop
 80404d0:	20018438 	.word	0x20018438

080404d4 <MX_GPIO_Init>:
 80404d4:	b580      	push	{r7, lr}
 80404d6:	b088      	sub	sp, #32
 80404d8:	af00      	add	r7, sp, #0
 80404da:	f107 030c 	add.w	r3, r7, #12
 80404de:	2200      	movs	r2, #0
 80404e0:	601a      	str	r2, [r3, #0]
 80404e2:	605a      	str	r2, [r3, #4]
 80404e4:	609a      	str	r2, [r3, #8]
 80404e6:	60da      	str	r2, [r3, #12]
 80404e8:	611a      	str	r2, [r3, #16]
 80404ea:	4b28      	ldr	r3, [pc, #160]	; (804058c <MX_GPIO_Init+0xb8>)
 80404ec:	6cdb      	ldr	r3, [r3, #76]	; 0x4c
 80404ee:	4a27      	ldr	r2, [pc, #156]	; (804058c <MX_GPIO_Init+0xb8>)
 80404f0:	f043 0304 	orr.w	r3, r3, #4
 80404f4:	64d3      	str	r3, [r2, #76]	; 0x4c
 80404f6:	4b25      	ldr	r3, [pc, #148]	; (804058c <MX_GPIO_Init+0xb8>)
 80404f8:	6cdb      	ldr	r3, [r3, #76]	; 0x4c
 80404fa:	f003 0304 	and.w	r3, r3, #4
 80404fe:	60bb      	str	r3, [r7, #8]
 8040500:	68bb      	ldr	r3, [r7, #8]
 8040502:	4b22      	ldr	r3, [pc, #136]	; (804058c <MX_GPIO_Init+0xb8>)
 8040504:	6cdb      	ldr	r3, [r3, #76]	; 0x4c
 8040506:	4a21      	ldr	r2, [pc, #132]	; (804058c <MX_GPIO_Init+0xb8>)
 8040508:	f043 0301 	orr.w	r3, r3, #1
 804050c:	64d3      	str	r3, [r2, #76]	; 0x4c
 804050e:	4b1f      	ldr	r3, [pc, #124]	; (804058c <MX_GPIO_Init+0xb8>)
 8040510:	6cdb      	ldr	r3, [r3, #76]	; 0x4c
 8040512:	f003 0301 	and.w	r3, r3, #1
 8040516:	607b      	str	r3, [r7, #4]
 8040518:	687b      	ldr	r3, [r7, #4]
 804051a:	2200      	movs	r2, #0
 804051c:	2180      	movs	r1, #128	; 0x80
 804051e:	481c      	ldr	r0, [pc, #112]	; (8040590 <MX_GPIO_Init+0xbc>)
 8040520:	f000 fbc6 	bl	8040cb0 <HAL_GPIO_WritePin>
 8040524:	2200      	movs	r2, #0
 8040526:	f44f 7100 	mov.w	r1, #512	; 0x200
 804052a:	481a      	ldr	r0, [pc, #104]	; (8040594 <MX_GPIO_Init+0xc0>)
 804052c:	f000 fbc0 	bl	8040cb0 <HAL_GPIO_WritePin>
 8040530:	f44f 5300 	mov.w	r3, #8192	; 0x2000
 8040534:	60fb      	str	r3, [r7, #12]
 8040536:	2300      	movs	r3, #0
 8040538:	613b      	str	r3, [r7, #16]
 804053a:	2300      	movs	r3, #0
 804053c:	617b      	str	r3, [r7, #20]
 804053e:	f107 030c 	add.w	r3, r7, #12
 8040542:	4619      	mov	r1, r3
 8040544:	4812      	ldr	r0, [pc, #72]	; (8040590 <MX_GPIO_Init+0xbc>)
 8040546:	f000 fa33 	bl	80409b0 <HAL_GPIO_Init>
 804054a:	2380      	movs	r3, #128	; 0x80
 804054c:	60fb      	str	r3, [r7, #12]
 804054e:	2301      	movs	r3, #1
 8040550:	613b      	str	r3, [r7, #16]
 8040552:	2300      	movs	r3, #0
 8040554:	617b      	str	r3, [r7, #20]
 8040556:	2300      	movs	r3, #0
 8040558:	61bb      	str	r3, [r7, #24]
 804055a:	f107 030c 	add.w	r3, r7, #12
 804055e:	4619      	mov	r1, r3
 8040560:	480b      	ldr	r0, [pc, #44]	; (8040590 <MX_GPIO_Init+0xbc>)
 8040562:	f000 fa25 	bl	80409b0 <HAL_GPIO_Init>
 8040566:	f44f 7300 	mov.w	r3, #512	; 0x200
 804056a:	60fb      	str	r3, [r7, #12]
 804056c:	2301      	movs	r3, #1
 804056e:	613b      	str	r3, [r7, #16]
 8040570:	2300      	movs	r3, #0
 8040572:	617b      	str	r3, [r7, #20]
 8040574:	2300      	movs	r3, #0
 8040576:	61bb      	str	r3, [r7, #24]
 8040578:	f107 030c 	add.w	r3, r7, #12
 804057c:	4619      	mov	r1, r3
 804057e:	4805      	ldr	r0, [pc, #20]	; (8040594 <MX_GPIO_Init+0xc0>)
 8040580:	f000 fa16 	bl	80409b0 <HAL_GPIO_Init>
 8040584:	bf00      	nop
 8040586:	3720      	adds	r7, #32
 8040588:	46bd      	mov	sp, r7
 804058a:	bd80      	pop	{r7, pc}
 804058c:	40021000 	.word	0x40021000
 8040590:	42020800 	.word	0x42020800
 8040594:	42020000 	.word	0x42020000

08040598 <SecureFault_Callback>:
 8040598:	b580      	push	{r7, lr}
 804059a:	af00      	add	r7, sp, #0
 804059c:	2201      	movs	r2, #1
 804059e:	f44f 7100 	mov.w	r1, #512	; 0x200
 80405a2:	4803      	ldr	r0, [pc, #12]	; (80405b0 <SecureFault_Callback+0x18>)
 80405a4:	f000 fb84 	bl	8040cb0 <HAL_GPIO_WritePin>
 80405a8:	f000 f82e 	bl	8040608 <Error_Handler>
 80405ac:	bf00      	nop
 80405ae:	bd80      	pop	{r7, pc}
 80405b0:	42020000 	.word	0x42020000

080405b4 <SecureError_Callback>:
 80405b4:	b580      	push	{r7, lr}
 80405b6:	af00      	add	r7, sp, #0
 80405b8:	2201      	movs	r2, #1
 80405ba:	f44f 7100 	mov.w	r1, #512	; 0x200
 80405be:	4803      	ldr	r0, [pc, #12]	; (80405cc <SecureError_Callback+0x18>)
 80405c0:	f000 fb76 	bl	8040cb0 <HAL_GPIO_WritePin>
 80405c4:	f000 f820 	bl	8040608 <Error_Handler>
 80405c8:	bf00      	nop
 80405ca:	bd80      	pop	{r7, pc}
 80405cc:	42020000 	.word	0x42020000

080405d0 <main>:
 80405d0:	b580      	push	{r7, lr}
 80405d2:	af00      	add	r7, sp, #0
 80405d4:	f000 f89d 	bl	8040712 <HAL_Init>
 80405d8:	f7ff ff7c 	bl	80404d4 <MX_GPIO_Init>
 80405dc:	4907      	ldr	r1, [pc, #28]	; (80405fc <main+0x2c>)
 80405de:	2000      	movs	r0, #0
 80405e0:	f000 fbce 	bl	8040d80 <__SECURE_RegisterCallback_veneer>
 80405e4:	4906      	ldr	r1, [pc, #24]	; (8040600 <main+0x30>)
 80405e6:	2001      	movs	r0, #1
 80405e8:	f000 fbca 	bl	8040d80 <__SECURE_RegisterCallback_veneer>
 80405ec:	4905      	ldr	r1, [pc, #20]	; (8040604 <main+0x34>)
 80405ee:	2002      	movs	r0, #2
 80405f0:	f000 fbc6 	bl	8040d80 <__SECURE_RegisterCallback_veneer>
 80405f4:	f000 fbbc 	bl	8040d70 <__SECURE_run_attestation_wait_mode_veneer>
 80405f8:	e7fc      	b.n	80405f4 <main+0x24>
 80405fa:	bf00      	nop
 80405fc:	08040599 	.word	0x08040599
 8040600:	080405b5 	.word	0x080405b5
 8040604:	0804049d 	.word	0x0804049d

08040608 <Error_Handler>:
 8040608:	b580      	push	{r7, lr}
 804060a:	af00      	add	r7, sp, #0
 804060c:	b672      	cpsid	i
 804060e:	bf00      	nop
 8040610:	4b01      	ldr	r3, [pc, #4]	; (8040618 <Error_Handler+0x10>)
 8040612:	681b      	ldr	r3, [r3, #0]
 8040614:	4798      	blx	r3
 8040616:	e7fe      	b.n	8040616 <Error_Handler+0xe>
 8040618:	20018000 	.word	0x20018000

0804061c <HAL_MspInit>:
 804061c:	b480      	push	{r7}
 804061e:	b083      	sub	sp, #12
 8040620:	af00      	add	r7, sp, #0
 8040622:	4b0f      	ldr	r3, [pc, #60]	; (8040660 <HAL_MspInit+0x44>)
 8040624:	6e1b      	ldr	r3, [r3, #96]	; 0x60
 8040626:	4a0e      	ldr	r2, [pc, #56]	; (8040660 <HAL_MspInit+0x44>)
 8040628:	f043 0301 	orr.w	r3, r3, #1
 804062c:	6613      	str	r3, [r2, #96]	; 0x60
 804062e:	4b0c      	ldr	r3, [pc, #48]	; (8040660 <HAL_MspInit+0x44>)
 8040630:	6e1b      	ldr	r3, [r3, #96]	; 0x60
 8040632:	f003 0301 	and.w	r3, r3, #1
 8040636:	607b      	str	r3, [r7, #4]
 8040638:	687b      	ldr	r3, [r7, #4]
 804063a:	4b09      	ldr	r3, [pc, #36]	; (8040660 <HAL_MspInit+0x44>)
 804063c:	6d9b      	ldr	r3, [r3, #88]	; 0x58
 804063e:	4a08      	ldr	r2, [pc, #32]	; (8040660 <HAL_MspInit+0x44>)
 8040640:	f043 5380 	orr.w	r3, r3, #268435456	; 0x10000000
 8040644:	6593      	str	r3, [r2, #88]	; 0x58
 8040646:	4b06      	ldr	r3, [pc, #24]	; (8040660 <HAL_MspInit+0x44>)
 8040648:	6d9b      	ldr	r3, [r3, #88]	; 0x58
 804064a:	f003 5380 	and.w	r3, r3, #268435456	; 0x10000000
 804064e:	603b      	str	r3, [r7, #0]
 8040650:	683b      	ldr	r3, [r7, #0]
 8040652:	bf00      	nop
 8040654:	370c      	adds	r7, #12
 8040656:	46bd      	mov	sp, r7
 8040658:	f85d 7b04 	ldr.w	r7, [sp], #4
 804065c:	4770      	bx	lr
 804065e:	bf00      	nop
 8040660:	40021000 	.word	0x40021000

08040664 <MemManage_Handler>:
 8040664:	b480      	push	{r7}
 8040666:	af00      	add	r7, sp, #0
 8040668:	e7fe      	b.n	8040668 <MemManage_Handler+0x4>

0804066a <UsageFault_Handler>:
 804066a:	b480      	push	{r7}
 804066c:	af00      	add	r7, sp, #0
 804066e:	e7fe      	b.n	804066e <UsageFault_Handler+0x4>

08040670 <SVC_Handler>:
 8040670:	b480      	push	{r7}
 8040672:	af00      	add	r7, sp, #0
 8040674:	bf00      	nop
 8040676:	46bd      	mov	sp, r7
 8040678:	f85d 7b04 	ldr.w	r7, [sp], #4
 804067c:	4770      	bx	lr

0804067e <PendSV_Handler>:
 804067e:	b480      	push	{r7}
 8040680:	af00      	add	r7, sp, #0
 8040682:	bf00      	nop
 8040684:	46bd      	mov	sp, r7
 8040686:	f85d 7b04 	ldr.w	r7, [sp], #4
 804068a:	4770      	bx	lr

0804068c <SysTick_Handler>:
 804068c:	b580      	push	{r7, lr}
 804068e:	af00      	add	r7, sp, #0
 8040690:	f000 f896 	bl	80407c0 <HAL_IncTick>
 8040694:	bf00      	nop
 8040696:	bd80      	pop	{r7, pc}

08040698 <SystemInit>:
 8040698:	b480      	push	{r7}
 804069a:	af00      	add	r7, sp, #0
 804069c:	bf00      	nop
 804069e:	46bd      	mov	sp, r7
 80406a0:	f85d 7b04 	ldr.w	r7, [sp], #4
 80406a4:	4770      	bx	lr
	...

080406a8 <SystemCoreClockUpdate>:
 80406a8:	b580      	push	{r7, lr}
 80406aa:	af00      	add	r7, sp, #0
 80406ac:	f000 fb58 	bl	8040d60 <__SECURE_SystemCoreClockUpdate_veneer>
 80406b0:	4603      	mov	r3, r0
 80406b2:	4a02      	ldr	r2, [pc, #8]	; (80406bc <SystemCoreClockUpdate+0x14>)
 80406b4:	6013      	str	r3, [r2, #0]
 80406b6:	bf00      	nop
 80406b8:	bd80      	pop	{r7, pc}
 80406ba:	bf00      	nop
 80406bc:	20018004 	.word	0x20018004

080406c0 <Reset_Handler>:
 80406c0:	f8df d034 	ldr.w	sp, [pc, #52]	; 80406f8 <LoopForever+0x2>
 80406c4:	f7ff ffe8 	bl	8040698 <SystemInit>
 80406c8:	2100      	movs	r1, #0
 80406ca:	e003      	b.n	80406d4 <LoopCopyDataInit>

080406cc <CopyDataInit>:
 80406cc:	4b0b      	ldr	r3, [pc, #44]	; (80406fc <LoopForever+0x6>)
 80406ce:	585b      	ldr	r3, [r3, r1]
 80406d0:	5043      	str	r3, [r0, r1]
 80406d2:	3104      	adds	r1, #4

080406d4 <LoopCopyDataInit>:
 80406d4:	480a      	ldr	r0, [pc, #40]	; (8040700 <LoopForever+0xa>)
 80406d6:	4b0b      	ldr	r3, [pc, #44]	; (8040704 <LoopForever+0xe>)
 80406d8:	1842      	adds	r2, r0, r1
 80406da:	429a      	cmp	r2, r3
 80406dc:	d3f6      	bcc.n	80406cc <CopyDataInit>
 80406de:	4a0a      	ldr	r2, [pc, #40]	; (8040708 <LoopForever+0x12>)
 80406e0:	e002      	b.n	80406e8 <LoopFillZerobss>

080406e2 <FillZerobss>:
 80406e2:	2300      	movs	r3, #0
 80406e4:	f842 3b04 	str.w	r3, [r2], #4

080406e8 <LoopFillZerobss>:
 80406e8:	4b08      	ldr	r3, [pc, #32]	; (804070c <LoopForever+0x16>)
 80406ea:	429a      	cmp	r2, r3
 80406ec:	d3f9      	bcc.n	80406e2 <FillZerobss>
 80406ee:	f000 faf7 	bl	8040ce0 <__libc_init_array>
 80406f2:	f7ff ff6d 	bl	80405d0 <main>

080406f6 <LoopForever>:
 80406f6:	e7fe      	b.n	80406f6 <LoopForever>
 80406f8:	20040000 	.word	0x20040000
 80406fc:	08040dc8 	.word	0x08040dc8
 8040700:	20018000 	.word	0x20018000
 8040704:	20018010 	.word	0x20018010
 8040708:	20018010 	.word	0x20018010
 804070c:	2001843c 	.word	0x2001843c

08040710 <ADC1_2_IRQHandler>:
 8040710:	e7fe      	b.n	8040710 <ADC1_2_IRQHandler>

08040712 <HAL_Init>:
 8040712:	b580      	push	{r7, lr}
 8040714:	b082      	sub	sp, #8
 8040716:	af00      	add	r7, sp, #0
 8040718:	2300      	movs	r3, #0
 804071a:	71fb      	strb	r3, [r7, #7]
 804071c:	2004      	movs	r0, #4
 804071e:	f000 f915 	bl	804094c <HAL_NVIC_SetPriorityGrouping>
 8040722:	f7ff ffc1 	bl	80406a8 <SystemCoreClockUpdate>
 8040726:	2007      	movs	r0, #7
 8040728:	f000 f80e 	bl	8040748 <HAL_InitTick>
 804072c:	4603      	mov	r3, r0
 804072e:	2b00      	cmp	r3, #0
 8040730:	d002      	beq.n	8040738 <HAL_Init+0x26>
 8040732:	2301      	movs	r3, #1
 8040734:	71fb      	strb	r3, [r7, #7]
 8040736:	e001      	b.n	804073c <HAL_Init+0x2a>
 8040738:	f7ff ff70 	bl	804061c <HAL_MspInit>
 804073c:	79fb      	ldrb	r3, [r7, #7]
 804073e:	4618      	mov	r0, r3
 8040740:	3708      	adds	r7, #8
 8040742:	46bd      	mov	sp, r7
 8040744:	bd80      	pop	{r7, pc}
	...

08040748 <HAL_InitTick>:
 8040748:	b580      	push	{r7, lr}
 804074a:	b084      	sub	sp, #16
 804074c:	af00      	add	r7, sp, #0
 804074e:	6078      	str	r0, [r7, #4]
 8040750:	2300      	movs	r3, #0
 8040752:	73fb      	strb	r3, [r7, #15]
 8040754:	4b17      	ldr	r3, [pc, #92]	; (80407b4 <HAL_InitTick+0x6c>)
 8040756:	781b      	ldrb	r3, [r3, #0]
 8040758:	2b00      	cmp	r3, #0
 804075a:	d023      	beq.n	80407a4 <HAL_InitTick+0x5c>
 804075c:	4b16      	ldr	r3, [pc, #88]	; (80407b8 <HAL_InitTick+0x70>)
 804075e:	681a      	ldr	r2, [r3, #0]
 8040760:	4b14      	ldr	r3, [pc, #80]	; (80407b4 <HAL_InitTick+0x6c>)
 8040762:	781b      	ldrb	r3, [r3, #0]
 8040764:	4619      	mov	r1, r3
 8040766:	f44f 737a 	mov.w	r3, #1000	; 0x3e8
 804076a:	fbb3 f3f1 	udiv	r3, r3, r1
 804076e:	fbb2 f3f3 	udiv	r3, r2, r3
 8040772:	4618      	mov	r0, r3
 8040774:	f000 f90f 	bl	8040996 <HAL_SYSTICK_Config>
 8040778:	4603      	mov	r3, r0
 804077a:	2b00      	cmp	r3, #0
 804077c:	d10f      	bne.n	804079e <HAL_InitTick+0x56>
 804077e:	687b      	ldr	r3, [r7, #4]
 8040780:	2b07      	cmp	r3, #7
 8040782:	d809      	bhi.n	8040798 <HAL_InitTick+0x50>
 8040784:	2200      	movs	r2, #0
 8040786:	6879      	ldr	r1, [r7, #4]
 8040788:	f04f 30ff 	mov.w	r0, #4294967295	; 0xffffffff
 804078c:	f000 f8e9 	bl	8040962 <HAL_NVIC_SetPriority>
 8040790:	4a0a      	ldr	r2, [pc, #40]	; (80407bc <HAL_InitTick+0x74>)
 8040792:	687b      	ldr	r3, [r7, #4]
 8040794:	6013      	str	r3, [r2, #0]
 8040796:	e007      	b.n	80407a8 <HAL_InitTick+0x60>
 8040798:	2301      	movs	r3, #1
 804079a:	73fb      	strb	r3, [r7, #15]
 804079c:	e004      	b.n	80407a8 <HAL_InitTick+0x60>
 804079e:	2301      	movs	r3, #1
 80407a0:	73fb      	strb	r3, [r7, #15]
 80407a2:	e001      	b.n	80407a8 <HAL_InitTick+0x60>
 80407a4:	2301      	movs	r3, #1
 80407a6:	73fb      	strb	r3, [r7, #15]
 80407a8:	7bfb      	ldrb	r3, [r7, #15]
 80407aa:	4618      	mov	r0, r3
 80407ac:	3710      	adds	r7, #16
 80407ae:	46bd      	mov	sp, r7
 80407b0:	bd80      	pop	{r7, pc}
 80407b2:	bf00      	nop
 80407b4:	2001800c 	.word	0x2001800c
 80407b8:	20018004 	.word	0x20018004
 80407bc:	20018008 	.word	0x20018008

080407c0 <HAL_IncTick>:
 80407c0:	b480      	push	{r7}
 80407c2:	af00      	add	r7, sp, #0
 80407c4:	4b06      	ldr	r3, [pc, #24]	; (80407e0 <HAL_IncTick+0x20>)
 80407c6:	781b      	ldrb	r3, [r3, #0]
 80407c8:	461a      	mov	r2, r3
 80407ca:	4b06      	ldr	r3, [pc, #24]	; (80407e4 <HAL_IncTick+0x24>)
 80407cc:	681b      	ldr	r3, [r3, #0]
 80407ce:	4413      	add	r3, r2
 80407d0:	4a04      	ldr	r2, [pc, #16]	; (80407e4 <HAL_IncTick+0x24>)
 80407d2:	6013      	str	r3, [r2, #0]
 80407d4:	bf00      	nop
 80407d6:	46bd      	mov	sp, r7
 80407d8:	f85d 7b04 	ldr.w	r7, [sp], #4
 80407dc:	4770      	bx	lr
 80407de:	bf00      	nop
 80407e0:	2001800c 	.word	0x2001800c
 80407e4:	20018434 	.word	0x20018434

080407e8 <__NVIC_SetPriorityGrouping>:
 80407e8:	b480      	push	{r7}
 80407ea:	b085      	sub	sp, #20
 80407ec:	af00      	add	r7, sp, #0
 80407ee:	6078      	str	r0, [r7, #4]
 80407f0:	687b      	ldr	r3, [r7, #4]
 80407f2:	f003 0307 	and.w	r3, r3, #7
 80407f6:	60fb      	str	r3, [r7, #12]
 80407f8:	4b0c      	ldr	r3, [pc, #48]	; (804082c <__NVIC_SetPriorityGrouping+0x44>)
 80407fa:	68db      	ldr	r3, [r3, #12]
 80407fc:	60bb      	str	r3, [r7, #8]
 80407fe:	68ba      	ldr	r2, [r7, #8]
 8040800:	f64f 03ff 	movw	r3, #63743	; 0xf8ff
 8040804:	4013      	ands	r3, r2
 8040806:	60bb      	str	r3, [r7, #8]
 8040808:	68fb      	ldr	r3, [r7, #12]
 804080a:	021a      	lsls	r2, r3, #8
 804080c:	68bb      	ldr	r3, [r7, #8]
 804080e:	4313      	orrs	r3, r2
 8040810:	f043 63bf 	orr.w	r3, r3, #100139008	; 0x5f80000
 8040814:	f443 3300 	orr.w	r3, r3, #131072	; 0x20000
 8040818:	60bb      	str	r3, [r7, #8]
 804081a:	4a04      	ldr	r2, [pc, #16]	; (804082c <__NVIC_SetPriorityGrouping+0x44>)
 804081c:	68bb      	ldr	r3, [r7, #8]
 804081e:	60d3      	str	r3, [r2, #12]
 8040820:	bf00      	nop
 8040822:	3714      	adds	r7, #20
 8040824:	46bd      	mov	sp, r7
 8040826:	f85d 7b04 	ldr.w	r7, [sp], #4
 804082a:	4770      	bx	lr
 804082c:	e000ed00 	.word	0xe000ed00

08040830 <__NVIC_GetPriorityGrouping>:
 8040830:	b480      	push	{r7}
 8040832:	af00      	add	r7, sp, #0
 8040834:	4b04      	ldr	r3, [pc, #16]	; (8040848 <__NVIC_GetPriorityGrouping+0x18>)
 8040836:	68db      	ldr	r3, [r3, #12]
 8040838:	0a1b      	lsrs	r3, r3, #8
 804083a:	f003 0307 	and.w	r3, r3, #7
 804083e:	4618      	mov	r0, r3
 8040840:	46bd      	mov	sp, r7
 8040842:	f85d 7b04 	ldr.w	r7, [sp], #4
 8040846:	4770      	bx	lr
 8040848:	e000ed00 	.word	0xe000ed00

0804084c <__NVIC_SetPriority>:
 804084c:	b480      	push	{r7}
 804084e:	b083      	sub	sp, #12
 8040850:	af00      	add	r7, sp, #0
 8040852:	4603      	mov	r3, r0
 8040854:	6039      	str	r1, [r7, #0]
 8040856:	71fb      	strb	r3, [r7, #7]
 8040858:	f997 3007 	ldrsb.w	r3, [r7, #7]
 804085c:	2b00      	cmp	r3, #0
 804085e:	db0a      	blt.n	8040876 <__NVIC_SetPriority+0x2a>
 8040860:	683b      	ldr	r3, [r7, #0]
 8040862:	b2da      	uxtb	r2, r3
 8040864:	490c      	ldr	r1, [pc, #48]	; (8040898 <__NVIC_SetPriority+0x4c>)
 8040866:	f997 3007 	ldrsb.w	r3, [r7, #7]
 804086a:	0152      	lsls	r2, r2, #5
 804086c:	b2d2      	uxtb	r2, r2
 804086e:	440b      	add	r3, r1
 8040870:	f883 2300 	strb.w	r2, [r3, #768]	; 0x300
 8040874:	e00a      	b.n	804088c <__NVIC_SetPriority+0x40>
 8040876:	683b      	ldr	r3, [r7, #0]
 8040878:	b2da      	uxtb	r2, r3
 804087a:	4908      	ldr	r1, [pc, #32]	; (804089c <__NVIC_SetPriority+0x50>)
 804087c:	79fb      	ldrb	r3, [r7, #7]
 804087e:	f003 030f 	and.w	r3, r3, #15
 8040882:	3b04      	subs	r3, #4
 8040884:	0152      	lsls	r2, r2, #5
 8040886:	b2d2      	uxtb	r2, r2
 8040888:	440b      	add	r3, r1
 804088a:	761a      	strb	r2, [r3, #24]
 804088c:	bf00      	nop
 804088e:	370c      	adds	r7, #12
 8040890:	46bd      	mov	sp, r7
 8040892:	f85d 7b04 	ldr.w	r7, [sp], #4
 8040896:	4770      	bx	lr
 8040898:	e000e100 	.word	0xe000e100
 804089c:	e000ed00 	.word	0xe000ed00

080408a0 <NVIC_EncodePriority>:
 80408a0:	b480      	push	{r7}
 80408a2:	b089      	sub	sp, #36	; 0x24
 80408a4:	af00      	add	r7, sp, #0
 80408a6:	60f8      	str	r0, [r7, #12]
 80408a8:	60b9      	str	r1, [r7, #8]
 80408aa:	607a      	str	r2, [r7, #4]
 80408ac:	68fb      	ldr	r3, [r7, #12]
 80408ae:	f003 0307 	and.w	r3, r3, #7
 80408b2:	61fb      	str	r3, [r7, #28]
 80408b4:	69fb      	ldr	r3, [r7, #28]
 80408b6:	f1c3 0307 	rsb	r3, r3, #7
 80408ba:	2b03      	cmp	r3, #3
 80408bc:	bf28      	it	cs
 80408be:	2303      	movcs	r3, #3
 80408c0:	61bb      	str	r3, [r7, #24]
 80408c2:	69fb      	ldr	r3, [r7, #28]
 80408c4:	3303      	adds	r3, #3
 80408c6:	2b06      	cmp	r3, #6
 80408c8:	d902      	bls.n	80408d0 <NVIC_EncodePriority+0x30>
 80408ca:	69fb      	ldr	r3, [r7, #28]
 80408cc:	3b04      	subs	r3, #4
 80408ce:	e000      	b.n	80408d2 <NVIC_EncodePriority+0x32>
 80408d0:	2300      	movs	r3, #0
 80408d2:	617b      	str	r3, [r7, #20]
 80408d4:	f04f 32ff 	mov.w	r2, #4294967295	; 0xffffffff
 80408d8:	69bb      	ldr	r3, [r7, #24]
 80408da:	fa02 f303 	lsl.w	r3, r2, r3
 80408de:	43da      	mvns	r2, r3
 80408e0:	68bb      	ldr	r3, [r7, #8]
 80408e2:	401a      	ands	r2, r3
 80408e4:	697b      	ldr	r3, [r7, #20]
 80408e6:	409a      	lsls	r2, r3
 80408e8:	f04f 31ff 	mov.w	r1, #4294967295	; 0xffffffff
 80408ec:	697b      	ldr	r3, [r7, #20]
 80408ee:	fa01 f303 	lsl.w	r3, r1, r3
 80408f2:	43d9      	mvns	r1, r3
 80408f4:	687b      	ldr	r3, [r7, #4]
 80408f6:	400b      	ands	r3, r1
 80408f8:	4313      	orrs	r3, r2
 80408fa:	4618      	mov	r0, r3
 80408fc:	3724      	adds	r7, #36	; 0x24
 80408fe:	46bd      	mov	sp, r7
 8040900:	f85d 7b04 	ldr.w	r7, [sp], #4
 8040904:	4770      	bx	lr
	...

08040908 <SysTick_Config>:
 8040908:	b580      	push	{r7, lr}
 804090a:	b082      	sub	sp, #8
 804090c:	af00      	add	r7, sp, #0
 804090e:	6078      	str	r0, [r7, #4]
 8040910:	687b      	ldr	r3, [r7, #4]
 8040912:	3b01      	subs	r3, #1
 8040914:	f1b3 7f80 	cmp.w	r3, #16777216	; 0x1000000
 8040918:	d301      	bcc.n	804091e <SysTick_Config+0x16>
 804091a:	2301      	movs	r3, #1
 804091c:	e00f      	b.n	804093e <SysTick_Config+0x36>
 804091e:	4a0a      	ldr	r2, [pc, #40]	; (8040948 <SysTick_Config+0x40>)
 8040920:	687b      	ldr	r3, [r7, #4]
 8040922:	3b01      	subs	r3, #1
 8040924:	6053      	str	r3, [r2, #4]
 8040926:	2107      	movs	r1, #7
 8040928:	f04f 30ff 	mov.w	r0, #4294967295	; 0xffffffff
 804092c:	f7ff ff8e 	bl	804084c <__NVIC_SetPriority>
 8040930:	4b05      	ldr	r3, [pc, #20]	; (8040948 <SysTick_Config+0x40>)
 8040932:	2200      	movs	r2, #0
 8040934:	609a      	str	r2, [r3, #8]
 8040936:	4b04      	ldr	r3, [pc, #16]	; (8040948 <SysTick_Config+0x40>)
 8040938:	2207      	movs	r2, #7
 804093a:	601a      	str	r2, [r3, #0]
 804093c:	2300      	movs	r3, #0
 804093e:	4618      	mov	r0, r3
 8040940:	3708      	adds	r7, #8
 8040942:	46bd      	mov	sp, r7
 8040944:	bd80      	pop	{r7, pc}
 8040946:	bf00      	nop
 8040948:	e000e010 	.word	0xe000e010

0804094c <HAL_NVIC_SetPriorityGrouping>:
 804094c:	b580      	push	{r7, lr}
 804094e:	b082      	sub	sp, #8
 8040950:	af00      	add	r7, sp, #0
 8040952:	6078      	str	r0, [r7, #4]
 8040954:	6878      	ldr	r0, [r7, #4]
 8040956:	f7ff ff47 	bl	80407e8 <__NVIC_SetPriorityGrouping>
 804095a:	bf00      	nop
 804095c:	3708      	adds	r7, #8
 804095e:	46bd      	mov	sp, r7
 8040960:	bd80      	pop	{r7, pc}

08040962 <HAL_NVIC_SetPriority>:
 8040962:	b580      	push	{r7, lr}
 8040964:	b086      	sub	sp, #24
 8040966:	af00      	add	r7, sp, #0
 8040968:	4603      	mov	r3, r0
 804096a:	60b9      	str	r1, [r7, #8]
 804096c:	607a      	str	r2, [r7, #4]
 804096e:	73fb      	strb	r3, [r7, #15]
 8040970:	f7ff ff5e 	bl	8040830 <__NVIC_GetPriorityGrouping>
 8040974:	6178      	str	r0, [r7, #20]
 8040976:	687a      	ldr	r2, [r7, #4]
 8040978:	68b9      	ldr	r1, [r7, #8]
 804097a:	6978      	ldr	r0, [r7, #20]
 804097c:	f7ff ff90 	bl	80408a0 <NVIC_EncodePriority>
 8040980:	4602      	mov	r2, r0
 8040982:	f997 300f 	ldrsb.w	r3, [r7, #15]
 8040986:	4611      	mov	r1, r2
 8040988:	4618      	mov	r0, r3
 804098a:	f7ff ff5f 	bl	804084c <__NVIC_SetPriority>
 804098e:	bf00      	nop
 8040990:	3718      	adds	r7, #24
 8040992:	46bd      	mov	sp, r7
 8040994:	bd80      	pop	{r7, pc}

08040996 <HAL_SYSTICK_Config>:
 8040996:	b580      	push	{r7, lr}
 8040998:	b082      	sub	sp, #8
 804099a:	af00      	add	r7, sp, #0
 804099c:	6078      	str	r0, [r7, #4]
 804099e:	6878      	ldr	r0, [r7, #4]
 80409a0:	f7ff ffb2 	bl	8040908 <SysTick_Config>
 80409a4:	4603      	mov	r3, r0
 80409a6:	4618      	mov	r0, r3
 80409a8:	3708      	adds	r7, #8
 80409aa:	46bd      	mov	sp, r7
 80409ac:	bd80      	pop	{r7, pc}
	...

080409b0 <HAL_GPIO_Init>:
 80409b0:	b480      	push	{r7}
 80409b2:	b087      	sub	sp, #28
 80409b4:	af00      	add	r7, sp, #0
 80409b6:	6078      	str	r0, [r7, #4]
 80409b8:	6039      	str	r1, [r7, #0]
 80409ba:	2300      	movs	r3, #0
 80409bc:	617b      	str	r3, [r7, #20]
 80409be:	e158      	b.n	8040c72 <HAL_GPIO_Init+0x2c2>
 80409c0:	683b      	ldr	r3, [r7, #0]
 80409c2:	681a      	ldr	r2, [r3, #0]
 80409c4:	2101      	movs	r1, #1
 80409c6:	697b      	ldr	r3, [r7, #20]
 80409c8:	fa01 f303 	lsl.w	r3, r1, r3
 80409cc:	4013      	ands	r3, r2
 80409ce:	60fb      	str	r3, [r7, #12]
 80409d0:	68fb      	ldr	r3, [r7, #12]
 80409d2:	2b00      	cmp	r3, #0
 80409d4:	f000 814a 	beq.w	8040c6c <HAL_GPIO_Init+0x2bc>
 80409d8:	683b      	ldr	r3, [r7, #0]
 80409da:	685b      	ldr	r3, [r3, #4]
 80409dc:	2b01      	cmp	r3, #1
 80409de:	d00b      	beq.n	80409f8 <HAL_GPIO_Init+0x48>
 80409e0:	683b      	ldr	r3, [r7, #0]
 80409e2:	685b      	ldr	r3, [r3, #4]
 80409e4:	2b02      	cmp	r3, #2
 80409e6:	d007      	beq.n	80409f8 <HAL_GPIO_Init+0x48>
 80409e8:	683b      	ldr	r3, [r7, #0]
 80409ea:	685b      	ldr	r3, [r3, #4]
 80409ec:	2b11      	cmp	r3, #17
 80409ee:	d003      	beq.n	80409f8 <HAL_GPIO_Init+0x48>
 80409f0:	683b      	ldr	r3, [r7, #0]
 80409f2:	685b      	ldr	r3, [r3, #4]
 80409f4:	2b12      	cmp	r3, #18
 80409f6:	d130      	bne.n	8040a5a <HAL_GPIO_Init+0xaa>
 80409f8:	687b      	ldr	r3, [r7, #4]
 80409fa:	689b      	ldr	r3, [r3, #8]
 80409fc:	613b      	str	r3, [r7, #16]
 80409fe:	697b      	ldr	r3, [r7, #20]
 8040a00:	005b      	lsls	r3, r3, #1
 8040a02:	2203      	movs	r2, #3
 8040a04:	fa02 f303 	lsl.w	r3, r2, r3
 8040a08:	43db      	mvns	r3, r3
 8040a0a:	693a      	ldr	r2, [r7, #16]
 8040a0c:	4013      	ands	r3, r2
 8040a0e:	613b      	str	r3, [r7, #16]
 8040a10:	683b      	ldr	r3, [r7, #0]
 8040a12:	68da      	ldr	r2, [r3, #12]
 8040a14:	697b      	ldr	r3, [r7, #20]
 8040a16:	005b      	lsls	r3, r3, #1
 8040a18:	fa02 f303 	lsl.w	r3, r2, r3
 8040a1c:	693a      	ldr	r2, [r7, #16]
 8040a1e:	4313      	orrs	r3, r2
 8040a20:	613b      	str	r3, [r7, #16]
 8040a22:	687b      	ldr	r3, [r7, #4]
 8040a24:	693a      	ldr	r2, [r7, #16]
 8040a26:	609a      	str	r2, [r3, #8]
 8040a28:	687b      	ldr	r3, [r7, #4]
 8040a2a:	685b      	ldr	r3, [r3, #4]
 8040a2c:	613b      	str	r3, [r7, #16]
 8040a2e:	2201      	movs	r2, #1
 8040a30:	697b      	ldr	r3, [r7, #20]
 8040a32:	fa02 f303 	lsl.w	r3, r2, r3
 8040a36:	43db      	mvns	r3, r3
 8040a38:	693a      	ldr	r2, [r7, #16]
 8040a3a:	4013      	ands	r3, r2
 8040a3c:	613b      	str	r3, [r7, #16]
 8040a3e:	683b      	ldr	r3, [r7, #0]
 8040a40:	685b      	ldr	r3, [r3, #4]
 8040a42:	091b      	lsrs	r3, r3, #4
 8040a44:	f003 0201 	and.w	r2, r3, #1
 8040a48:	697b      	ldr	r3, [r7, #20]
 8040a4a:	fa02 f303 	lsl.w	r3, r2, r3
 8040a4e:	693a      	ldr	r2, [r7, #16]
 8040a50:	4313      	orrs	r3, r2
 8040a52:	613b      	str	r3, [r7, #16]
 8040a54:	687b      	ldr	r3, [r7, #4]
 8040a56:	693a      	ldr	r2, [r7, #16]
 8040a58:	605a      	str	r2, [r3, #4]
 8040a5a:	687b      	ldr	r3, [r7, #4]
 8040a5c:	68db      	ldr	r3, [r3, #12]
 8040a5e:	613b      	str	r3, [r7, #16]
 8040a60:	697b      	ldr	r3, [r7, #20]
 8040a62:	005b      	lsls	r3, r3, #1
 8040a64:	2203      	movs	r2, #3
 8040a66:	fa02 f303 	lsl.w	r3, r2, r3
 8040a6a:	43db      	mvns	r3, r3
 8040a6c:	693a      	ldr	r2, [r7, #16]
 8040a6e:	4013      	ands	r3, r2
 8040a70:	613b      	str	r3, [r7, #16]
 8040a72:	683b      	ldr	r3, [r7, #0]
 8040a74:	689a      	ldr	r2, [r3, #8]
 8040a76:	697b      	ldr	r3, [r7, #20]
 8040a78:	005b      	lsls	r3, r3, #1
 8040a7a:	fa02 f303 	lsl.w	r3, r2, r3
 8040a7e:	693a      	ldr	r2, [r7, #16]
 8040a80:	4313      	orrs	r3, r2
 8040a82:	613b      	str	r3, [r7, #16]
 8040a84:	687b      	ldr	r3, [r7, #4]
 8040a86:	693a      	ldr	r2, [r7, #16]
 8040a88:	60da      	str	r2, [r3, #12]
 8040a8a:	683b      	ldr	r3, [r7, #0]
 8040a8c:	685b      	ldr	r3, [r3, #4]
 8040a8e:	2b02      	cmp	r3, #2
 8040a90:	d003      	beq.n	8040a9a <HAL_GPIO_Init+0xea>
 8040a92:	683b      	ldr	r3, [r7, #0]
 8040a94:	685b      	ldr	r3, [r3, #4]
 8040a96:	2b12      	cmp	r3, #18
 8040a98:	d123      	bne.n	8040ae2 <HAL_GPIO_Init+0x132>
 8040a9a:	697b      	ldr	r3, [r7, #20]
 8040a9c:	08da      	lsrs	r2, r3, #3
 8040a9e:	687b      	ldr	r3, [r7, #4]
 8040aa0:	3208      	adds	r2, #8
 8040aa2:	f853 3022 	ldr.w	r3, [r3, r2, lsl #2]
 8040aa6:	613b      	str	r3, [r7, #16]
 8040aa8:	697b      	ldr	r3, [r7, #20]
 8040aaa:	f003 0307 	and.w	r3, r3, #7
 8040aae:	009b      	lsls	r3, r3, #2
 8040ab0:	220f      	movs	r2, #15
 8040ab2:	fa02 f303 	lsl.w	r3, r2, r3
 8040ab6:	43db      	mvns	r3, r3
 8040ab8:	693a      	ldr	r2, [r7, #16]
 8040aba:	4013      	ands	r3, r2
 8040abc:	613b      	str	r3, [r7, #16]
 8040abe:	683b      	ldr	r3, [r7, #0]
 8040ac0:	691a      	ldr	r2, [r3, #16]
 8040ac2:	697b      	ldr	r3, [r7, #20]
 8040ac4:	f003 0307 	and.w	r3, r3, #7
 8040ac8:	009b      	lsls	r3, r3, #2
 8040aca:	fa02 f303 	lsl.w	r3, r2, r3
 8040ace:	693a      	ldr	r2, [r7, #16]
 8040ad0:	4313      	orrs	r3, r2
 8040ad2:	613b      	str	r3, [r7, #16]
 8040ad4:	697b      	ldr	r3, [r7, #20]
 8040ad6:	08da      	lsrs	r2, r3, #3
 8040ad8:	687b      	ldr	r3, [r7, #4]
 8040ada:	3208      	adds	r2, #8
 8040adc:	6939      	ldr	r1, [r7, #16]
 8040ade:	f843 1022 	str.w	r1, [r3, r2, lsl #2]
 8040ae2:	687b      	ldr	r3, [r7, #4]
 8040ae4:	681b      	ldr	r3, [r3, #0]
 8040ae6:	613b      	str	r3, [r7, #16]
 8040ae8:	697b      	ldr	r3, [r7, #20]
 8040aea:	005b      	lsls	r3, r3, #1
 8040aec:	2203      	movs	r2, #3
 8040aee:	fa02 f303 	lsl.w	r3, r2, r3
 8040af2:	43db      	mvns	r3, r3
 8040af4:	693a      	ldr	r2, [r7, #16]
 8040af6:	4013      	ands	r3, r2
 8040af8:	613b      	str	r3, [r7, #16]
 8040afa:	683b      	ldr	r3, [r7, #0]
 8040afc:	685b      	ldr	r3, [r3, #4]
 8040afe:	f003 0203 	and.w	r2, r3, #3
 8040b02:	697b      	ldr	r3, [r7, #20]
 8040b04:	005b      	lsls	r3, r3, #1
 8040b06:	fa02 f303 	lsl.w	r3, r2, r3
 8040b0a:	693a      	ldr	r2, [r7, #16]
 8040b0c:	4313      	orrs	r3, r2
 8040b0e:	613b      	str	r3, [r7, #16]
 8040b10:	687b      	ldr	r3, [r7, #4]
 8040b12:	693a      	ldr	r2, [r7, #16]
 8040b14:	601a      	str	r2, [r3, #0]
 8040b16:	683b      	ldr	r3, [r7, #0]
 8040b18:	685b      	ldr	r3, [r3, #4]
 8040b1a:	f003 5380 	and.w	r3, r3, #268435456	; 0x10000000
 8040b1e:	2b00      	cmp	r3, #0
 8040b20:	f000 80a4 	beq.w	8040c6c <HAL_GPIO_Init+0x2bc>
 8040b24:	4a5a      	ldr	r2, [pc, #360]	; (8040c90 <HAL_GPIO_Init+0x2e0>)
 8040b26:	697b      	ldr	r3, [r7, #20]
 8040b28:	089b      	lsrs	r3, r3, #2
 8040b2a:	3318      	adds	r3, #24
 8040b2c:	f852 3023 	ldr.w	r3, [r2, r3, lsl #2]
 8040b30:	613b      	str	r3, [r7, #16]
 8040b32:	697b      	ldr	r3, [r7, #20]
 8040b34:	f003 0303 	and.w	r3, r3, #3
 8040b38:	00db      	lsls	r3, r3, #3
 8040b3a:	220f      	movs	r2, #15
 8040b3c:	fa02 f303 	lsl.w	r3, r2, r3
 8040b40:	43db      	mvns	r3, r3
 8040b42:	693a      	ldr	r2, [r7, #16]
 8040b44:	4013      	ands	r3, r2
 8040b46:	613b      	str	r3, [r7, #16]
 8040b48:	687b      	ldr	r3, [r7, #4]
 8040b4a:	4a52      	ldr	r2, [pc, #328]	; (8040c94 <HAL_GPIO_Init+0x2e4>)
 8040b4c:	4293      	cmp	r3, r2
 8040b4e:	d025      	beq.n	8040b9c <HAL_GPIO_Init+0x1ec>
 8040b50:	687b      	ldr	r3, [r7, #4]
 8040b52:	4a51      	ldr	r2, [pc, #324]	; (8040c98 <HAL_GPIO_Init+0x2e8>)
 8040b54:	4293      	cmp	r3, r2
 8040b56:	d01f      	beq.n	8040b98 <HAL_GPIO_Init+0x1e8>
 8040b58:	687b      	ldr	r3, [r7, #4]
 8040b5a:	4a50      	ldr	r2, [pc, #320]	; (8040c9c <HAL_GPIO_Init+0x2ec>)
 8040b5c:	4293      	cmp	r3, r2
 8040b5e:	d019      	beq.n	8040b94 <HAL_GPIO_Init+0x1e4>
 8040b60:	687b      	ldr	r3, [r7, #4]
 8040b62:	4a4f      	ldr	r2, [pc, #316]	; (8040ca0 <HAL_GPIO_Init+0x2f0>)
 8040b64:	4293      	cmp	r3, r2
 8040b66:	d013      	beq.n	8040b90 <HAL_GPIO_Init+0x1e0>
 8040b68:	687b      	ldr	r3, [r7, #4]
 8040b6a:	4a4e      	ldr	r2, [pc, #312]	; (8040ca4 <HAL_GPIO_Init+0x2f4>)
 8040b6c:	4293      	cmp	r3, r2
 8040b6e:	d00d      	beq.n	8040b8c <HAL_GPIO_Init+0x1dc>
 8040b70:	687b      	ldr	r3, [r7, #4]
 8040b72:	4a4d      	ldr	r2, [pc, #308]	; (8040ca8 <HAL_GPIO_Init+0x2f8>)
 8040b74:	4293      	cmp	r3, r2
 8040b76:	d007      	beq.n	8040b88 <HAL_GPIO_Init+0x1d8>
 8040b78:	687b      	ldr	r3, [r7, #4]
 8040b7a:	4a4c      	ldr	r2, [pc, #304]	; (8040cac <HAL_GPIO_Init+0x2fc>)
 8040b7c:	4293      	cmp	r3, r2
 8040b7e:	d101      	bne.n	8040b84 <HAL_GPIO_Init+0x1d4>
 8040b80:	2306      	movs	r3, #6
 8040b82:	e00c      	b.n	8040b9e <HAL_GPIO_Init+0x1ee>
 8040b84:	2307      	movs	r3, #7
 8040b86:	e00a      	b.n	8040b9e <HAL_GPIO_Init+0x1ee>
 8040b88:	2305      	movs	r3, #5
 8040b8a:	e008      	b.n	8040b9e <HAL_GPIO_Init+0x1ee>
 8040b8c:	2304      	movs	r3, #4
 8040b8e:	e006      	b.n	8040b9e <HAL_GPIO_Init+0x1ee>
 8040b90:	2303      	movs	r3, #3
 8040b92:	e004      	b.n	8040b9e <HAL_GPIO_Init+0x1ee>
 8040b94:	2302      	movs	r3, #2
 8040b96:	e002      	b.n	8040b9e <HAL_GPIO_Init+0x1ee>
 8040b98:	2301      	movs	r3, #1
 8040b9a:	e000      	b.n	8040b9e <HAL_GPIO_Init+0x1ee>
 8040b9c:	2300      	movs	r3, #0
 8040b9e:	697a      	ldr	r2, [r7, #20]
 8040ba0:	f002 0203 	and.w	r2, r2, #3
 8040ba4:	00d2      	lsls	r2, r2, #3
 8040ba6:	4093      	lsls	r3, r2
 8040ba8:	693a      	ldr	r2, [r7, #16]
 8040baa:	4313      	orrs	r3, r2
 8040bac:	613b      	str	r3, [r7, #16]
 8040bae:	4938      	ldr	r1, [pc, #224]	; (8040c90 <HAL_GPIO_Init+0x2e0>)
 8040bb0:	697b      	ldr	r3, [r7, #20]
 8040bb2:	089b      	lsrs	r3, r3, #2
 8040bb4:	3318      	adds	r3, #24
 8040bb6:	693a      	ldr	r2, [r7, #16]
 8040bb8:	f841 2023 	str.w	r2, [r1, r3, lsl #2]
 8040bbc:	4b34      	ldr	r3, [pc, #208]	; (8040c90 <HAL_GPIO_Init+0x2e0>)
 8040bbe:	f8d3 3080 	ldr.w	r3, [r3, #128]	; 0x80
 8040bc2:	613b      	str	r3, [r7, #16]
 8040bc4:	68fb      	ldr	r3, [r7, #12]
 8040bc6:	43db      	mvns	r3, r3
 8040bc8:	693a      	ldr	r2, [r7, #16]
 8040bca:	4013      	ands	r3, r2
 8040bcc:	613b      	str	r3, [r7, #16]
 8040bce:	683b      	ldr	r3, [r7, #0]
 8040bd0:	685b      	ldr	r3, [r3, #4]
 8040bd2:	f403 3380 	and.w	r3, r3, #65536	; 0x10000
 8040bd6:	2b00      	cmp	r3, #0
 8040bd8:	d003      	beq.n	8040be2 <HAL_GPIO_Init+0x232>
 8040bda:	693a      	ldr	r2, [r7, #16]
 8040bdc:	68fb      	ldr	r3, [r7, #12]
 8040bde:	4313      	orrs	r3, r2
 8040be0:	613b      	str	r3, [r7, #16]
 8040be2:	4a2b      	ldr	r2, [pc, #172]	; (8040c90 <HAL_GPIO_Init+0x2e0>)
 8040be4:	693b      	ldr	r3, [r7, #16]
 8040be6:	f8c2 3080 	str.w	r3, [r2, #128]	; 0x80
 8040bea:	4b29      	ldr	r3, [pc, #164]	; (8040c90 <HAL_GPIO_Init+0x2e0>)
 8040bec:	f8d3 3084 	ldr.w	r3, [r3, #132]	; 0x84
 8040bf0:	613b      	str	r3, [r7, #16]
 8040bf2:	68fb      	ldr	r3, [r7, #12]
 8040bf4:	43db      	mvns	r3, r3
 8040bf6:	693a      	ldr	r2, [r7, #16]
 8040bf8:	4013      	ands	r3, r2
 8040bfa:	613b      	str	r3, [r7, #16]
 8040bfc:	683b      	ldr	r3, [r7, #0]
 8040bfe:	685b      	ldr	r3, [r3, #4]
 8040c00:	f403 3300 	and.w	r3, r3, #131072	; 0x20000
 8040c04:	2b00      	cmp	r3, #0
 8040c06:	d003      	beq.n	8040c10 <HAL_GPIO_Init+0x260>
 8040c08:	693a      	ldr	r2, [r7, #16]
 8040c0a:	68fb      	ldr	r3, [r7, #12]
 8040c0c:	4313      	orrs	r3, r2
 8040c0e:	613b      	str	r3, [r7, #16]
 8040c10:	4a1f      	ldr	r2, [pc, #124]	; (8040c90 <HAL_GPIO_Init+0x2e0>)
 8040c12:	693b      	ldr	r3, [r7, #16]
 8040c14:	f8c2 3084 	str.w	r3, [r2, #132]	; 0x84
 8040c18:	4b1d      	ldr	r3, [pc, #116]	; (8040c90 <HAL_GPIO_Init+0x2e0>)
 8040c1a:	681b      	ldr	r3, [r3, #0]
 8040c1c:	613b      	str	r3, [r7, #16]
 8040c1e:	68fb      	ldr	r3, [r7, #12]
 8040c20:	43db      	mvns	r3, r3
 8040c22:	693a      	ldr	r2, [r7, #16]
 8040c24:	4013      	ands	r3, r2
 8040c26:	613b      	str	r3, [r7, #16]
 8040c28:	683b      	ldr	r3, [r7, #0]
 8040c2a:	685b      	ldr	r3, [r3, #4]
 8040c2c:	f403 1380 	and.w	r3, r3, #1048576	; 0x100000
 8040c30:	2b00      	cmp	r3, #0
 8040c32:	d003      	beq.n	8040c3c <HAL_GPIO_Init+0x28c>
 8040c34:	693a      	ldr	r2, [r7, #16]
 8040c36:	68fb      	ldr	r3, [r7, #12]
 8040c38:	4313      	orrs	r3, r2
 8040c3a:	613b      	str	r3, [r7, #16]
 8040c3c:	4a14      	ldr	r2, [pc, #80]	; (8040c90 <HAL_GPIO_Init+0x2e0>)
 8040c3e:	693b      	ldr	r3, [r7, #16]
 8040c40:	6013      	str	r3, [r2, #0]
 8040c42:	4b13      	ldr	r3, [pc, #76]	; (8040c90 <HAL_GPIO_Init+0x2e0>)
 8040c44:	685b      	ldr	r3, [r3, #4]
 8040c46:	613b      	str	r3, [r7, #16]
 8040c48:	68fb      	ldr	r3, [r7, #12]
 8040c4a:	43db      	mvns	r3, r3
 8040c4c:	693a      	ldr	r2, [r7, #16]
 8040c4e:	4013      	ands	r3, r2
 8040c50:	613b      	str	r3, [r7, #16]
 8040c52:	683b      	ldr	r3, [r7, #0]
 8040c54:	685b      	ldr	r3, [r3, #4]
 8040c56:	f403 1300 	and.w	r3, r3, #2097152	; 0x200000
 8040c5a:	2b00      	cmp	r3, #0
 8040c5c:	d003      	beq.n	8040c66 <HAL_GPIO_Init+0x2b6>
 8040c5e:	693a      	ldr	r2, [r7, #16]
 8040c60:	68fb      	ldr	r3, [r7, #12]
 8040c62:	4313      	orrs	r3, r2
 8040c64:	613b      	str	r3, [r7, #16]
 8040c66:	4a0a      	ldr	r2, [pc, #40]	; (8040c90 <HAL_GPIO_Init+0x2e0>)
 8040c68:	693b      	ldr	r3, [r7, #16]
 8040c6a:	6053      	str	r3, [r2, #4]
 8040c6c:	697b      	ldr	r3, [r7, #20]
 8040c6e:	3301      	adds	r3, #1
 8040c70:	617b      	str	r3, [r7, #20]
 8040c72:	683b      	ldr	r3, [r7, #0]
 8040c74:	681a      	ldr	r2, [r3, #0]
 8040c76:	697b      	ldr	r3, [r7, #20]
 8040c78:	fa22 f303 	lsr.w	r3, r2, r3
 8040c7c:	2b00      	cmp	r3, #0
 8040c7e:	f47f ae9f 	bne.w	80409c0 <HAL_GPIO_Init+0x10>
 8040c82:	bf00      	nop
 8040c84:	bf00      	nop
 8040c86:	371c      	adds	r7, #28
 8040c88:	46bd      	mov	sp, r7
 8040c8a:	f85d 7b04 	ldr.w	r7, [sp], #4
 8040c8e:	4770      	bx	lr
 8040c90:	4002f400 	.word	0x4002f400
 8040c94:	42020000 	.word	0x42020000
 8040c98:	42020400 	.word	0x42020400
 8040c9c:	42020800 	.word	0x42020800
 8040ca0:	42020c00 	.word	0x42020c00
 8040ca4:	42021000 	.word	0x42021000
 8040ca8:	42021400 	.word	0x42021400
 8040cac:	42021800 	.word	0x42021800

08040cb0 <HAL_GPIO_WritePin>:
 8040cb0:	b480      	push	{r7}
 8040cb2:	b083      	sub	sp, #12
 8040cb4:	af00      	add	r7, sp, #0
 8040cb6:	6078      	str	r0, [r7, #4]
 8040cb8:	460b      	mov	r3, r1
 8040cba:	807b      	strh	r3, [r7, #2]
 8040cbc:	4613      	mov	r3, r2
 8040cbe:	707b      	strb	r3, [r7, #1]
 8040cc0:	787b      	ldrb	r3, [r7, #1]
 8040cc2:	2b00      	cmp	r3, #0
 8040cc4:	d003      	beq.n	8040cce <HAL_GPIO_WritePin+0x1e>
 8040cc6:	887a      	ldrh	r2, [r7, #2]
 8040cc8:	687b      	ldr	r3, [r7, #4]
 8040cca:	619a      	str	r2, [r3, #24]
 8040ccc:	e002      	b.n	8040cd4 <HAL_GPIO_WritePin+0x24>
 8040cce:	887a      	ldrh	r2, [r7, #2]
 8040cd0:	687b      	ldr	r3, [r7, #4]
 8040cd2:	629a      	str	r2, [r3, #40]	; 0x28
 8040cd4:	bf00      	nop
 8040cd6:	370c      	adds	r7, #12
 8040cd8:	46bd      	mov	sp, r7
 8040cda:	f85d 7b04 	ldr.w	r7, [sp], #4
 8040cde:	4770      	bx	lr

08040ce0 <__libc_init_array>:
 8040ce0:	b570      	push	{r4, r5, r6, lr}
 8040ce2:	4d0d      	ldr	r5, [pc, #52]	; (8040d18 <__libc_init_array+0x38>)
 8040ce4:	2600      	movs	r6, #0
 8040ce6:	4c0d      	ldr	r4, [pc, #52]	; (8040d1c <__libc_init_array+0x3c>)
 8040ce8:	1b64      	subs	r4, r4, r5
 8040cea:	10a4      	asrs	r4, r4, #2
 8040cec:	42a6      	cmp	r6, r4
 8040cee:	d109      	bne.n	8040d04 <__libc_init_array+0x24>
 8040cf0:	4d0b      	ldr	r5, [pc, #44]	; (8040d20 <__libc_init_array+0x40>)
 8040cf2:	2600      	movs	r6, #0
 8040cf4:	4c0b      	ldr	r4, [pc, #44]	; (8040d24 <__libc_init_array+0x44>)
 8040cf6:	f000 f817 	bl	8040d28 <_init>
 8040cfa:	1b64      	subs	r4, r4, r5
 8040cfc:	10a4      	asrs	r4, r4, #2
 8040cfe:	42a6      	cmp	r6, r4
 8040d00:	d105      	bne.n	8040d0e <__libc_init_array+0x2e>
 8040d02:	bd70      	pop	{r4, r5, r6, pc}
 8040d04:	f855 3b04 	ldr.w	r3, [r5], #4
 8040d08:	3601      	adds	r6, #1
 8040d0a:	4798      	blx	r3
 8040d0c:	e7ee      	b.n	8040cec <__libc_init_array+0xc>
 8040d0e:	f855 3b04 	ldr.w	r3, [r5], #4
 8040d12:	3601      	adds	r6, #1
 8040d14:	4798      	blx	r3
 8040d16:	e7f2      	b.n	8040cfe <__libc_init_array+0x1e>
 8040d18:	08040dc0 	.word	0x08040dc0
 8040d1c:	08040dc0 	.word	0x08040dc0
 8040d20:	08040dc0 	.word	0x08040dc0
 8040d24:	08040dc4 	.word	0x08040dc4

08040d28 <_init>:
 8040d28:	b5f8      	push	{r3, r4, r5, r6, r7, lr}
 8040d2a:	bf00      	nop
 8040d2c:	bcf8      	pop	{r3, r4, r5, r6, r7}
 8040d2e:	bc08      	pop	{r3}
 8040d30:	469e      	mov	lr, r3
 8040d32:	4770      	bx	lr

08040d34 <_fini>:
 8040d34:	b5f8      	push	{r3, r4, r5, r6, r7, lr}
 8040d36:	bf00      	nop
 8040d38:	bcf8      	pop	{r3, r4, r5, r6, r7}
 8040d3a:	bc08      	pop	{r3}
 8040d3c:	469e      	mov	lr, r3
 8040d3e:	4770      	bx	lr

08040d40 <__SECURE_record_output_data_veneer>:
 8040d40:	b401      	push	{r0}
 8040d42:	4802      	ldr	r0, [pc, #8]	; (8040d4c <__SECURE_record_output_data_veneer+0xc>)
 8040d44:	4684      	mov	ip, r0
 8040d46:	bc01      	pop	{r0}
 8040d48:	4760      	bx	ip
 8040d4a:	bf00      	nop
 8040d4c:	0c03e011 	.word	0x0c03e011

08040d50 <__SECURE_log_cond_br_not_taken_veneer>:
 8040d50:	b401      	push	{r0}
 8040d52:	4802      	ldr	r0, [pc, #8]	; (8040d5c <__SECURE_log_cond_br_not_taken_veneer+0xc>)
 8040d54:	4684      	mov	ip, r0
 8040d56:	bc01      	pop	{r0}
 8040d58:	4760      	bx	ip
 8040d5a:	bf00      	nop
 8040d5c:	0c03e021 	.word	0x0c03e021

08040d60 <__SECURE_SystemCoreClockUpdate_veneer>:
 8040d60:	b401      	push	{r0}
 8040d62:	4802      	ldr	r0, [pc, #8]	; (8040d6c <__SECURE_SystemCoreClockUpdate_veneer+0xc>)
 8040d64:	4684      	mov	ip, r0
 8040d66:	bc01      	pop	{r0}
 8040d68:	4760      	bx	ip
 8040d6a:	bf00      	nop
 8040d6c:	0c03e001 	.word	0x0c03e001

08040d70 <__SECURE_run_attestation_wait_mode_veneer>:
 8040d70:	b401      	push	{r0}
 8040d72:	4802      	ldr	r0, [pc, #8]	; (8040d7c <__SECURE_run_attestation_wait_mode_veneer+0xc>)
 8040d74:	4684      	mov	ip, r0
 8040d76:	bc01      	pop	{r0}
 8040d78:	4760      	bx	ip
 8040d7a:	bf00      	nop
 8040d7c:	0c03e051 	.word	0x0c03e051

08040d80 <__SECURE_RegisterCallback_veneer>:
 8040d80:	b401      	push	{r0}
 8040d82:	4802      	ldr	r0, [pc, #8]	; (8040d8c <__SECURE_RegisterCallback_veneer+0xc>)
 8040d84:	4684      	mov	ip, r0
 8040d86:	bc01      	pop	{r0}
 8040d88:	4760      	bx	ip
 8040d8a:	bf00      	nop
 8040d8c:	0c03e049 	.word	0x0c03e049

08040d90 <__SECURE_log_indr_fwd_veneer>:
 8040d90:	b401      	push	{r0}
 8040d92:	4802      	ldr	r0, [pc, #8]	; (8040d9c <__SECURE_log_indr_fwd_veneer+0xc>)
 8040d94:	4684      	mov	ip, r0
 8040d96:	bc01      	pop	{r0}
 8040d98:	4760      	bx	ip
 8040d9a:	bf00      	nop
 8040d9c:	0c03e019 	.word	0x0c03e019

08040da0 <__SECURE_log_cond_br_taken_veneer>:
 8040da0:	b401      	push	{r0}
 8040da2:	4802      	ldr	r0, [pc, #8]	; (8040dac <__SECURE_log_cond_br_taken_veneer+0xc>)
 8040da4:	4684      	mov	ip, r0
 8040da6:	bc01      	pop	{r0}
 8040da8:	4760      	bx	ip
 8040daa:	bf00      	nop
 8040dac:	0c03e041 	.word	0x0c03e041

08040db0 <__SECURE_log_ret_veneer>:
 8040db0:	b401      	push	{r0}
 8040db2:	4802      	ldr	r0, [pc, #8]	; (8040dbc <__SECURE_log_ret_veneer+0xc>)
 8040db4:	4684      	mov	ip, r0
 8040db6:	bc01      	pop	{r0}
 8040db8:	4760      	bx	ip
 8040dba:	bf00      	nop
 8040dbc:	0c03e039 	.word	0x0c03e039

Disassembly of section .empty:

08060000 <empty>:
 8060000:	4600      	mov	r0, r0
 8060002:	4600      	mov	r0, r0
 8060004:	4600      	mov	r0, r0
 8060006:	4600      	mov	r0, r0
 8060008:	4600      	mov	r0, r0
 806000a:	4600      	mov	r0, r0
 806000c:	4600      	mov	r0, r0
 806000e:	4600      	mov	r0, r0
 8060010:	4600      	mov	r0, r0
 8060012:	4600      	mov	r0, r0
 8060014:	4600      	mov	r0, r0
 8060016:	4600      	mov	r0, r0
 8060018:	4600      	mov	r0, r0
 806001a:	4600      	mov	r0, r0
 806001c:	4600      	mov	r0, r0
 806001e:	4600      	mov	r0, r0
 8060020:	4600      	mov	r0, r0
 8060022:	4600      	mov	r0, r0
 8060024:	4600      	mov	r0, r0
 8060026:	4600      	mov	r0, r0
 8060028:	4600      	mov	r0, r0
 806002a:	4600      	mov	r0, r0
 806002c:	4600      	mov	r0, r0
 806002e:	4600      	mov	r0, r0
 8060030:	4600      	mov	r0, r0
 8060032:	4600      	mov	r0, r0
 8060034:	4600      	mov	r0, r0
 8060036:	4600      	mov	r0, r0
 8060038:	4600      	mov	r0, r0
 806003a:	4600      	mov	r0, r0
 806003c:	4600      	mov	r0, r0
 806003e:	4600      	mov	r0, r0
 8060040:	4600      	mov	r0, r0
 8060042:	4600      	mov	r0, r0
 8060044:	4600      	mov	r0, r0
 8060046:	4600      	mov	r0, r0
 8060048:	4600      	mov	r0, r0
 806004a:	4600      	mov	r0, r0
 806004c:	4600      	mov	r0, r0
 806004e:	4600      	mov	r0, r0
 8060050:	4600      	mov	r0, r0
 8060052:	4600      	mov	r0, r0
 8060054:	4600      	mov	r0, r0
 8060056:	4600      	mov	r0, r0
 8060058:	4600      	mov	r0, r0
 806005a:	4600      	mov	r0, r0
 806005c:	4600      	mov	r0, r0
 806005e:	4600      	mov	r0, r0
 8060060:	4600      	mov	r0, r0
 8060062:	4600      	mov	r0, r0
 8060064:	4600      	mov	r0, r0
 8060066:	4600      	mov	r0, r0
 8060068:	4600      	mov	r0, r0
 806006a:	4600      	mov	r0, r0
 806006c:	4600      	mov	r0, r0
 806006e:	4600      	mov	r0, r0
 8060070:	4600      	mov	r0, r0
 8060072:	4600      	mov	r0, r0
 8060074:	4600      	mov	r0, r0
 8060076:	4600      	mov	r0, r0
 8060078:	4600      	mov	r0, r0
 806007a:	4600      	mov	r0, r0
 806007c:	4600      	mov	r0, r0
 806007e:	4600      	mov	r0, r0
 8060080:	4600      	mov	r0, r0
 8060082:	4600      	mov	r0, r0
 8060084:	4600      	mov	r0, r0
 8060086:	4600      	mov	r0, r0
 8060088:	4600      	mov	r0, r0
 806008a:	4600      	mov	r0, r0
 806008c:	4600      	mov	r0, r0
 806008e:	4600      	mov	r0, r0
 8060090:	4600      	mov	r0, r0
 8060092:	4600      	mov	r0, r0
 8060094:	4600      	mov	r0, r0
 8060096:	4600      	mov	r0, r0
 8060098:	4600      	mov	r0, r0
 806009a:	4600      	mov	r0, r0
 806009c:	4600      	mov	r0, r0
 806009e:	4600      	mov	r0, r0
 80600a0:	4600      	mov	r0, r0
 80600a2:	4600      	mov	r0, r0
 80600a4:	4600      	mov	r0, r0
 80600a6:	4600      	mov	r0, r0
 80600a8:	4600      	mov	r0, r0
 80600aa:	4600      	mov	r0, r0
 80600ac:	4600      	mov	r0, r0
 80600ae:	4600      	mov	r0, r0
 80600b0:	4600      	mov	r0, r0
 80600b2:	4600      	mov	r0, r0
 80600b4:	4600      	mov	r0, r0
 80600b6:	4600      	mov	r0, r0
 80600b8:	4600      	mov	r0, r0
 80600ba:	4600      	mov	r0, r0
 80600bc:	4600      	mov	r0, r0
 80600be:	4600      	mov	r0, r0
 80600c0:	4600      	mov	r0, r0
 80600c2:	4600      	mov	r0, r0
 80600c4:	4600      	mov	r0, r0
 80600c6:	4600      	mov	r0, r0
 80600c8:	4600      	mov	r0, r0
 80600ca:	4600      	mov	r0, r0
 80600cc:	4600      	mov	r0, r0
 80600ce:	4600      	mov	r0, r0
 80600d0:	4600      	mov	r0, r0
 80600d2:	4600      	mov	r0, r0
 80600d4:	4600      	mov	r0, r0
 80600d6:	4600      	mov	r0, r0
 80600d8:	4600      	mov	r0, r0
 80600da:	4600      	mov	r0, r0
 80600dc:	4600      	mov	r0, r0
 80600de:	4600      	mov	r0, r0
 80600e0:	4600      	mov	r0, r0
 80600e2:	4600      	mov	r0, r0
 80600e4:	4600      	mov	r0, r0
 80600e6:	4600      	mov	r0, r0
 80600e8:	4600      	mov	r0, r0
 80600ea:	4600      	mov	r0, r0
 80600ec:	4600      	mov	r0, r0
 80600ee:	4600      	mov	r0, r0
 80600f0:	4600      	mov	r0, r0
 80600f2:	4600      	mov	r0, r0
 80600f4:	4600      	mov	r0, r0
 80600f6:	4600      	mov	r0, r0
 80600f8:	4600      	mov	r0, r0
 80600fa:	4600      	mov	r0, r0
 80600fc:	4600      	mov	r0, r0
 80600fe:	4600      	mov	r0, r0
 8060100:	4600      	mov	r0, r0
 8060102:	4600      	mov	r0, r0
 8060104:	4600      	mov	r0, r0
 8060106:	4600      	mov	r0, r0
 8060108:	4600      	mov	r0, r0
 806010a:	4600      	mov	r0, r0
 806010c:	4600      	mov	r0, r0
 806010e:	4600      	mov	r0, r0
 8060110:	4600      	mov	r0, r0
 8060112:	4600      	mov	r0, r0
 8060114:	4600      	mov	r0, r0
 8060116:	4600      	mov	r0, r0
 8060118:	4600      	mov	r0, r0
 806011a:	4600      	mov	r0, r0
 806011c:	4600      	mov	r0, r0
 806011e:	4600      	mov	r0, r0
 8060120:	4600      	mov	r0, r0
 8060122:	4600      	mov	r0, r0
 8060124:	4600      	mov	r0, r0
 8060126:	4600      	mov	r0, r0
 8060128:	4600      	mov	r0, r0
 806012a:	4600      	mov	r0, r0
 806012c:	4600      	mov	r0, r0
 806012e:	4600      	mov	r0, r0
 8060130:	4600      	mov	r0, r0
 8060132:	4600      	mov	r0, r0
 8060134:	4600      	mov	r0, r0
 8060136:	4600      	mov	r0, r0
 8060138:	4600      	mov	r0, r0
 806013a:	4600      	mov	r0, r0
 806013c:	4600      	mov	r0, r0
 806013e:	4600      	mov	r0, r0
 8060140:	4600      	mov	r0, r0
 8060142:	4600      	mov	r0, r0
 8060144:	4600      	mov	r0, r0
 8060146:	4600      	mov	r0, r0
 8060148:	4600      	mov	r0, r0
 806014a:	4600      	mov	r0, r0
 806014c:	4600      	mov	r0, r0
 806014e:	4600      	mov	r0, r0
 8060150:	4600      	mov	r0, r0
 8060152:	4600      	mov	r0, r0
 8060154:	4600      	mov	r0, r0
 8060156:	4600      	mov	r0, r0
 8060158:	4600      	mov	r0, r0
 806015a:	4600      	mov	r0, r0
 806015c:	4600      	mov	r0, r0
 806015e:	4600      	mov	r0, r0
 8060160:	4600      	mov	r0, r0
 8060162:	4600      	mov	r0, r0
 8060164:	4600      	mov	r0, r0
 8060166:	4600      	mov	r0, r0
 8060168:	4600      	mov	r0, r0
 806016a:	4600      	mov	r0, r0
 806016c:	4600      	mov	r0, r0
 806016e:	4600      	mov	r0, r0
 8060170:	4600      	mov	r0, r0
 8060172:	4600      	mov	r0, r0
 8060174:	4600      	mov	r0, r0
 8060176:	4600      	mov	r0, r0
 8060178:	4600      	mov	r0, r0
 806017a:	4600      	mov	r0, r0
 806017c:	4600      	mov	r0, r0
 806017e:	4600      	mov	r0, r0
 8060180:	4600      	mov	r0, r0
 8060182:	4600      	mov	r0, r0
 8060184:	4600      	mov	r0, r0
 8060186:	4600      	mov	r0, r0
 8060188:	4600      	mov	r0, r0
 806018a:	4600      	mov	r0, r0
 806018c:	4600      	mov	r0, r0
 806018e:	4600      	mov	r0, r0
 8060190:	4600      	mov	r0, r0
 8060192:	4600      	mov	r0, r0
 8060194:	4600      	mov	r0, r0
 8060196:	4600      	mov	r0, r0
 8060198:	4600      	mov	r0, r0
 806019a:	4600      	mov	r0, r0
 806019c:	4600      	mov	r0, r0
 806019e:	4600      	mov	r0, r0
 80601a0:	4600      	mov	r0, r0
 80601a2:	4600      	mov	r0, r0
 80601a4:	4600      	mov	r0, r0
 80601a6:	4600      	mov	r0, r0
 80601a8:	4600      	mov	r0, r0
 80601aa:	4600      	mov	r0, r0
 80601ac:	4600      	mov	r0, r0
 80601ae:	4600      	mov	r0, r0
 80601b0:	4600      	mov	r0, r0
 80601b2:	4600      	mov	r0, r0
 80601b4:	4600      	mov	r0, r0
 80601b6:	4600      	mov	r0, r0
 80601b8:	4600      	mov	r0, r0
 80601ba:	4600      	mov	r0, r0
 80601bc:	4600      	mov	r0, r0
 80601be:	4600      	mov	r0, r0
 80601c0:	4600      	mov	r0, r0
 80601c2:	4600      	mov	r0, r0
 80601c4:	4600      	mov	r0, r0
 80601c6:	4600      	mov	r0, r0
 80601c8:	4600      	mov	r0, r0
 80601ca:	4600      	mov	r0, r0
 80601cc:	4600      	mov	r0, r0
 80601ce:	4600      	mov	r0, r0
 80601d0:	4600      	mov	r0, r0
 80601d2:	4600      	mov	r0, r0
 80601d4:	4600      	mov	r0, r0
 80601d6:	4600      	mov	r0, r0
 80601d8:	4600      	mov	r0, r0
 80601da:	4600      	mov	r0, r0
 80601dc:	4600      	mov	r0, r0
 80601de:	4600      	mov	r0, r0
 80601e0:	4600      	mov	r0, r0
 80601e2:	4600      	mov	r0, r0
 80601e4:	4600      	mov	r0, r0
 80601e6:	4600      	mov	r0, r0
 80601e8:	4600      	mov	r0, r0
 80601ea:	4600      	mov	r0, r0
 80601ec:	4600      	mov	r0, r0
 80601ee:	4600      	mov	r0, r0
 80601f0:	4600      	mov	r0, r0
 80601f2:	4600      	mov	r0, r0
 80601f4:	4600      	mov	r0, r0
 80601f6:	4600      	mov	r0, r0
 80601f8:	4600      	mov	r0, r0
 80601fa:	4600      	mov	r0, r0
 80601fc:	4600      	mov	r0, r0
 80601fe:	4600      	mov	r0, r0
 8060200:	bf00      	nop
	...
