Build CFG: 93.37659808807075 ms
Verify CFLog / Detect Attack: 0.6043910980224609 ms
	CFLog addrs: 626, Offending Entry: 53
---------------------
Exploit Locator Time
	Backward Trace Time: 0.04482269287109375 ms
		Slice Start Addr: 0, Slice End Addr: 53
		Slice addrs: 54
	Slice Symbolic Execution Time: 3825.089454650879 ms
		mem_accesses : 151
		emul_instrs = 223
	Locate addr_init part 1: 0.041961669921875 ms
	Locate addr_init part 2: 695.772647857666 ms
Patch Generator
	 Generate Patched Nodes: 10.318517684936523 ms
	 Update ELF: 46.1118221282959 ms
Patch Verifier:
	Remap CFLog: 0.4830360412597656 ms
	Build Patched CFG: 700.5236148834229 ms
	Symb. Execute Patched Slice: 10991.550922393799 ms
		mem_accesses : 151
		emul_instrs = 263
