Build CFG: 3319.892619008897 ms
Verify CFLog / Detect Attack: 0.35594099608715624 ms
	CFLog addrs: 32, Offending Entry: 25
Exploit Locator Time
	Backward Trace Time: 0.10224399738945067 ms
	Slice Symbolic Execution Time: 2732.446229987545 ms
		mem_accesses = 148
		emul_instrs = 296
	Locate addr_init part 1: 0.03254800685681403 ms
Verify CFLog / Detect Attack: 0.34270400647073984 ms
	CFLog addrs: 32, Offending Entry: 25
Exploit Locator Time
	Backward Trace Time: 0.13318800483830273 ms
	Slice Symbolic Execution Time: 3120.732751005562 ms
		mem_accesses = 148
		emul_instrs = 296
	Locate addr_init part 1: 0.03119200118817389 ms
Verify CFLog / Detect Attack: 0.3803669969784096 ms
	CFLog addrs: 32, Offending Entry: 25
Exploit Locator Time
	Backward Trace Time: 0.21961498714517802 ms
	Slice Symbolic Execution Time: 3124.5717959973263 ms
		mem_accesses = 148
		emul_instrs = 296
	Locate addr_init part 1: 0.04694800009019673 ms
Verify CFLog / Detect Attack: 0.35921999369747937 ms
	CFLog addrs: 32, Offending Entry: 25
Exploit Locator Time
	Backward Trace Time: 0.17259700689464808 ms
	Slice Symbolic Execution Time: 2002.2637789952569 ms
		mem_accesses = 102
		emul_instrs = 168
	Locate addr_init part 1: 0.032276002457365394 ms
