Build CFG: 386.5704662166536 ms
Verify CFLog / Detect Attack: 0.5366802215576172 ms
	CFLog addrs: 622, Offending Entry: 47
---------------------
Exploit Locator Time
	Backward Trace Time: 0.0362396240234375 ms
		Slice Start Addr: 5, Slice End Addr: 47
		Slice addrs: 43
	Slice Symbolic Execution Time: 8737.183570861816 ms
		mem_accesses : 99
		emul_instrs = 150
	Locate addr_init part 1: 0.09965896606445312 ms
	Locate addr_init part 2: 487.4885082244873 ms
Patch Generator
	 Generate Patched Nodes: 7.024288177490234 ms
	 Update ELF: 58.916330337524414 ms
Patch Verifier:
	Remap CFLog: 0.8075237274169922 ms
	Build Patched CFG: 565.5567646026611 ms
	Symb. Execute Patched Slice: 6334.560394287109 ms
		mem_accesses : 99
		emul_instrs = 178
