Build CFG: 429.32932008989155 ms
Verify CFLog / Detect Attack: 0.4012584686279297 ms
	CFLog addrs: 611, Offending Entry: 22
---------------------
Exploit Locator Time
	Backward Trace Time: 0.031948089599609375 ms
		Slice Start Addr: 0, Slice End Addr: 22
		Slice addrs: 23
	Slice Symbolic Execution Time: 4692.212820053101 ms
		mem_accesses : 134
		emul_instrs = 199
	Locate addr_init part 1: 0.06341934204101562 ms
	Locate addr_init part 2: 447.41106033325195 ms
Patch Generator
	 Generate Patched Nodes: 3.8809776306152344 ms
	 Update ELF: 40.95935821533203 ms
Patch Verifier:
	Remap CFLog: 0.4825592041015625 ms
	Build Patched CFG: 498.69585037231445 ms
	Symb. Execute Patched Slice: 6447.329044342041 ms
		mem_accesses : 134
		emul_instrs = 235
