
./patched.elf:     file format elf32-littlearm


Disassembly of section .text:

080401f8 <__do_global_dtors_aux>:
 80401f8:	b510      	push	{r4, lr}
 80401fa:	4c05      	ldr	r4, [pc, #20]	; (8040210 <__do_global_dtors_aux+0x18>)
 80401fc:	7823      	ldrb	r3, [r4, #0]
 80401fe:	b933      	cbnz	r3, 804020e <__do_global_dtors_aux+0x16>
 8040200:	4b04      	ldr	r3, [pc, #16]	; (8040214 <__do_global_dtors_aux+0x1c>)
 8040202:	b113      	cbz	r3, 804020a <__do_global_dtors_aux+0x12>
 8040204:	4804      	ldr	r0, [pc, #16]	; (8040218 <__do_global_dtors_aux+0x20>)
 8040206:	e000      	b.n	804020a <__do_global_dtors_aux+0x12>
 8040208:	bf00      	nop
 804020a:	2301      	movs	r3, #1
 804020c:	7023      	strb	r3, [r4, #0]
 804020e:	bd10      	pop	{r4, pc}
 8040210:	20018010 	.word	0x20018010
 8040214:	00000000 	.word	0x00000000
 8040218:	08041010 	.word	0x08041010

0804021c <frame_dummy>:
 804021c:	b508      	push	{r3, lr}
 804021e:	4b03      	ldr	r3, [pc, #12]	; (804022c <frame_dummy+0x10>)
 8040220:	b11b      	cbz	r3, 804022a <frame_dummy+0xe>
 8040222:	4903      	ldr	r1, [pc, #12]	; (8040230 <frame_dummy+0x14>)
 8040224:	4803      	ldr	r0, [pc, #12]	; (8040234 <frame_dummy+0x18>)
 8040226:	e000      	b.n	804022a <frame_dummy+0xe>
 8040228:	bf00      	nop
 804022a:	bd08      	pop	{r3, pc}
 804022c:	00000000 	.word	0x00000000
 8040230:	20018014 	.word	0x20018014
 8040234:	08041010 	.word	0x08041010

08040238 <safeFunction>:
 8040238:	b580      	push	{r7, lr}
 804023a:	af00      	add	r7, sp, #0
 804023c:	4b03      	ldr	r3, [pc, #12]	; (804024c <safeFunction+0x14>)
 804023e:	2201      	movs	r2, #1
 8040240:	601a      	str	r2, [r3, #0]
 8040242:	46bd      	mov	sp, r7
 8040244:	e8bd 4080 	ldmia.w	sp!, {r7, lr}
 8040248:	f000 bf1e 	b.w	8041088 <__SECURE_log_ret_veneer>
 804024c:	2001802c 	.word	0x2001802c

08040250 <my_memcpy>:
 8040250:	b580      	push	{r7, lr}
 8040252:	b087      	sub	sp, #28
 8040254:	af00      	add	r7, sp, #0
 8040256:	60f8      	str	r0, [r7, #12]
 8040258:	60b9      	str	r1, [r7, #8]
 804025a:	607a      	str	r2, [r7, #4]
 804025c:	2300      	movs	r3, #0
 804025e:	617b      	str	r3, [r7, #20]
 8040260:	e00c      	b.n	804027c <my_memcpy+0x2c>
 8040262:	f000 ff19 	bl	8041098 <__SECURE_log_cond_br_taken_veneer>
 8040266:	68fa      	ldr	r2, [r7, #12]
 8040268:	697b      	ldr	r3, [r7, #20]
 804026a:	4413      	add	r3, r2
 804026c:	68b9      	ldr	r1, [r7, #8]
 804026e:	697a      	ldr	r2, [r7, #20]
 8040270:	440a      	add	r2, r1
 8040272:	7812      	ldrb	r2, [r2, #0]
 8040274:	701a      	strb	r2, [r3, #0]
 8040276:	697b      	ldr	r3, [r7, #20]
 8040278:	3301      	adds	r3, #1
 804027a:	617b      	str	r3, [r7, #20]
 804027c:	697a      	ldr	r2, [r7, #20]
 804027e:	687b      	ldr	r3, [r7, #4]
 8040280:	429a      	cmp	r2, r3
 8040282:	d3ee      	bcc.n	8040262 <my_memcpy+0x12>
 8040284:	f000 fee0 	bl	8041048 <__SECURE_log_cond_br_not_taken_veneer>
 8040288:	371c      	adds	r7, #28
 804028a:	46bd      	mov	sp, r7
 804028c:	e8bd 4080 	ldmia.w	sp!, {r7, lr}
 8040290:	f000 befa 	b.w	8041088 <__SECURE_log_ret_veneer>

08040294 <malloc>:
 8040294:	b580      	push	{r7, lr}
 8040296:	b085      	sub	sp, #20
 8040298:	af00      	add	r7, sp, #0
 804029a:	6078      	str	r0, [r7, #4]
 804029c:	687b      	ldr	r3, [r7, #4]
 804029e:	3303      	adds	r3, #3
 80402a0:	f023 0303 	bic.w	r3, r3, #3
 80402a4:	607b      	str	r3, [r7, #4]
 80402a6:	687b      	ldr	r3, [r7, #4]
 80402a8:	3308      	adds	r3, #8
 80402aa:	607b      	str	r3, [r7, #4]
 80402ac:	2300      	movs	r3, #0
 80402ae:	60fb      	str	r3, [r7, #12]
 80402b0:	e035      	b.n	804031e <malloc+0x8a>
 80402b2:	f000 fef1 	bl	8041098 <__SECURE_log_cond_br_taken_veneer>
 80402b6:	68fb      	ldr	r3, [r7, #12]
 80402b8:	4a20      	ldr	r2, [pc, #128]	; (804033c <malloc+0xa8>)
 80402ba:	4413      	add	r3, r2
 80402bc:	60bb      	str	r3, [r7, #8]
 80402be:	68bb      	ldr	r3, [r7, #8]
 80402c0:	685b      	ldr	r3, [r3, #4]
 80402c2:	2b00      	cmp	r3, #0
 80402c4:	d00e      	beq.n	80402e4 <malloc+0x50>
 80402c6:	f000 febf 	bl	8041048 <__SECURE_log_cond_br_not_taken_veneer>
 80402ca:	68bb      	ldr	r3, [r7, #8]
 80402cc:	681a      	ldr	r2, [r3, #0]
 80402ce:	687b      	ldr	r3, [r7, #4]
 80402d0:	429a      	cmp	r2, r3
 80402d2:	d307      	bcc.n	80402e4 <malloc+0x50>
 80402d4:	f000 feb8 	bl	8041048 <__SECURE_log_cond_br_not_taken_veneer>
 80402d8:	68bb      	ldr	r3, [r7, #8]
 80402da:	2200      	movs	r2, #0
 80402dc:	605a      	str	r2, [r3, #4]
 80402de:	68bb      	ldr	r3, [r7, #8]
 80402e0:	3308      	adds	r3, #8
 80402e2:	e024      	b.n	804032e <malloc+0x9a>
 80402e4:	f000 fed8 	bl	8041098 <__SECURE_log_cond_br_taken_veneer>
 80402e8:	68bb      	ldr	r3, [r7, #8]
 80402ea:	681b      	ldr	r3, [r3, #0]
 80402ec:	2b00      	cmp	r3, #0
 80402ee:	d10f      	bne.n	8040310 <malloc+0x7c>
 80402f0:	f000 feaa 	bl	8041048 <__SECURE_log_cond_br_not_taken_veneer>
 80402f4:	68bb      	ldr	r3, [r7, #8]
 80402f6:	687a      	ldr	r2, [r7, #4]
 80402f8:	601a      	str	r2, [r3, #0]
 80402fa:	68bb      	ldr	r3, [r7, #8]
 80402fc:	2200      	movs	r2, #0
 80402fe:	605a      	str	r2, [r3, #4]
 8040300:	68fa      	ldr	r2, [r7, #12]
 8040302:	687b      	ldr	r3, [r7, #4]
 8040304:	4413      	add	r3, r2
 8040306:	4a0e      	ldr	r2, [pc, #56]	; (8040340 <malloc+0xac>)
 8040308:	6013      	str	r3, [r2, #0]
 804030a:	68bb      	ldr	r3, [r7, #8]
 804030c:	3308      	adds	r3, #8
 804030e:	e00e      	b.n	804032e <malloc+0x9a>
 8040310:	f000 fec2 	bl	8041098 <__SECURE_log_cond_br_taken_veneer>
 8040314:	68bb      	ldr	r3, [r7, #8]
 8040316:	681b      	ldr	r3, [r3, #0]
 8040318:	68fa      	ldr	r2, [r7, #12]
 804031a:	4413      	add	r3, r2
 804031c:	60fb      	str	r3, [r7, #12]
 804031e:	68fb      	ldr	r3, [r7, #12]
 8040320:	3308      	adds	r3, #8
 8040322:	f5b3 6f80 	cmp.w	r3, #1024	; 0x400
 8040326:	d9c4      	bls.n	80402b2 <malloc+0x1e>
 8040328:	f000 fe8e 	bl	8041048 <__SECURE_log_cond_br_not_taken_veneer>
 804032c:	2300      	movs	r3, #0
 804032e:	4618      	mov	r0, r3
 8040330:	3714      	adds	r7, #20
 8040332:	46bd      	mov	sp, r7
 8040334:	e8bd 4080 	ldmia.w	sp!, {r7, lr}
 8040338:	f000 bea6 	b.w	8041088 <__SECURE_log_ret_veneer>
 804033c:	20018030 	.word	0x20018030
 8040340:	20018430 	.word	0x20018430

08040344 <free>:
 8040344:	b580      	push	{r7, lr}
 8040346:	b085      	sub	sp, #20
 8040348:	af00      	add	r7, sp, #0
 804034a:	6078      	str	r0, [r7, #4]
 804034c:	687b      	ldr	r3, [r7, #4]
 804034e:	2b00      	cmp	r3, #0
 8040350:	d014      	beq.n	804037c <free+0x38>
 8040352:	f000 fe79 	bl	8041048 <__SECURE_log_cond_br_not_taken_veneer>
 8040356:	687b      	ldr	r3, [r7, #4]
 8040358:	4a0c      	ldr	r2, [pc, #48]	; (804038c <free+0x48>)
 804035a:	4293      	cmp	r3, r2
 804035c:	d30e      	bcc.n	804037c <free+0x38>
 804035e:	f000 fe73 	bl	8041048 <__SECURE_log_cond_br_not_taken_veneer>
 8040362:	4a0b      	ldr	r2, [pc, #44]	; (8040390 <free+0x4c>)
 8040364:	687b      	ldr	r3, [r7, #4]
 8040366:	4293      	cmp	r3, r2
 8040368:	d208      	bcs.n	804037c <free+0x38>
 804036a:	f000 fe6d 	bl	8041048 <__SECURE_log_cond_br_not_taken_veneer>
 804036e:	687b      	ldr	r3, [r7, #4]
 8040370:	3b08      	subs	r3, #8
 8040372:	60fb      	str	r3, [r7, #12]
 8040374:	68fb      	ldr	r3, [r7, #12]
 8040376:	2201      	movs	r2, #1
 8040378:	605a      	str	r2, [r3, #4]
 804037a:	e001      	b.n	8040380 <free+0x3c>
 804037c:	f000 fe8c 	bl	8041098 <__SECURE_log_cond_br_taken_veneer>
 8040380:	3714      	adds	r7, #20
 8040382:	46bd      	mov	sp, r7
 8040384:	e8bd 4080 	ldmia.w	sp!, {r7, lr}
 8040388:	f000 be7e 	b.w	8041088 <__SECURE_log_ret_veneer>
 804038c:	20018030 	.word	0x20018030
 8040390:	20018430 	.word	0x20018430

08040394 <compress1>:
 8040394:	b580      	push	{r7, lr}
 8040396:	b088      	sub	sp, #32
 8040398:	af00      	add	r7, sp, #0
 804039a:	6078      	str	r0, [r7, #4]
 804039c:	6039      	str	r1, [r7, #0]
 804039e:	2008      	movs	r0, #8
 80403a0:	f7ff ff78 	bl	8040294 <malloc>
 80403a4:	4603      	mov	r3, r0
 80403a6:	617b      	str	r3, [r7, #20]
 80403a8:	697b      	ldr	r3, [r7, #20]
 80403aa:	4a2a      	ldr	r2, [pc, #168]	; (8040454 <compress1+0xc0>)
 80403ac:	601a      	str	r2, [r3, #0]
 80403ae:	697b      	ldr	r3, [r7, #20]
 80403b0:	2200      	movs	r2, #0
 80403b2:	605a      	str	r2, [r3, #4]
 80403b4:	6978      	ldr	r0, [r7, #20]
 80403b6:	bf00      	nop
 80403b8:	bf00      	nop
 80403ba:	2008      	movs	r0, #8
 80403bc:	f7ff ff6a 	bl	8040294 <malloc>
 80403c0:	4603      	mov	r3, r0
 80403c2:	613b      	str	r3, [r7, #16]
 80403c4:	4b24      	ldr	r3, [pc, #144]	; (8040458 <compress1+0xc4>)
 80403c6:	60bb      	str	r3, [r7, #8]
 80403c8:	4b24      	ldr	r3, [pc, #144]	; (804045c <compress1+0xc8>)
 80403ca:	60fb      	str	r3, [r7, #12]
 80403cc:	f107 0308 	add.w	r3, r7, #8
 80403d0:	2208      	movs	r2, #8
 80403d2:	4619      	mov	r1, r3
 80403d4:	6938      	ldr	r0, [r7, #16]
 80403d6:	f7ff ff3b 	bl	8040250 <my_memcpy>
 80403da:	2300      	movs	r3, #0
 80403dc:	61fb      	str	r3, [r7, #28]
 80403de:	2301      	movs	r3, #1
 80403e0:	61bb      	str	r3, [r7, #24]
 80403e2:	e025      	b.n	8040430 <compress1+0x9c>
 80403e4:	f000 fe58 	bl	8041098 <__SECURE_log_cond_br_taken_veneer>
 80403e8:	683b      	ldr	r3, [r7, #0]
 80403ea:	f003 0301 	and.w	r3, r3, #1
 80403ee:	2b00      	cmp	r3, #0
 80403f0:	d016      	beq.n	8040420 <compress1+0x8c>
 80403f2:	f000 fe29 	bl	8041048 <__SECURE_log_cond_br_not_taken_veneer>
 80403f6:	687b      	ldr	r3, [r7, #4]
 80403f8:	f003 0301 	and.w	r3, r3, #1
 80403fc:	2b00      	cmp	r3, #0
 80403fe:	d009      	beq.n	8040414 <compress1+0x80>
 8040400:	f000 fe22 	bl	8041048 <__SECURE_log_cond_br_not_taken_veneer>
 8040404:	69fa      	ldr	r2, [r7, #28]
 8040406:	69bb      	ldr	r3, [r7, #24]
 8040408:	4313      	orrs	r3, r2
 804040a:	61fb      	str	r3, [r7, #28]
 804040c:	69bb      	ldr	r3, [r7, #24]
 804040e:	005b      	lsls	r3, r3, #1
 8040410:	61bb      	str	r3, [r7, #24]
 8040412:	e007      	b.n	8040424 <compress1+0x90>
 8040414:	f000 fe40 	bl	8041098 <__SECURE_log_cond_br_taken_veneer>
 8040418:	69bb      	ldr	r3, [r7, #24]
 804041a:	005b      	lsls	r3, r3, #1
 804041c:	61bb      	str	r3, [r7, #24]
 804041e:	e001      	b.n	8040424 <compress1+0x90>
 8040420:	f000 fe3a 	bl	8041098 <__SECURE_log_cond_br_taken_veneer>
 8040424:	683b      	ldr	r3, [r7, #0]
 8040426:	085b      	lsrs	r3, r3, #1
 8040428:	603b      	str	r3, [r7, #0]
 804042a:	687b      	ldr	r3, [r7, #4]
 804042c:	085b      	lsrs	r3, r3, #1
 804042e:	607b      	str	r3, [r7, #4]
 8040430:	683b      	ldr	r3, [r7, #0]
 8040432:	2b00      	cmp	r3, #0
 8040434:	d1d6      	bne.n	80403e4 <compress1+0x50>
 8040436:	f000 fe07 	bl	8041048 <__SECURE_log_cond_br_not_taken_veneer>
 804043a:	697b      	ldr	r3, [r7, #20]
 804043c:	681b      	ldr	r3, [r3, #0]
 804043e:	469a      	mov	sl, r3
 8040440:	f000 fe1a 	bl	8041078 <__SECURE_log_indr_fwd_veneer>
 8040444:	69fb      	ldr	r3, [r7, #28]
 8040446:	4618      	mov	r0, r3
 8040448:	3720      	adds	r7, #32
 804044a:	46bd      	mov	sp, r7
 804044c:	e8bd 4080 	ldmia.w	sp!, {r7, lr}
 8040450:	f000 be1a 	b.w	8041088 <__SECURE_log_ret_veneer>
 8040454:	08040239 	.word	0x08040239
 8040458:	080406b4 	.word	0x080406b4
 804045c:	12345678 	.word	0x12345678

08040460 <compress2>:
 8040460:	b580      	push	{r7, lr}
 8040462:	b087      	sub	sp, #28
 8040464:	af00      	add	r7, sp, #0
 8040466:	6078      	str	r0, [r7, #4]
 8040468:	6039      	str	r1, [r7, #0]
 804046a:	2300      	movs	r3, #0
 804046c:	617b      	str	r3, [r7, #20]
 804046e:	2300      	movs	r3, #0
 8040470:	613b      	str	r3, [r7, #16]
 8040472:	f000 fe11 	bl	8041098 <__SECURE_log_cond_br_taken_veneer>
 8040476:	683b      	ldr	r3, [r7, #0]
 8040478:	f003 0301 	and.w	r3, r3, #1
 804047c:	60fb      	str	r3, [r7, #12]
 804047e:	687a      	ldr	r2, [r7, #4]
 8040480:	68fb      	ldr	r3, [r7, #12]
 8040482:	401a      	ands	r2, r3
 8040484:	693b      	ldr	r3, [r7, #16]
 8040486:	fa02 f303 	lsl.w	r3, r2, r3
 804048a:	697a      	ldr	r2, [r7, #20]
 804048c:	4313      	orrs	r3, r2
 804048e:	617b      	str	r3, [r7, #20]
 8040490:	693a      	ldr	r2, [r7, #16]
 8040492:	68fb      	ldr	r3, [r7, #12]
 8040494:	4413      	add	r3, r2
 8040496:	613b      	str	r3, [r7, #16]
 8040498:	687b      	ldr	r3, [r7, #4]
 804049a:	085b      	lsrs	r3, r3, #1
 804049c:	607b      	str	r3, [r7, #4]
 804049e:	683b      	ldr	r3, [r7, #0]
 80404a0:	085b      	lsrs	r3, r3, #1
 80404a2:	603b      	str	r3, [r7, #0]
 80404a4:	683b      	ldr	r3, [r7, #0]
 80404a6:	2b00      	cmp	r3, #0
 80404a8:	d1e3      	bne.n	8040472 <compress2+0x12>
 80404aa:	f000 fdcd 	bl	8041048 <__SECURE_log_cond_br_not_taken_veneer>
 80404ae:	697b      	ldr	r3, [r7, #20]
 80404b0:	4618      	mov	r0, r3
 80404b2:	371c      	adds	r7, #28
 80404b4:	46bd      	mov	sp, r7
 80404b6:	e8bd 4080 	ldmia.w	sp!, {r7, lr}
 80404ba:	f000 bde5 	b.w	8041088 <__SECURE_log_ret_veneer>

080404be <compress3>:
 80404be:	b580      	push	{r7, lr}
 80404c0:	b08d      	sub	sp, #52	; 0x34
 80404c2:	af00      	add	r7, sp, #0
 80404c4:	6078      	str	r0, [r7, #4]
 80404c6:	6039      	str	r1, [r7, #0]
 80404c8:	683b      	ldr	r3, [r7, #0]
 80404ca:	43db      	mvns	r3, r3
 80404cc:	62fb      	str	r3, [r7, #44]	; 0x2c
 80404ce:	683b      	ldr	r3, [r7, #0]
 80404d0:	62bb      	str	r3, [r7, #40]	; 0x28
 80404d2:	2300      	movs	r3, #0
 80404d4:	627b      	str	r3, [r7, #36]	; 0x24
 80404d6:	e045      	b.n	8040564 <compress3+0xa6>
 80404d8:	f000 fdde 	bl	8041098 <__SECURE_log_cond_br_taken_veneer>
 80404dc:	6afb      	ldr	r3, [r7, #44]	; 0x2c
 80404de:	623b      	str	r3, [r7, #32]
 80404e0:	6afb      	ldr	r3, [r7, #44]	; 0x2c
 80404e2:	005b      	lsls	r3, r3, #1
 80404e4:	6afa      	ldr	r2, [r7, #44]	; 0x2c
 80404e6:	4053      	eors	r3, r2
 80404e8:	62fb      	str	r3, [r7, #44]	; 0x2c
 80404ea:	6afb      	ldr	r3, [r7, #44]	; 0x2c
 80404ec:	009b      	lsls	r3, r3, #2
 80404ee:	6afa      	ldr	r2, [r7, #44]	; 0x2c
 80404f0:	4053      	eors	r3, r2
 80404f2:	62fb      	str	r3, [r7, #44]	; 0x2c
 80404f4:	6afb      	ldr	r3, [r7, #44]	; 0x2c
 80404f6:	011b      	lsls	r3, r3, #4
 80404f8:	6afa      	ldr	r2, [r7, #44]	; 0x2c
 80404fa:	4053      	eors	r3, r2
 80404fc:	62fb      	str	r3, [r7, #44]	; 0x2c
 80404fe:	6afb      	ldr	r3, [r7, #44]	; 0x2c
 8040500:	021b      	lsls	r3, r3, #8
 8040502:	6afa      	ldr	r2, [r7, #44]	; 0x2c
 8040504:	4053      	eors	r3, r2
 8040506:	62fb      	str	r3, [r7, #44]	; 0x2c
 8040508:	6afb      	ldr	r3, [r7, #44]	; 0x2c
 804050a:	041b      	lsls	r3, r3, #16
 804050c:	6afa      	ldr	r2, [r7, #44]	; 0x2c
 804050e:	4053      	eors	r3, r2
 8040510:	62fb      	str	r3, [r7, #44]	; 0x2c
 8040512:	6afb      	ldr	r3, [r7, #44]	; 0x2c
 8040514:	005a      	lsls	r2, r3, #1
 8040516:	6abb      	ldr	r3, [r7, #40]	; 0x28
 8040518:	401a      	ands	r2, r3
 804051a:	6a7b      	ldr	r3, [r7, #36]	; 0x24
 804051c:	009b      	lsls	r3, r3, #2
 804051e:	f107 0130 	add.w	r1, r7, #48	; 0x30
 8040522:	440b      	add	r3, r1
 8040524:	f843 2c24 	str.w	r2, [r3, #-36]
 8040528:	6afb      	ldr	r3, [r7, #44]	; 0x2c
 804052a:	43da      	mvns	r2, r3
 804052c:	6a3b      	ldr	r3, [r7, #32]
 804052e:	4013      	ands	r3, r2
 8040530:	62fb      	str	r3, [r7, #44]	; 0x2c
 8040532:	6a7b      	ldr	r3, [r7, #36]	; 0x24
 8040534:	009b      	lsls	r3, r3, #2
 8040536:	f107 0230 	add.w	r2, r7, #48	; 0x30
 804053a:	4413      	add	r3, r2
 804053c:	f853 2c24 	ldr.w	r2, [r3, #-36]
 8040540:	6abb      	ldr	r3, [r7, #40]	; 0x28
 8040542:	4013      	ands	r3, r2
 8040544:	623b      	str	r3, [r7, #32]
 8040546:	6aba      	ldr	r2, [r7, #40]	; 0x28
 8040548:	6a3b      	ldr	r3, [r7, #32]
 804054a:	405a      	eors	r2, r3
 804054c:	2101      	movs	r1, #1
 804054e:	6a7b      	ldr	r3, [r7, #36]	; 0x24
 8040550:	fa01 f303 	lsl.w	r3, r1, r3
 8040554:	6a39      	ldr	r1, [r7, #32]
 8040556:	fa21 f303 	lsr.w	r3, r1, r3
 804055a:	4053      	eors	r3, r2
 804055c:	62bb      	str	r3, [r7, #40]	; 0x28
 804055e:	6a7b      	ldr	r3, [r7, #36]	; 0x24
 8040560:	3301      	adds	r3, #1
 8040562:	627b      	str	r3, [r7, #36]	; 0x24
 8040564:	6a7b      	ldr	r3, [r7, #36]	; 0x24
 8040566:	2b04      	cmp	r3, #4
 8040568:	ddb6      	ble.n	80404d8 <compress3+0x1a>
 804056a:	f000 fd6d 	bl	8041048 <__SECURE_log_cond_br_not_taken_veneer>
 804056e:	687a      	ldr	r2, [r7, #4]
 8040570:	683b      	ldr	r3, [r7, #0]
 8040572:	4013      	ands	r3, r2
 8040574:	607b      	str	r3, [r7, #4]
 8040576:	68fa      	ldr	r2, [r7, #12]
 8040578:	687b      	ldr	r3, [r7, #4]
 804057a:	4013      	ands	r3, r2
 804057c:	623b      	str	r3, [r7, #32]
 804057e:	687a      	ldr	r2, [r7, #4]
 8040580:	6a3b      	ldr	r3, [r7, #32]
 8040582:	405a      	eors	r2, r3
 8040584:	6a3b      	ldr	r3, [r7, #32]
 8040586:	085b      	lsrs	r3, r3, #1
 8040588:	4053      	eors	r3, r2
 804058a:	607b      	str	r3, [r7, #4]
 804058c:	693a      	ldr	r2, [r7, #16]
 804058e:	687b      	ldr	r3, [r7, #4]
 8040590:	4013      	ands	r3, r2
 8040592:	623b      	str	r3, [r7, #32]
 8040594:	687a      	ldr	r2, [r7, #4]
 8040596:	6a3b      	ldr	r3, [r7, #32]
 8040598:	405a      	eors	r2, r3
 804059a:	6a3b      	ldr	r3, [r7, #32]
 804059c:	089b      	lsrs	r3, r3, #2
 804059e:	4053      	eors	r3, r2
 80405a0:	607b      	str	r3, [r7, #4]
 80405a2:	697a      	ldr	r2, [r7, #20]
 80405a4:	687b      	ldr	r3, [r7, #4]
 80405a6:	4013      	ands	r3, r2
 80405a8:	623b      	str	r3, [r7, #32]
 80405aa:	687a      	ldr	r2, [r7, #4]
 80405ac:	6a3b      	ldr	r3, [r7, #32]
 80405ae:	405a      	eors	r2, r3
 80405b0:	6a3b      	ldr	r3, [r7, #32]
 80405b2:	091b      	lsrs	r3, r3, #4
 80405b4:	4053      	eors	r3, r2
 80405b6:	607b      	str	r3, [r7, #4]
 80405b8:	69ba      	ldr	r2, [r7, #24]
 80405ba:	687b      	ldr	r3, [r7, #4]
 80405bc:	4013      	ands	r3, r2
 80405be:	623b      	str	r3, [r7, #32]
 80405c0:	687a      	ldr	r2, [r7, #4]
 80405c2:	6a3b      	ldr	r3, [r7, #32]
 80405c4:	405a      	eors	r2, r3
 80405c6:	6a3b      	ldr	r3, [r7, #32]
 80405c8:	0a1b      	lsrs	r3, r3, #8
 80405ca:	4053      	eors	r3, r2
 80405cc:	607b      	str	r3, [r7, #4]
 80405ce:	69fa      	ldr	r2, [r7, #28]
 80405d0:	687b      	ldr	r3, [r7, #4]
 80405d2:	4013      	ands	r3, r2
 80405d4:	623b      	str	r3, [r7, #32]
 80405d6:	687a      	ldr	r2, [r7, #4]
 80405d8:	6a3b      	ldr	r3, [r7, #32]
 80405da:	405a      	eors	r2, r3
 80405dc:	6a3b      	ldr	r3, [r7, #32]
 80405de:	0c1b      	lsrs	r3, r3, #16
 80405e0:	4053      	eors	r3, r2
 80405e2:	607b      	str	r3, [r7, #4]
 80405e4:	687b      	ldr	r3, [r7, #4]
 80405e6:	4618      	mov	r0, r3
 80405e8:	3734      	adds	r7, #52	; 0x34
 80405ea:	46bd      	mov	sp, r7
 80405ec:	e8bd 4080 	ldmia.w	sp!, {r7, lr}
 80405f0:	f000 bd4a 	b.w	8041088 <__SECURE_log_ret_veneer>

080405f4 <compress4>:
 80405f4:	b580      	push	{r7, lr}
 80405f6:	b089      	sub	sp, #36	; 0x24
 80405f8:	af00      	add	r7, sp, #0
 80405fa:	6078      	str	r0, [r7, #4]
 80405fc:	6039      	str	r1, [r7, #0]
 80405fe:	687a      	ldr	r2, [r7, #4]
 8040600:	683b      	ldr	r3, [r7, #0]
 8040602:	4013      	ands	r3, r2
 8040604:	607b      	str	r3, [r7, #4]
 8040606:	683b      	ldr	r3, [r7, #0]
 8040608:	43db      	mvns	r3, r3
 804060a:	005b      	lsls	r3, r3, #1
 804060c:	61fb      	str	r3, [r7, #28]
 804060e:	2300      	movs	r3, #0
 8040610:	61bb      	str	r3, [r7, #24]
 8040612:	e042      	b.n	804069a <compress4+0xa6>
 8040614:	f000 fd40 	bl	8041098 <__SECURE_log_cond_br_taken_veneer>
 8040618:	69fb      	ldr	r3, [r7, #28]
 804061a:	005a      	lsls	r2, r3, #1
 804061c:	69fb      	ldr	r3, [r7, #28]
 804061e:	4053      	eors	r3, r2
 8040620:	617b      	str	r3, [r7, #20]
 8040622:	697b      	ldr	r3, [r7, #20]
 8040624:	009b      	lsls	r3, r3, #2
 8040626:	697a      	ldr	r2, [r7, #20]
 8040628:	4053      	eors	r3, r2
 804062a:	617b      	str	r3, [r7, #20]
 804062c:	697b      	ldr	r3, [r7, #20]
 804062e:	011b      	lsls	r3, r3, #4
 8040630:	697a      	ldr	r2, [r7, #20]
 8040632:	4053      	eors	r3, r2
 8040634:	617b      	str	r3, [r7, #20]
 8040636:	697b      	ldr	r3, [r7, #20]
 8040638:	021b      	lsls	r3, r3, #8
 804063a:	697a      	ldr	r2, [r7, #20]
 804063c:	4053      	eors	r3, r2
 804063e:	617b      	str	r3, [r7, #20]
 8040640:	697b      	ldr	r3, [r7, #20]
 8040642:	041b      	lsls	r3, r3, #16
 8040644:	697a      	ldr	r2, [r7, #20]
 8040646:	4053      	eors	r3, r2
 8040648:	617b      	str	r3, [r7, #20]
 804064a:	697a      	ldr	r2, [r7, #20]
 804064c:	683b      	ldr	r3, [r7, #0]
 804064e:	4013      	ands	r3, r2
 8040650:	613b      	str	r3, [r7, #16]
 8040652:	683a      	ldr	r2, [r7, #0]
 8040654:	693b      	ldr	r3, [r7, #16]
 8040656:	405a      	eors	r2, r3
 8040658:	2101      	movs	r1, #1
 804065a:	69bb      	ldr	r3, [r7, #24]
 804065c:	fa01 f303 	lsl.w	r3, r1, r3
 8040660:	6939      	ldr	r1, [r7, #16]
 8040662:	fa21 f303 	lsr.w	r3, r1, r3
 8040666:	4313      	orrs	r3, r2
 8040668:	603b      	str	r3, [r7, #0]
 804066a:	687a      	ldr	r2, [r7, #4]
 804066c:	693b      	ldr	r3, [r7, #16]
 804066e:	4013      	ands	r3, r2
 8040670:	60fb      	str	r3, [r7, #12]
 8040672:	687a      	ldr	r2, [r7, #4]
 8040674:	68fb      	ldr	r3, [r7, #12]
 8040676:	405a      	eors	r2, r3
 8040678:	2101      	movs	r1, #1
 804067a:	69bb      	ldr	r3, [r7, #24]
 804067c:	fa01 f303 	lsl.w	r3, r1, r3
 8040680:	68f9      	ldr	r1, [r7, #12]
 8040682:	fa21 f303 	lsr.w	r3, r1, r3
 8040686:	4313      	orrs	r3, r2
 8040688:	607b      	str	r3, [r7, #4]
 804068a:	697b      	ldr	r3, [r7, #20]
 804068c:	43db      	mvns	r3, r3
 804068e:	69fa      	ldr	r2, [r7, #28]
 8040690:	4013      	ands	r3, r2
 8040692:	61fb      	str	r3, [r7, #28]
 8040694:	69bb      	ldr	r3, [r7, #24]
 8040696:	3301      	adds	r3, #1
 8040698:	61bb      	str	r3, [r7, #24]
 804069a:	69bb      	ldr	r3, [r7, #24]
 804069c:	2b04      	cmp	r3, #4
 804069e:	ddb9      	ble.n	8040614 <compress4+0x20>
 80406a0:	f000 fcd2 	bl	8041048 <__SECURE_log_cond_br_not_taken_veneer>
 80406a4:	687b      	ldr	r3, [r7, #4]
 80406a6:	4618      	mov	r0, r3
 80406a8:	3724      	adds	r7, #36	; 0x24
 80406aa:	46bd      	mov	sp, r7
 80406ac:	e8bd 4080 	ldmia.w	sp!, {r7, lr}
 80406b0:	f000 bcea 	b.w	8041088 <__SECURE_log_ret_veneer>

080406b4 <application>:
 80406b4:	b580      	push	{r7, lr}
 80406b6:	b084      	sub	sp, #16
 80406b8:	af00      	add	r7, sp, #0
 80406ba:	2300      	movs	r3, #0
 80406bc:	60fb      	str	r3, [r7, #12]
 80406be:	2300      	movs	r3, #0
 80406c0:	60bb      	str	r3, [r7, #8]
 80406c2:	4a3d      	ldr	r2, [pc, #244]	; (80407b8 <application+0x104>)
 80406c4:	68bb      	ldr	r3, [r7, #8]
 80406c6:	f852 0023 	ldr.w	r0, [r2, r3, lsl #2]
 80406ca:	68bb      	ldr	r3, [r7, #8]
 80406cc:	3301      	adds	r3, #1
 80406ce:	4a3a      	ldr	r2, [pc, #232]	; (80407b8 <application+0x104>)
 80406d0:	f852 3023 	ldr.w	r3, [r2, r3, lsl #2]
 80406d4:	4619      	mov	r1, r3
 80406d6:	f7ff fe5d 	bl	8040394 <compress1>
 80406da:	6078      	str	r0, [r7, #4]
 80406dc:	68bb      	ldr	r3, [r7, #8]
 80406de:	3302      	adds	r3, #2
 80406e0:	4a35      	ldr	r2, [pc, #212]	; (80407b8 <application+0x104>)
 80406e2:	f852 2023 	ldr.w	r2, [r2, r3, lsl #2]
 80406e6:	687b      	ldr	r3, [r7, #4]
 80406e8:	429a      	cmp	r2, r3
 80406ea:	d004      	beq.n	80406f6 <application+0x42>
 80406ec:	f000 fcac 	bl	8041048 <__SECURE_log_cond_br_not_taken_veneer>
 80406f0:	2301      	movs	r3, #1
 80406f2:	60fb      	str	r3, [r7, #12]
 80406f4:	e001      	b.n	80406fa <application+0x46>
 80406f6:	f000 fccf 	bl	8041098 <__SECURE_log_cond_br_taken_veneer>
 80406fa:	4a2f      	ldr	r2, [pc, #188]	; (80407b8 <application+0x104>)
 80406fc:	68bb      	ldr	r3, [r7, #8]
 80406fe:	f852 0023 	ldr.w	r0, [r2, r3, lsl #2]
 8040702:	68bb      	ldr	r3, [r7, #8]
 8040704:	3301      	adds	r3, #1
 8040706:	4a2c      	ldr	r2, [pc, #176]	; (80407b8 <application+0x104>)
 8040708:	f852 3023 	ldr.w	r3, [r2, r3, lsl #2]
 804070c:	4619      	mov	r1, r3
 804070e:	f7ff fea7 	bl	8040460 <compress2>
 8040712:	6078      	str	r0, [r7, #4]
 8040714:	68bb      	ldr	r3, [r7, #8]
 8040716:	3302      	adds	r3, #2
 8040718:	4a27      	ldr	r2, [pc, #156]	; (80407b8 <application+0x104>)
 804071a:	f852 2023 	ldr.w	r2, [r2, r3, lsl #2]
 804071e:	687b      	ldr	r3, [r7, #4]
 8040720:	429a      	cmp	r2, r3
 8040722:	d004      	beq.n	804072e <application+0x7a>
 8040724:	f000 fc90 	bl	8041048 <__SECURE_log_cond_br_not_taken_veneer>
 8040728:	2301      	movs	r3, #1
 804072a:	60fb      	str	r3, [r7, #12]
 804072c:	e001      	b.n	8040732 <application+0x7e>
 804072e:	f000 fcb3 	bl	8041098 <__SECURE_log_cond_br_taken_veneer>
 8040732:	4a21      	ldr	r2, [pc, #132]	; (80407b8 <application+0x104>)
 8040734:	68bb      	ldr	r3, [r7, #8]
 8040736:	f852 0023 	ldr.w	r0, [r2, r3, lsl #2]
 804073a:	68bb      	ldr	r3, [r7, #8]
 804073c:	3301      	adds	r3, #1
 804073e:	4a1e      	ldr	r2, [pc, #120]	; (80407b8 <application+0x104>)
 8040740:	f852 3023 	ldr.w	r3, [r2, r3, lsl #2]
 8040744:	4619      	mov	r1, r3
 8040746:	f7ff feba 	bl	80404be <compress3>
 804074a:	6078      	str	r0, [r7, #4]
 804074c:	68bb      	ldr	r3, [r7, #8]
 804074e:	3302      	adds	r3, #2
 8040750:	4a19      	ldr	r2, [pc, #100]	; (80407b8 <application+0x104>)
 8040752:	f852 2023 	ldr.w	r2, [r2, r3, lsl #2]
 8040756:	687b      	ldr	r3, [r7, #4]
 8040758:	429a      	cmp	r2, r3
 804075a:	d004      	beq.n	8040766 <application+0xb2>
 804075c:	f000 fc74 	bl	8041048 <__SECURE_log_cond_br_not_taken_veneer>
 8040760:	2301      	movs	r3, #1
 8040762:	60fb      	str	r3, [r7, #12]
 8040764:	e001      	b.n	804076a <application+0xb6>
 8040766:	f000 fc97 	bl	8041098 <__SECURE_log_cond_br_taken_veneer>
 804076a:	4a13      	ldr	r2, [pc, #76]	; (80407b8 <application+0x104>)
 804076c:	68bb      	ldr	r3, [r7, #8]
 804076e:	f852 0023 	ldr.w	r0, [r2, r3, lsl #2]
 8040772:	68bb      	ldr	r3, [r7, #8]
 8040774:	3301      	adds	r3, #1
 8040776:	4a10      	ldr	r2, [pc, #64]	; (80407b8 <application+0x104>)
 8040778:	f852 3023 	ldr.w	r3, [r2, r3, lsl #2]
 804077c:	4619      	mov	r1, r3
 804077e:	f7ff ff39 	bl	80405f4 <compress4>
 8040782:	6078      	str	r0, [r7, #4]
 8040784:	68bb      	ldr	r3, [r7, #8]
 8040786:	3302      	adds	r3, #2
 8040788:	4a0b      	ldr	r2, [pc, #44]	; (80407b8 <application+0x104>)
 804078a:	f852 2023 	ldr.w	r2, [r2, r3, lsl #2]
 804078e:	687b      	ldr	r3, [r7, #4]
 8040790:	429a      	cmp	r2, r3
 8040792:	d004      	beq.n	804079e <application+0xea>
 8040794:	f000 fc58 	bl	8041048 <__SECURE_log_cond_br_not_taken_veneer>
 8040798:	2301      	movs	r3, #1
 804079a:	60fb      	str	r3, [r7, #12]
 804079c:	e001      	b.n	80407a2 <application+0xee>
 804079e:	f000 fc7b 	bl	8041098 <__SECURE_log_cond_br_taken_veneer>
 80407a2:	68f8      	ldr	r0, [r7, #12]
 80407a4:	f000 fc60 	bl	8041068 <__SECURE_record_output_data_veneer>
 80407a8:	f000 fc5e 	bl	8041068 <__SECURE_record_output_data_veneer>
 80407ac:	3710      	adds	r7, #16
 80407ae:	46bd      	mov	sp, r7
 80407b0:	e8bd 4080 	ldmia.w	sp!, {r7, lr}
 80407b4:	f000 bc68 	b.w	8041088 <__SECURE_log_ret_veneer>
 80407b8:	080410a8 	.word	0x080410a8

080407bc <MX_GPIO_Init>:
 80407bc:	b580      	push	{r7, lr}
 80407be:	b088      	sub	sp, #32
 80407c0:	af00      	add	r7, sp, #0
 80407c2:	f107 030c 	add.w	r3, r7, #12
 80407c6:	2200      	movs	r2, #0
 80407c8:	601a      	str	r2, [r3, #0]
 80407ca:	605a      	str	r2, [r3, #4]
 80407cc:	609a      	str	r2, [r3, #8]
 80407ce:	60da      	str	r2, [r3, #12]
 80407d0:	611a      	str	r2, [r3, #16]
 80407d2:	4b28      	ldr	r3, [pc, #160]	; (8040874 <MX_GPIO_Init+0xb8>)
 80407d4:	6cdb      	ldr	r3, [r3, #76]	; 0x4c
 80407d6:	4a27      	ldr	r2, [pc, #156]	; (8040874 <MX_GPIO_Init+0xb8>)
 80407d8:	f043 0304 	orr.w	r3, r3, #4
 80407dc:	64d3      	str	r3, [r2, #76]	; 0x4c
 80407de:	4b25      	ldr	r3, [pc, #148]	; (8040874 <MX_GPIO_Init+0xb8>)
 80407e0:	6cdb      	ldr	r3, [r3, #76]	; 0x4c
 80407e2:	f003 0304 	and.w	r3, r3, #4
 80407e6:	60bb      	str	r3, [r7, #8]
 80407e8:	68bb      	ldr	r3, [r7, #8]
 80407ea:	4b22      	ldr	r3, [pc, #136]	; (8040874 <MX_GPIO_Init+0xb8>)
 80407ec:	6cdb      	ldr	r3, [r3, #76]	; 0x4c
 80407ee:	4a21      	ldr	r2, [pc, #132]	; (8040874 <MX_GPIO_Init+0xb8>)
 80407f0:	f043 0301 	orr.w	r3, r3, #1
 80407f4:	64d3      	str	r3, [r2, #76]	; 0x4c
 80407f6:	4b1f      	ldr	r3, [pc, #124]	; (8040874 <MX_GPIO_Init+0xb8>)
 80407f8:	6cdb      	ldr	r3, [r3, #76]	; 0x4c
 80407fa:	f003 0301 	and.w	r3, r3, #1
 80407fe:	607b      	str	r3, [r7, #4]
 8040800:	687b      	ldr	r3, [r7, #4]
 8040802:	2200      	movs	r2, #0
 8040804:	2180      	movs	r1, #128	; 0x80
 8040806:	481c      	ldr	r0, [pc, #112]	; (8040878 <MX_GPIO_Init+0xbc>)
 8040808:	f000 fbc6 	bl	8040f98 <HAL_GPIO_WritePin>
 804080c:	2200      	movs	r2, #0
 804080e:	f44f 7100 	mov.w	r1, #512	; 0x200
 8040812:	481a      	ldr	r0, [pc, #104]	; (804087c <MX_GPIO_Init+0xc0>)
 8040814:	f000 fbc0 	bl	8040f98 <HAL_GPIO_WritePin>
 8040818:	f44f 5300 	mov.w	r3, #8192	; 0x2000
 804081c:	60fb      	str	r3, [r7, #12]
 804081e:	2300      	movs	r3, #0
 8040820:	613b      	str	r3, [r7, #16]
 8040822:	2300      	movs	r3, #0
 8040824:	617b      	str	r3, [r7, #20]
 8040826:	f107 030c 	add.w	r3, r7, #12
 804082a:	4619      	mov	r1, r3
 804082c:	4812      	ldr	r0, [pc, #72]	; (8040878 <MX_GPIO_Init+0xbc>)
 804082e:	f000 fa33 	bl	8040c98 <HAL_GPIO_Init>
 8040832:	2380      	movs	r3, #128	; 0x80
 8040834:	60fb      	str	r3, [r7, #12]
 8040836:	2301      	movs	r3, #1
 8040838:	613b      	str	r3, [r7, #16]
 804083a:	2300      	movs	r3, #0
 804083c:	617b      	str	r3, [r7, #20]
 804083e:	2300      	movs	r3, #0
 8040840:	61bb      	str	r3, [r7, #24]
 8040842:	f107 030c 	add.w	r3, r7, #12
 8040846:	4619      	mov	r1, r3
 8040848:	480b      	ldr	r0, [pc, #44]	; (8040878 <MX_GPIO_Init+0xbc>)
 804084a:	f000 fa25 	bl	8040c98 <HAL_GPIO_Init>
 804084e:	f44f 7300 	mov.w	r3, #512	; 0x200
 8040852:	60fb      	str	r3, [r7, #12]
 8040854:	2301      	movs	r3, #1
 8040856:	613b      	str	r3, [r7, #16]
 8040858:	2300      	movs	r3, #0
 804085a:	617b      	str	r3, [r7, #20]
 804085c:	2300      	movs	r3, #0
 804085e:	61bb      	str	r3, [r7, #24]
 8040860:	f107 030c 	add.w	r3, r7, #12
 8040864:	4619      	mov	r1, r3
 8040866:	4805      	ldr	r0, [pc, #20]	; (804087c <MX_GPIO_Init+0xc0>)
 8040868:	f000 fa16 	bl	8040c98 <HAL_GPIO_Init>
 804086c:	bf00      	nop
 804086e:	3720      	adds	r7, #32
 8040870:	46bd      	mov	sp, r7
 8040872:	bd80      	pop	{r7, pc}
 8040874:	40021000 	.word	0x40021000
 8040878:	42020800 	.word	0x42020800
 804087c:	42020000 	.word	0x42020000

08040880 <SecureFault_Callback>:
 8040880:	b580      	push	{r7, lr}
 8040882:	af00      	add	r7, sp, #0
 8040884:	2201      	movs	r2, #1
 8040886:	f44f 7100 	mov.w	r1, #512	; 0x200
 804088a:	4803      	ldr	r0, [pc, #12]	; (8040898 <SecureFault_Callback+0x18>)
 804088c:	f000 fb84 	bl	8040f98 <HAL_GPIO_WritePin>
 8040890:	f000 f82e 	bl	80408f0 <Error_Handler>
 8040894:	bf00      	nop
 8040896:	bd80      	pop	{r7, pc}
 8040898:	42020000 	.word	0x42020000

0804089c <SecureError_Callback>:
 804089c:	b580      	push	{r7, lr}
 804089e:	af00      	add	r7, sp, #0
 80408a0:	2201      	movs	r2, #1
 80408a2:	f44f 7100 	mov.w	r1, #512	; 0x200
 80408a6:	4803      	ldr	r0, [pc, #12]	; (80408b4 <SecureError_Callback+0x18>)
 80408a8:	f000 fb76 	bl	8040f98 <HAL_GPIO_WritePin>
 80408ac:	f000 f820 	bl	80408f0 <Error_Handler>
 80408b0:	bf00      	nop
 80408b2:	bd80      	pop	{r7, pc}
 80408b4:	42020000 	.word	0x42020000

080408b8 <main>:
 80408b8:	b580      	push	{r7, lr}
 80408ba:	af00      	add	r7, sp, #0
 80408bc:	f000 f89d 	bl	80409fa <HAL_Init>
 80408c0:	f7ff ff7c 	bl	80407bc <MX_GPIO_Init>
 80408c4:	4907      	ldr	r1, [pc, #28]	; (80408e4 <main+0x2c>)
 80408c6:	2000      	movs	r0, #0
 80408c8:	f000 fbc6 	bl	8041058 <__SECURE_RegisterCallback_veneer>
 80408cc:	4906      	ldr	r1, [pc, #24]	; (80408e8 <main+0x30>)
 80408ce:	2001      	movs	r0, #1
 80408d0:	f000 fbc2 	bl	8041058 <__SECURE_RegisterCallback_veneer>
 80408d4:	4905      	ldr	r1, [pc, #20]	; (80408ec <main+0x34>)
 80408d6:	2002      	movs	r0, #2
 80408d8:	f000 fbbe 	bl	8041058 <__SECURE_RegisterCallback_veneer>
 80408dc:	f000 fba4 	bl	8041028 <__SECURE_run_attestation_wait_mode_veneer>
 80408e0:	e7fc      	b.n	80408dc <main+0x24>
 80408e2:	bf00      	nop
 80408e4:	08040881 	.word	0x08040881
 80408e8:	0804089d 	.word	0x0804089d
 80408ec:	080406b5 	.word	0x080406b5

080408f0 <Error_Handler>:
 80408f0:	b580      	push	{r7, lr}
 80408f2:	af00      	add	r7, sp, #0
 80408f4:	b672      	cpsid	i
 80408f6:	bf00      	nop
 80408f8:	4b01      	ldr	r3, [pc, #4]	; (8040900 <Error_Handler+0x10>)
 80408fa:	681b      	ldr	r3, [r3, #0]
 80408fc:	4798      	blx	r3
 80408fe:	e7fe      	b.n	80408fe <Error_Handler+0xe>
 8040900:	20018000 	.word	0x20018000

08040904 <HAL_MspInit>:
 8040904:	b480      	push	{r7}
 8040906:	b083      	sub	sp, #12
 8040908:	af00      	add	r7, sp, #0
 804090a:	4b0f      	ldr	r3, [pc, #60]	; (8040948 <HAL_MspInit+0x44>)
 804090c:	6e1b      	ldr	r3, [r3, #96]	; 0x60
 804090e:	4a0e      	ldr	r2, [pc, #56]	; (8040948 <HAL_MspInit+0x44>)
 8040910:	f043 0301 	orr.w	r3, r3, #1
 8040914:	6613      	str	r3, [r2, #96]	; 0x60
 8040916:	4b0c      	ldr	r3, [pc, #48]	; (8040948 <HAL_MspInit+0x44>)
 8040918:	6e1b      	ldr	r3, [r3, #96]	; 0x60
 804091a:	f003 0301 	and.w	r3, r3, #1
 804091e:	607b      	str	r3, [r7, #4]
 8040920:	687b      	ldr	r3, [r7, #4]
 8040922:	4b09      	ldr	r3, [pc, #36]	; (8040948 <HAL_MspInit+0x44>)
 8040924:	6d9b      	ldr	r3, [r3, #88]	; 0x58
 8040926:	4a08      	ldr	r2, [pc, #32]	; (8040948 <HAL_MspInit+0x44>)
 8040928:	f043 5380 	orr.w	r3, r3, #268435456	; 0x10000000
 804092c:	6593      	str	r3, [r2, #88]	; 0x58
 804092e:	4b06      	ldr	r3, [pc, #24]	; (8040948 <HAL_MspInit+0x44>)
 8040930:	6d9b      	ldr	r3, [r3, #88]	; 0x58
 8040932:	f003 5380 	and.w	r3, r3, #268435456	; 0x10000000
 8040936:	603b      	str	r3, [r7, #0]
 8040938:	683b      	ldr	r3, [r7, #0]
 804093a:	bf00      	nop
 804093c:	370c      	adds	r7, #12
 804093e:	46bd      	mov	sp, r7
 8040940:	f85d 7b04 	ldr.w	r7, [sp], #4
 8040944:	4770      	bx	lr
 8040946:	bf00      	nop
 8040948:	40021000 	.word	0x40021000

0804094c <MemManage_Handler>:
 804094c:	b480      	push	{r7}
 804094e:	af00      	add	r7, sp, #0
 8040950:	e7fe      	b.n	8040950 <MemManage_Handler+0x4>

08040952 <UsageFault_Handler>:
 8040952:	b480      	push	{r7}
 8040954:	af00      	add	r7, sp, #0
 8040956:	e7fe      	b.n	8040956 <UsageFault_Handler+0x4>

08040958 <SVC_Handler>:
 8040958:	b480      	push	{r7}
 804095a:	af00      	add	r7, sp, #0
 804095c:	bf00      	nop
 804095e:	46bd      	mov	sp, r7
 8040960:	f85d 7b04 	ldr.w	r7, [sp], #4
 8040964:	4770      	bx	lr

08040966 <PendSV_Handler>:
 8040966:	b480      	push	{r7}
 8040968:	af00      	add	r7, sp, #0
 804096a:	bf00      	nop
 804096c:	46bd      	mov	sp, r7
 804096e:	f85d 7b04 	ldr.w	r7, [sp], #4
 8040972:	4770      	bx	lr

08040974 <SysTick_Handler>:
 8040974:	b580      	push	{r7, lr}
 8040976:	af00      	add	r7, sp, #0
 8040978:	f000 f896 	bl	8040aa8 <HAL_IncTick>
 804097c:	bf00      	nop
 804097e:	bd80      	pop	{r7, pc}

08040980 <SystemInit>:
 8040980:	b480      	push	{r7}
 8040982:	af00      	add	r7, sp, #0
 8040984:	bf00      	nop
 8040986:	46bd      	mov	sp, r7
 8040988:	f85d 7b04 	ldr.w	r7, [sp], #4
 804098c:	4770      	bx	lr
	...

08040990 <SystemCoreClockUpdate>:
 8040990:	b580      	push	{r7, lr}
 8040992:	af00      	add	r7, sp, #0
 8040994:	f000 fb50 	bl	8041038 <__SECURE_SystemCoreClockUpdate_veneer>
 8040998:	4603      	mov	r3, r0
 804099a:	4a02      	ldr	r2, [pc, #8]	; (80409a4 <SystemCoreClockUpdate+0x14>)
 804099c:	6013      	str	r3, [r2, #0]
 804099e:	bf00      	nop
 80409a0:	bd80      	pop	{r7, pc}
 80409a2:	bf00      	nop
 80409a4:	20018004 	.word	0x20018004

080409a8 <Reset_Handler>:
 80409a8:	f8df d034 	ldr.w	sp, [pc, #52]	; 80409e0 <LoopForever+0x2>
 80409ac:	f7ff ffe8 	bl	8040980 <SystemInit>
 80409b0:	2100      	movs	r1, #0
 80409b2:	e003      	b.n	80409bc <LoopCopyDataInit>

080409b4 <CopyDataInit>:
 80409b4:	4b0b      	ldr	r3, [pc, #44]	; (80409e4 <LoopForever+0x6>)
 80409b6:	585b      	ldr	r3, [r3, r1]
 80409b8:	5043      	str	r3, [r0, r1]
 80409ba:	3104      	adds	r1, #4

080409bc <LoopCopyDataInit>:
 80409bc:	480a      	ldr	r0, [pc, #40]	; (80409e8 <LoopForever+0xa>)
 80409be:	4b0b      	ldr	r3, [pc, #44]	; (80409ec <LoopForever+0xe>)
 80409c0:	1842      	adds	r2, r0, r1
 80409c2:	429a      	cmp	r2, r3
 80409c4:	d3f6      	bcc.n	80409b4 <CopyDataInit>
 80409c6:	4a0a      	ldr	r2, [pc, #40]	; (80409f0 <LoopForever+0x12>)
 80409c8:	e002      	b.n	80409d0 <LoopFillZerobss>

080409ca <FillZerobss>:
 80409ca:	2300      	movs	r3, #0
 80409cc:	f842 3b04 	str.w	r3, [r2], #4

080409d0 <LoopFillZerobss>:
 80409d0:	4b08      	ldr	r3, [pc, #32]	; (80409f4 <LoopForever+0x16>)
 80409d2:	429a      	cmp	r2, r3
 80409d4:	d3f9      	bcc.n	80409ca <FillZerobss>
 80409d6:	f000 faf7 	bl	8040fc8 <__libc_init_array>
 80409da:	f7ff ff6d 	bl	80408b8 <main>

080409de <LoopForever>:
 80409de:	e7fe      	b.n	80409de <LoopForever>
 80409e0:	20040000 	.word	0x20040000
 80409e4:	080410bc 	.word	0x080410bc
 80409e8:	20018000 	.word	0x20018000
 80409ec:	20018010 	.word	0x20018010
 80409f0:	20018010 	.word	0x20018010
 80409f4:	20018438 	.word	0x20018438

080409f8 <ADC1_2_IRQHandler>:
 80409f8:	e7fe      	b.n	80409f8 <ADC1_2_IRQHandler>

080409fa <HAL_Init>:
 80409fa:	b580      	push	{r7, lr}
 80409fc:	b082      	sub	sp, #8
 80409fe:	af00      	add	r7, sp, #0
 8040a00:	2300      	movs	r3, #0
 8040a02:	71fb      	strb	r3, [r7, #7]
 8040a04:	2004      	movs	r0, #4
 8040a06:	f000 f915 	bl	8040c34 <HAL_NVIC_SetPriorityGrouping>
 8040a0a:	f7ff ffc1 	bl	8040990 <SystemCoreClockUpdate>
 8040a0e:	2007      	movs	r0, #7
 8040a10:	f000 f80e 	bl	8040a30 <HAL_InitTick>
 8040a14:	4603      	mov	r3, r0
 8040a16:	2b00      	cmp	r3, #0
 8040a18:	d002      	beq.n	8040a20 <HAL_Init+0x26>
 8040a1a:	2301      	movs	r3, #1
 8040a1c:	71fb      	strb	r3, [r7, #7]
 8040a1e:	e001      	b.n	8040a24 <HAL_Init+0x2a>
 8040a20:	f7ff ff70 	bl	8040904 <HAL_MspInit>
 8040a24:	79fb      	ldrb	r3, [r7, #7]
 8040a26:	4618      	mov	r0, r3
 8040a28:	3708      	adds	r7, #8
 8040a2a:	46bd      	mov	sp, r7
 8040a2c:	bd80      	pop	{r7, pc}
	...

08040a30 <HAL_InitTick>:
 8040a30:	b580      	push	{r7, lr}
 8040a32:	b084      	sub	sp, #16
 8040a34:	af00      	add	r7, sp, #0
 8040a36:	6078      	str	r0, [r7, #4]
 8040a38:	2300      	movs	r3, #0
 8040a3a:	73fb      	strb	r3, [r7, #15]
 8040a3c:	4b17      	ldr	r3, [pc, #92]	; (8040a9c <HAL_InitTick+0x6c>)
 8040a3e:	781b      	ldrb	r3, [r3, #0]
 8040a40:	2b00      	cmp	r3, #0
 8040a42:	d023      	beq.n	8040a8c <HAL_InitTick+0x5c>
 8040a44:	4b16      	ldr	r3, [pc, #88]	; (8040aa0 <HAL_InitTick+0x70>)
 8040a46:	681a      	ldr	r2, [r3, #0]
 8040a48:	4b14      	ldr	r3, [pc, #80]	; (8040a9c <HAL_InitTick+0x6c>)
 8040a4a:	781b      	ldrb	r3, [r3, #0]
 8040a4c:	4619      	mov	r1, r3
 8040a4e:	f44f 737a 	mov.w	r3, #1000	; 0x3e8
 8040a52:	fbb3 f3f1 	udiv	r3, r3, r1
 8040a56:	fbb2 f3f3 	udiv	r3, r2, r3
 8040a5a:	4618      	mov	r0, r3
 8040a5c:	f000 f90f 	bl	8040c7e <HAL_SYSTICK_Config>
 8040a60:	4603      	mov	r3, r0
 8040a62:	2b00      	cmp	r3, #0
 8040a64:	d10f      	bne.n	8040a86 <HAL_InitTick+0x56>
 8040a66:	687b      	ldr	r3, [r7, #4]
 8040a68:	2b07      	cmp	r3, #7
 8040a6a:	d809      	bhi.n	8040a80 <HAL_InitTick+0x50>
 8040a6c:	2200      	movs	r2, #0
 8040a6e:	6879      	ldr	r1, [r7, #4]
 8040a70:	f04f 30ff 	mov.w	r0, #4294967295	; 0xffffffff
 8040a74:	f000 f8e9 	bl	8040c4a <HAL_NVIC_SetPriority>
 8040a78:	4a0a      	ldr	r2, [pc, #40]	; (8040aa4 <HAL_InitTick+0x74>)
 8040a7a:	687b      	ldr	r3, [r7, #4]
 8040a7c:	6013      	str	r3, [r2, #0]
 8040a7e:	e007      	b.n	8040a90 <HAL_InitTick+0x60>
 8040a80:	2301      	movs	r3, #1
 8040a82:	73fb      	strb	r3, [r7, #15]
 8040a84:	e004      	b.n	8040a90 <HAL_InitTick+0x60>
 8040a86:	2301      	movs	r3, #1
 8040a88:	73fb      	strb	r3, [r7, #15]
 8040a8a:	e001      	b.n	8040a90 <HAL_InitTick+0x60>
 8040a8c:	2301      	movs	r3, #1
 8040a8e:	73fb      	strb	r3, [r7, #15]
 8040a90:	7bfb      	ldrb	r3, [r7, #15]
 8040a92:	4618      	mov	r0, r3
 8040a94:	3710      	adds	r7, #16
 8040a96:	46bd      	mov	sp, r7
 8040a98:	bd80      	pop	{r7, pc}
 8040a9a:	bf00      	nop
 8040a9c:	2001800c 	.word	0x2001800c
 8040aa0:	20018004 	.word	0x20018004
 8040aa4:	20018008 	.word	0x20018008

08040aa8 <HAL_IncTick>:
 8040aa8:	b480      	push	{r7}
 8040aaa:	af00      	add	r7, sp, #0
 8040aac:	4b06      	ldr	r3, [pc, #24]	; (8040ac8 <HAL_IncTick+0x20>)
 8040aae:	781b      	ldrb	r3, [r3, #0]
 8040ab0:	461a      	mov	r2, r3
 8040ab2:	4b06      	ldr	r3, [pc, #24]	; (8040acc <HAL_IncTick+0x24>)
 8040ab4:	681b      	ldr	r3, [r3, #0]
 8040ab6:	4413      	add	r3, r2
 8040ab8:	4a04      	ldr	r2, [pc, #16]	; (8040acc <HAL_IncTick+0x24>)
 8040aba:	6013      	str	r3, [r2, #0]
 8040abc:	bf00      	nop
 8040abe:	46bd      	mov	sp, r7
 8040ac0:	f85d 7b04 	ldr.w	r7, [sp], #4
 8040ac4:	4770      	bx	lr
 8040ac6:	bf00      	nop
 8040ac8:	2001800c 	.word	0x2001800c
 8040acc:	20018434 	.word	0x20018434

08040ad0 <__NVIC_SetPriorityGrouping>:
 8040ad0:	b480      	push	{r7}
 8040ad2:	b085      	sub	sp, #20
 8040ad4:	af00      	add	r7, sp, #0
 8040ad6:	6078      	str	r0, [r7, #4]
 8040ad8:	687b      	ldr	r3, [r7, #4]
 8040ada:	f003 0307 	and.w	r3, r3, #7
 8040ade:	60fb      	str	r3, [r7, #12]
 8040ae0:	4b0c      	ldr	r3, [pc, #48]	; (8040b14 <__NVIC_SetPriorityGrouping+0x44>)
 8040ae2:	68db      	ldr	r3, [r3, #12]
 8040ae4:	60bb      	str	r3, [r7, #8]
 8040ae6:	68ba      	ldr	r2, [r7, #8]
 8040ae8:	f64f 03ff 	movw	r3, #63743	; 0xf8ff
 8040aec:	4013      	ands	r3, r2
 8040aee:	60bb      	str	r3, [r7, #8]
 8040af0:	68fb      	ldr	r3, [r7, #12]
 8040af2:	021a      	lsls	r2, r3, #8
 8040af4:	68bb      	ldr	r3, [r7, #8]
 8040af6:	4313      	orrs	r3, r2
 8040af8:	f043 63bf 	orr.w	r3, r3, #100139008	; 0x5f80000
 8040afc:	f443 3300 	orr.w	r3, r3, #131072	; 0x20000
 8040b00:	60bb      	str	r3, [r7, #8]
 8040b02:	4a04      	ldr	r2, [pc, #16]	; (8040b14 <__NVIC_SetPriorityGrouping+0x44>)
 8040b04:	68bb      	ldr	r3, [r7, #8]
 8040b06:	60d3      	str	r3, [r2, #12]
 8040b08:	bf00      	nop
 8040b0a:	3714      	adds	r7, #20
 8040b0c:	46bd      	mov	sp, r7
 8040b0e:	f85d 7b04 	ldr.w	r7, [sp], #4
 8040b12:	4770      	bx	lr
 8040b14:	e000ed00 	.word	0xe000ed00

08040b18 <__NVIC_GetPriorityGrouping>:
 8040b18:	b480      	push	{r7}
 8040b1a:	af00      	add	r7, sp, #0
 8040b1c:	4b04      	ldr	r3, [pc, #16]	; (8040b30 <__NVIC_GetPriorityGrouping+0x18>)
 8040b1e:	68db      	ldr	r3, [r3, #12]
 8040b20:	0a1b      	lsrs	r3, r3, #8
 8040b22:	f003 0307 	and.w	r3, r3, #7
 8040b26:	4618      	mov	r0, r3
 8040b28:	46bd      	mov	sp, r7
 8040b2a:	f85d 7b04 	ldr.w	r7, [sp], #4
 8040b2e:	4770      	bx	lr
 8040b30:	e000ed00 	.word	0xe000ed00

08040b34 <__NVIC_SetPriority>:
 8040b34:	b480      	push	{r7}
 8040b36:	b083      	sub	sp, #12
 8040b38:	af00      	add	r7, sp, #0
 8040b3a:	4603      	mov	r3, r0
 8040b3c:	6039      	str	r1, [r7, #0]
 8040b3e:	71fb      	strb	r3, [r7, #7]
 8040b40:	f997 3007 	ldrsb.w	r3, [r7, #7]
 8040b44:	2b00      	cmp	r3, #0
 8040b46:	db0a      	blt.n	8040b5e <__NVIC_SetPriority+0x2a>
 8040b48:	683b      	ldr	r3, [r7, #0]
 8040b4a:	b2da      	uxtb	r2, r3
 8040b4c:	490c      	ldr	r1, [pc, #48]	; (8040b80 <__NVIC_SetPriority+0x4c>)
 8040b4e:	f997 3007 	ldrsb.w	r3, [r7, #7]
 8040b52:	0152      	lsls	r2, r2, #5
 8040b54:	b2d2      	uxtb	r2, r2
 8040b56:	440b      	add	r3, r1
 8040b58:	f883 2300 	strb.w	r2, [r3, #768]	; 0x300
 8040b5c:	e00a      	b.n	8040b74 <__NVIC_SetPriority+0x40>
 8040b5e:	683b      	ldr	r3, [r7, #0]
 8040b60:	b2da      	uxtb	r2, r3
 8040b62:	4908      	ldr	r1, [pc, #32]	; (8040b84 <__NVIC_SetPriority+0x50>)
 8040b64:	79fb      	ldrb	r3, [r7, #7]
 8040b66:	f003 030f 	and.w	r3, r3, #15
 8040b6a:	3b04      	subs	r3, #4
 8040b6c:	0152      	lsls	r2, r2, #5
 8040b6e:	b2d2      	uxtb	r2, r2
 8040b70:	440b      	add	r3, r1
 8040b72:	761a      	strb	r2, [r3, #24]
 8040b74:	bf00      	nop
 8040b76:	370c      	adds	r7, #12
 8040b78:	46bd      	mov	sp, r7
 8040b7a:	f85d 7b04 	ldr.w	r7, [sp], #4
 8040b7e:	4770      	bx	lr
 8040b80:	e000e100 	.word	0xe000e100
 8040b84:	e000ed00 	.word	0xe000ed00

08040b88 <NVIC_EncodePriority>:
 8040b88:	b480      	push	{r7}
 8040b8a:	b089      	sub	sp, #36	; 0x24
 8040b8c:	af00      	add	r7, sp, #0
 8040b8e:	60f8      	str	r0, [r7, #12]
 8040b90:	60b9      	str	r1, [r7, #8]
 8040b92:	607a      	str	r2, [r7, #4]
 8040b94:	68fb      	ldr	r3, [r7, #12]
 8040b96:	f003 0307 	and.w	r3, r3, #7
 8040b9a:	61fb      	str	r3, [r7, #28]
 8040b9c:	69fb      	ldr	r3, [r7, #28]
 8040b9e:	f1c3 0307 	rsb	r3, r3, #7
 8040ba2:	2b03      	cmp	r3, #3
 8040ba4:	bf28      	it	cs
 8040ba6:	2303      	movcs	r3, #3
 8040ba8:	61bb      	str	r3, [r7, #24]
 8040baa:	69fb      	ldr	r3, [r7, #28]
 8040bac:	3303      	adds	r3, #3
 8040bae:	2b06      	cmp	r3, #6
 8040bb0:	d902      	bls.n	8040bb8 <NVIC_EncodePriority+0x30>
 8040bb2:	69fb      	ldr	r3, [r7, #28]
 8040bb4:	3b04      	subs	r3, #4
 8040bb6:	e000      	b.n	8040bba <NVIC_EncodePriority+0x32>
 8040bb8:	2300      	movs	r3, #0
 8040bba:	617b      	str	r3, [r7, #20]
 8040bbc:	f04f 32ff 	mov.w	r2, #4294967295	; 0xffffffff
 8040bc0:	69bb      	ldr	r3, [r7, #24]
 8040bc2:	fa02 f303 	lsl.w	r3, r2, r3
 8040bc6:	43da      	mvns	r2, r3
 8040bc8:	68bb      	ldr	r3, [r7, #8]
 8040bca:	401a      	ands	r2, r3
 8040bcc:	697b      	ldr	r3, [r7, #20]
 8040bce:	409a      	lsls	r2, r3
 8040bd0:	f04f 31ff 	mov.w	r1, #4294967295	; 0xffffffff
 8040bd4:	697b      	ldr	r3, [r7, #20]
 8040bd6:	fa01 f303 	lsl.w	r3, r1, r3
 8040bda:	43d9      	mvns	r1, r3
 8040bdc:	687b      	ldr	r3, [r7, #4]
 8040bde:	400b      	ands	r3, r1
 8040be0:	4313      	orrs	r3, r2
 8040be2:	4618      	mov	r0, r3
 8040be4:	3724      	adds	r7, #36	; 0x24
 8040be6:	46bd      	mov	sp, r7
 8040be8:	f85d 7b04 	ldr.w	r7, [sp], #4
 8040bec:	4770      	bx	lr
	...

08040bf0 <SysTick_Config>:
 8040bf0:	b580      	push	{r7, lr}
 8040bf2:	b082      	sub	sp, #8
 8040bf4:	af00      	add	r7, sp, #0
 8040bf6:	6078      	str	r0, [r7, #4]
 8040bf8:	687b      	ldr	r3, [r7, #4]
 8040bfa:	3b01      	subs	r3, #1
 8040bfc:	f1b3 7f80 	cmp.w	r3, #16777216	; 0x1000000
 8040c00:	d301      	bcc.n	8040c06 <SysTick_Config+0x16>
 8040c02:	2301      	movs	r3, #1
 8040c04:	e00f      	b.n	8040c26 <SysTick_Config+0x36>
 8040c06:	4a0a      	ldr	r2, [pc, #40]	; (8040c30 <SysTick_Config+0x40>)
 8040c08:	687b      	ldr	r3, [r7, #4]
 8040c0a:	3b01      	subs	r3, #1
 8040c0c:	6053      	str	r3, [r2, #4]
 8040c0e:	2107      	movs	r1, #7
 8040c10:	f04f 30ff 	mov.w	r0, #4294967295	; 0xffffffff
 8040c14:	f7ff ff8e 	bl	8040b34 <__NVIC_SetPriority>
 8040c18:	4b05      	ldr	r3, [pc, #20]	; (8040c30 <SysTick_Config+0x40>)
 8040c1a:	2200      	movs	r2, #0
 8040c1c:	609a      	str	r2, [r3, #8]
 8040c1e:	4b04      	ldr	r3, [pc, #16]	; (8040c30 <SysTick_Config+0x40>)
 8040c20:	2207      	movs	r2, #7
 8040c22:	601a      	str	r2, [r3, #0]
 8040c24:	2300      	movs	r3, #0
 8040c26:	4618      	mov	r0, r3
 8040c28:	3708      	adds	r7, #8
 8040c2a:	46bd      	mov	sp, r7
 8040c2c:	bd80      	pop	{r7, pc}
 8040c2e:	bf00      	nop
 8040c30:	e000e010 	.word	0xe000e010

08040c34 <HAL_NVIC_SetPriorityGrouping>:
 8040c34:	b580      	push	{r7, lr}
 8040c36:	b082      	sub	sp, #8
 8040c38:	af00      	add	r7, sp, #0
 8040c3a:	6078      	str	r0, [r7, #4]
 8040c3c:	6878      	ldr	r0, [r7, #4]
 8040c3e:	f7ff ff47 	bl	8040ad0 <__NVIC_SetPriorityGrouping>
 8040c42:	bf00      	nop
 8040c44:	3708      	adds	r7, #8
 8040c46:	46bd      	mov	sp, r7
 8040c48:	bd80      	pop	{r7, pc}

08040c4a <HAL_NVIC_SetPriority>:
 8040c4a:	b580      	push	{r7, lr}
 8040c4c:	b086      	sub	sp, #24
 8040c4e:	af00      	add	r7, sp, #0
 8040c50:	4603      	mov	r3, r0
 8040c52:	60b9      	str	r1, [r7, #8]
 8040c54:	607a      	str	r2, [r7, #4]
 8040c56:	73fb      	strb	r3, [r7, #15]
 8040c58:	f7ff ff5e 	bl	8040b18 <__NVIC_GetPriorityGrouping>
 8040c5c:	6178      	str	r0, [r7, #20]
 8040c5e:	687a      	ldr	r2, [r7, #4]
 8040c60:	68b9      	ldr	r1, [r7, #8]
 8040c62:	6978      	ldr	r0, [r7, #20]
 8040c64:	f7ff ff90 	bl	8040b88 <NVIC_EncodePriority>
 8040c68:	4602      	mov	r2, r0
 8040c6a:	f997 300f 	ldrsb.w	r3, [r7, #15]
 8040c6e:	4611      	mov	r1, r2
 8040c70:	4618      	mov	r0, r3
 8040c72:	f7ff ff5f 	bl	8040b34 <__NVIC_SetPriority>
 8040c76:	bf00      	nop
 8040c78:	3718      	adds	r7, #24
 8040c7a:	46bd      	mov	sp, r7
 8040c7c:	bd80      	pop	{r7, pc}

08040c7e <HAL_SYSTICK_Config>:
 8040c7e:	b580      	push	{r7, lr}
 8040c80:	b082      	sub	sp, #8
 8040c82:	af00      	add	r7, sp, #0
 8040c84:	6078      	str	r0, [r7, #4]
 8040c86:	6878      	ldr	r0, [r7, #4]
 8040c88:	f7ff ffb2 	bl	8040bf0 <SysTick_Config>
 8040c8c:	4603      	mov	r3, r0
 8040c8e:	4618      	mov	r0, r3
 8040c90:	3708      	adds	r7, #8
 8040c92:	46bd      	mov	sp, r7
 8040c94:	bd80      	pop	{r7, pc}
	...

08040c98 <HAL_GPIO_Init>:
 8040c98:	b480      	push	{r7}
 8040c9a:	b087      	sub	sp, #28
 8040c9c:	af00      	add	r7, sp, #0
 8040c9e:	6078      	str	r0, [r7, #4]
 8040ca0:	6039      	str	r1, [r7, #0]
 8040ca2:	2300      	movs	r3, #0
 8040ca4:	617b      	str	r3, [r7, #20]
 8040ca6:	e158      	b.n	8040f5a <HAL_GPIO_Init+0x2c2>
 8040ca8:	683b      	ldr	r3, [r7, #0]
 8040caa:	681a      	ldr	r2, [r3, #0]
 8040cac:	2101      	movs	r1, #1
 8040cae:	697b      	ldr	r3, [r7, #20]
 8040cb0:	fa01 f303 	lsl.w	r3, r1, r3
 8040cb4:	4013      	ands	r3, r2
 8040cb6:	60fb      	str	r3, [r7, #12]
 8040cb8:	68fb      	ldr	r3, [r7, #12]
 8040cba:	2b00      	cmp	r3, #0
 8040cbc:	f000 814a 	beq.w	8040f54 <HAL_GPIO_Init+0x2bc>
 8040cc0:	683b      	ldr	r3, [r7, #0]
 8040cc2:	685b      	ldr	r3, [r3, #4]
 8040cc4:	2b01      	cmp	r3, #1
 8040cc6:	d00b      	beq.n	8040ce0 <HAL_GPIO_Init+0x48>
 8040cc8:	683b      	ldr	r3, [r7, #0]
 8040cca:	685b      	ldr	r3, [r3, #4]
 8040ccc:	2b02      	cmp	r3, #2
 8040cce:	d007      	beq.n	8040ce0 <HAL_GPIO_Init+0x48>
 8040cd0:	683b      	ldr	r3, [r7, #0]
 8040cd2:	685b      	ldr	r3, [r3, #4]
 8040cd4:	2b11      	cmp	r3, #17
 8040cd6:	d003      	beq.n	8040ce0 <HAL_GPIO_Init+0x48>
 8040cd8:	683b      	ldr	r3, [r7, #0]
 8040cda:	685b      	ldr	r3, [r3, #4]
 8040cdc:	2b12      	cmp	r3, #18
 8040cde:	d130      	bne.n	8040d42 <HAL_GPIO_Init+0xaa>
 8040ce0:	687b      	ldr	r3, [r7, #4]
 8040ce2:	689b      	ldr	r3, [r3, #8]
 8040ce4:	613b      	str	r3, [r7, #16]
 8040ce6:	697b      	ldr	r3, [r7, #20]
 8040ce8:	005b      	lsls	r3, r3, #1
 8040cea:	2203      	movs	r2, #3
 8040cec:	fa02 f303 	lsl.w	r3, r2, r3
 8040cf0:	43db      	mvns	r3, r3
 8040cf2:	693a      	ldr	r2, [r7, #16]
 8040cf4:	4013      	ands	r3, r2
 8040cf6:	613b      	str	r3, [r7, #16]
 8040cf8:	683b      	ldr	r3, [r7, #0]
 8040cfa:	68da      	ldr	r2, [r3, #12]
 8040cfc:	697b      	ldr	r3, [r7, #20]
 8040cfe:	005b      	lsls	r3, r3, #1
 8040d00:	fa02 f303 	lsl.w	r3, r2, r3
 8040d04:	693a      	ldr	r2, [r7, #16]
 8040d06:	4313      	orrs	r3, r2
 8040d08:	613b      	str	r3, [r7, #16]
 8040d0a:	687b      	ldr	r3, [r7, #4]
 8040d0c:	693a      	ldr	r2, [r7, #16]
 8040d0e:	609a      	str	r2, [r3, #8]
 8040d10:	687b      	ldr	r3, [r7, #4]
 8040d12:	685b      	ldr	r3, [r3, #4]
 8040d14:	613b      	str	r3, [r7, #16]
 8040d16:	2201      	movs	r2, #1
 8040d18:	697b      	ldr	r3, [r7, #20]
 8040d1a:	fa02 f303 	lsl.w	r3, r2, r3
 8040d1e:	43db      	mvns	r3, r3
 8040d20:	693a      	ldr	r2, [r7, #16]
 8040d22:	4013      	ands	r3, r2
 8040d24:	613b      	str	r3, [r7, #16]
 8040d26:	683b      	ldr	r3, [r7, #0]
 8040d28:	685b      	ldr	r3, [r3, #4]
 8040d2a:	091b      	lsrs	r3, r3, #4
 8040d2c:	f003 0201 	and.w	r2, r3, #1
 8040d30:	697b      	ldr	r3, [r7, #20]
 8040d32:	fa02 f303 	lsl.w	r3, r2, r3
 8040d36:	693a      	ldr	r2, [r7, #16]
 8040d38:	4313      	orrs	r3, r2
 8040d3a:	613b      	str	r3, [r7, #16]
 8040d3c:	687b      	ldr	r3, [r7, #4]
 8040d3e:	693a      	ldr	r2, [r7, #16]
 8040d40:	605a      	str	r2, [r3, #4]
 8040d42:	687b      	ldr	r3, [r7, #4]
 8040d44:	68db      	ldr	r3, [r3, #12]
 8040d46:	613b      	str	r3, [r7, #16]
 8040d48:	697b      	ldr	r3, [r7, #20]
 8040d4a:	005b      	lsls	r3, r3, #1
 8040d4c:	2203      	movs	r2, #3
 8040d4e:	fa02 f303 	lsl.w	r3, r2, r3
 8040d52:	43db      	mvns	r3, r3
 8040d54:	693a      	ldr	r2, [r7, #16]
 8040d56:	4013      	ands	r3, r2
 8040d58:	613b      	str	r3, [r7, #16]
 8040d5a:	683b      	ldr	r3, [r7, #0]
 8040d5c:	689a      	ldr	r2, [r3, #8]
 8040d5e:	697b      	ldr	r3, [r7, #20]
 8040d60:	005b      	lsls	r3, r3, #1
 8040d62:	fa02 f303 	lsl.w	r3, r2, r3
 8040d66:	693a      	ldr	r2, [r7, #16]
 8040d68:	4313      	orrs	r3, r2
 8040d6a:	613b      	str	r3, [r7, #16]
 8040d6c:	687b      	ldr	r3, [r7, #4]
 8040d6e:	693a      	ldr	r2, [r7, #16]
 8040d70:	60da      	str	r2, [r3, #12]
 8040d72:	683b      	ldr	r3, [r7, #0]
 8040d74:	685b      	ldr	r3, [r3, #4]
 8040d76:	2b02      	cmp	r3, #2
 8040d78:	d003      	beq.n	8040d82 <HAL_GPIO_Init+0xea>
 8040d7a:	683b      	ldr	r3, [r7, #0]
 8040d7c:	685b      	ldr	r3, [r3, #4]
 8040d7e:	2b12      	cmp	r3, #18
 8040d80:	d123      	bne.n	8040dca <HAL_GPIO_Init+0x132>
 8040d82:	697b      	ldr	r3, [r7, #20]
 8040d84:	08da      	lsrs	r2, r3, #3
 8040d86:	687b      	ldr	r3, [r7, #4]
 8040d88:	3208      	adds	r2, #8
 8040d8a:	f853 3022 	ldr.w	r3, [r3, r2, lsl #2]
 8040d8e:	613b      	str	r3, [r7, #16]
 8040d90:	697b      	ldr	r3, [r7, #20]
 8040d92:	f003 0307 	and.w	r3, r3, #7
 8040d96:	009b      	lsls	r3, r3, #2
 8040d98:	220f      	movs	r2, #15
 8040d9a:	fa02 f303 	lsl.w	r3, r2, r3
 8040d9e:	43db      	mvns	r3, r3
 8040da0:	693a      	ldr	r2, [r7, #16]
 8040da2:	4013      	ands	r3, r2
 8040da4:	613b      	str	r3, [r7, #16]
 8040da6:	683b      	ldr	r3, [r7, #0]
 8040da8:	691a      	ldr	r2, [r3, #16]
 8040daa:	697b      	ldr	r3, [r7, #20]
 8040dac:	f003 0307 	and.w	r3, r3, #7
 8040db0:	009b      	lsls	r3, r3, #2
 8040db2:	fa02 f303 	lsl.w	r3, r2, r3
 8040db6:	693a      	ldr	r2, [r7, #16]
 8040db8:	4313      	orrs	r3, r2
 8040dba:	613b      	str	r3, [r7, #16]
 8040dbc:	697b      	ldr	r3, [r7, #20]
 8040dbe:	08da      	lsrs	r2, r3, #3
 8040dc0:	687b      	ldr	r3, [r7, #4]
 8040dc2:	3208      	adds	r2, #8
 8040dc4:	6939      	ldr	r1, [r7, #16]
 8040dc6:	f843 1022 	str.w	r1, [r3, r2, lsl #2]
 8040dca:	687b      	ldr	r3, [r7, #4]
 8040dcc:	681b      	ldr	r3, [r3, #0]
 8040dce:	613b      	str	r3, [r7, #16]
 8040dd0:	697b      	ldr	r3, [r7, #20]
 8040dd2:	005b      	lsls	r3, r3, #1
 8040dd4:	2203      	movs	r2, #3
 8040dd6:	fa02 f303 	lsl.w	r3, r2, r3
 8040dda:	43db      	mvns	r3, r3
 8040ddc:	693a      	ldr	r2, [r7, #16]
 8040dde:	4013      	ands	r3, r2
 8040de0:	613b      	str	r3, [r7, #16]
 8040de2:	683b      	ldr	r3, [r7, #0]
 8040de4:	685b      	ldr	r3, [r3, #4]
 8040de6:	f003 0203 	and.w	r2, r3, #3
 8040dea:	697b      	ldr	r3, [r7, #20]
 8040dec:	005b      	lsls	r3, r3, #1
 8040dee:	fa02 f303 	lsl.w	r3, r2, r3
 8040df2:	693a      	ldr	r2, [r7, #16]
 8040df4:	4313      	orrs	r3, r2
 8040df6:	613b      	str	r3, [r7, #16]
 8040df8:	687b      	ldr	r3, [r7, #4]
 8040dfa:	693a      	ldr	r2, [r7, #16]
 8040dfc:	601a      	str	r2, [r3, #0]
 8040dfe:	683b      	ldr	r3, [r7, #0]
 8040e00:	685b      	ldr	r3, [r3, #4]
 8040e02:	f003 5380 	and.w	r3, r3, #268435456	; 0x10000000
 8040e06:	2b00      	cmp	r3, #0
 8040e08:	f000 80a4 	beq.w	8040f54 <HAL_GPIO_Init+0x2bc>
 8040e0c:	4a5a      	ldr	r2, [pc, #360]	; (8040f78 <HAL_GPIO_Init+0x2e0>)
 8040e0e:	697b      	ldr	r3, [r7, #20]
 8040e10:	089b      	lsrs	r3, r3, #2
 8040e12:	3318      	adds	r3, #24
 8040e14:	f852 3023 	ldr.w	r3, [r2, r3, lsl #2]
 8040e18:	613b      	str	r3, [r7, #16]
 8040e1a:	697b      	ldr	r3, [r7, #20]
 8040e1c:	f003 0303 	and.w	r3, r3, #3
 8040e20:	00db      	lsls	r3, r3, #3
 8040e22:	220f      	movs	r2, #15
 8040e24:	fa02 f303 	lsl.w	r3, r2, r3
 8040e28:	43db      	mvns	r3, r3
 8040e2a:	693a      	ldr	r2, [r7, #16]
 8040e2c:	4013      	ands	r3, r2
 8040e2e:	613b      	str	r3, [r7, #16]
 8040e30:	687b      	ldr	r3, [r7, #4]
 8040e32:	4a52      	ldr	r2, [pc, #328]	; (8040f7c <HAL_GPIO_Init+0x2e4>)
 8040e34:	4293      	cmp	r3, r2
 8040e36:	d025      	beq.n	8040e84 <HAL_GPIO_Init+0x1ec>
 8040e38:	687b      	ldr	r3, [r7, #4]
 8040e3a:	4a51      	ldr	r2, [pc, #324]	; (8040f80 <HAL_GPIO_Init+0x2e8>)
 8040e3c:	4293      	cmp	r3, r2
 8040e3e:	d01f      	beq.n	8040e80 <HAL_GPIO_Init+0x1e8>
 8040e40:	687b      	ldr	r3, [r7, #4]
 8040e42:	4a50      	ldr	r2, [pc, #320]	; (8040f84 <HAL_GPIO_Init+0x2ec>)
 8040e44:	4293      	cmp	r3, r2
 8040e46:	d019      	beq.n	8040e7c <HAL_GPIO_Init+0x1e4>
 8040e48:	687b      	ldr	r3, [r7, #4]
 8040e4a:	4a4f      	ldr	r2, [pc, #316]	; (8040f88 <HAL_GPIO_Init+0x2f0>)
 8040e4c:	4293      	cmp	r3, r2
 8040e4e:	d013      	beq.n	8040e78 <HAL_GPIO_Init+0x1e0>
 8040e50:	687b      	ldr	r3, [r7, #4]
 8040e52:	4a4e      	ldr	r2, [pc, #312]	; (8040f8c <HAL_GPIO_Init+0x2f4>)
 8040e54:	4293      	cmp	r3, r2
 8040e56:	d00d      	beq.n	8040e74 <HAL_GPIO_Init+0x1dc>
 8040e58:	687b      	ldr	r3, [r7, #4]
 8040e5a:	4a4d      	ldr	r2, [pc, #308]	; (8040f90 <HAL_GPIO_Init+0x2f8>)
 8040e5c:	4293      	cmp	r3, r2
 8040e5e:	d007      	beq.n	8040e70 <HAL_GPIO_Init+0x1d8>
 8040e60:	687b      	ldr	r3, [r7, #4]
 8040e62:	4a4c      	ldr	r2, [pc, #304]	; (8040f94 <HAL_GPIO_Init+0x2fc>)
 8040e64:	4293      	cmp	r3, r2
 8040e66:	d101      	bne.n	8040e6c <HAL_GPIO_Init+0x1d4>
 8040e68:	2306      	movs	r3, #6
 8040e6a:	e00c      	b.n	8040e86 <HAL_GPIO_Init+0x1ee>
 8040e6c:	2307      	movs	r3, #7
 8040e6e:	e00a      	b.n	8040e86 <HAL_GPIO_Init+0x1ee>
 8040e70:	2305      	movs	r3, #5
 8040e72:	e008      	b.n	8040e86 <HAL_GPIO_Init+0x1ee>
 8040e74:	2304      	movs	r3, #4
 8040e76:	e006      	b.n	8040e86 <HAL_GPIO_Init+0x1ee>
 8040e78:	2303      	movs	r3, #3
 8040e7a:	e004      	b.n	8040e86 <HAL_GPIO_Init+0x1ee>
 8040e7c:	2302      	movs	r3, #2
 8040e7e:	e002      	b.n	8040e86 <HAL_GPIO_Init+0x1ee>
 8040e80:	2301      	movs	r3, #1
 8040e82:	e000      	b.n	8040e86 <HAL_GPIO_Init+0x1ee>
 8040e84:	2300      	movs	r3, #0
 8040e86:	697a      	ldr	r2, [r7, #20]
 8040e88:	f002 0203 	and.w	r2, r2, #3
 8040e8c:	00d2      	lsls	r2, r2, #3
 8040e8e:	4093      	lsls	r3, r2
 8040e90:	693a      	ldr	r2, [r7, #16]
 8040e92:	4313      	orrs	r3, r2
 8040e94:	613b      	str	r3, [r7, #16]
 8040e96:	4938      	ldr	r1, [pc, #224]	; (8040f78 <HAL_GPIO_Init+0x2e0>)
 8040e98:	697b      	ldr	r3, [r7, #20]
 8040e9a:	089b      	lsrs	r3, r3, #2
 8040e9c:	3318      	adds	r3, #24
 8040e9e:	693a      	ldr	r2, [r7, #16]
 8040ea0:	f841 2023 	str.w	r2, [r1, r3, lsl #2]
 8040ea4:	4b34      	ldr	r3, [pc, #208]	; (8040f78 <HAL_GPIO_Init+0x2e0>)
 8040ea6:	f8d3 3080 	ldr.w	r3, [r3, #128]	; 0x80
 8040eaa:	613b      	str	r3, [r7, #16]
 8040eac:	68fb      	ldr	r3, [r7, #12]
 8040eae:	43db      	mvns	r3, r3
 8040eb0:	693a      	ldr	r2, [r7, #16]
 8040eb2:	4013      	ands	r3, r2
 8040eb4:	613b      	str	r3, [r7, #16]
 8040eb6:	683b      	ldr	r3, [r7, #0]
 8040eb8:	685b      	ldr	r3, [r3, #4]
 8040eba:	f403 3380 	and.w	r3, r3, #65536	; 0x10000
 8040ebe:	2b00      	cmp	r3, #0
 8040ec0:	d003      	beq.n	8040eca <HAL_GPIO_Init+0x232>
 8040ec2:	693a      	ldr	r2, [r7, #16]
 8040ec4:	68fb      	ldr	r3, [r7, #12]
 8040ec6:	4313      	orrs	r3, r2
 8040ec8:	613b      	str	r3, [r7, #16]
 8040eca:	4a2b      	ldr	r2, [pc, #172]	; (8040f78 <HAL_GPIO_Init+0x2e0>)
 8040ecc:	693b      	ldr	r3, [r7, #16]
 8040ece:	f8c2 3080 	str.w	r3, [r2, #128]	; 0x80
 8040ed2:	4b29      	ldr	r3, [pc, #164]	; (8040f78 <HAL_GPIO_Init+0x2e0>)
 8040ed4:	f8d3 3084 	ldr.w	r3, [r3, #132]	; 0x84
 8040ed8:	613b      	str	r3, [r7, #16]
 8040eda:	68fb      	ldr	r3, [r7, #12]
 8040edc:	43db      	mvns	r3, r3
 8040ede:	693a      	ldr	r2, [r7, #16]
 8040ee0:	4013      	ands	r3, r2
 8040ee2:	613b      	str	r3, [r7, #16]
 8040ee4:	683b      	ldr	r3, [r7, #0]
 8040ee6:	685b      	ldr	r3, [r3, #4]
 8040ee8:	f403 3300 	and.w	r3, r3, #131072	; 0x20000
 8040eec:	2b00      	cmp	r3, #0
 8040eee:	d003      	beq.n	8040ef8 <HAL_GPIO_Init+0x260>
 8040ef0:	693a      	ldr	r2, [r7, #16]
 8040ef2:	68fb      	ldr	r3, [r7, #12]
 8040ef4:	4313      	orrs	r3, r2
 8040ef6:	613b      	str	r3, [r7, #16]
 8040ef8:	4a1f      	ldr	r2, [pc, #124]	; (8040f78 <HAL_GPIO_Init+0x2e0>)
 8040efa:	693b      	ldr	r3, [r7, #16]
 8040efc:	f8c2 3084 	str.w	r3, [r2, #132]	; 0x84
 8040f00:	4b1d      	ldr	r3, [pc, #116]	; (8040f78 <HAL_GPIO_Init+0x2e0>)
 8040f02:	681b      	ldr	r3, [r3, #0]
 8040f04:	613b      	str	r3, [r7, #16]
 8040f06:	68fb      	ldr	r3, [r7, #12]
 8040f08:	43db      	mvns	r3, r3
 8040f0a:	693a      	ldr	r2, [r7, #16]
 8040f0c:	4013      	ands	r3, r2
 8040f0e:	613b      	str	r3, [r7, #16]
 8040f10:	683b      	ldr	r3, [r7, #0]
 8040f12:	685b      	ldr	r3, [r3, #4]
 8040f14:	f403 1380 	and.w	r3, r3, #1048576	; 0x100000
 8040f18:	2b00      	cmp	r3, #0
 8040f1a:	d003      	beq.n	8040f24 <HAL_GPIO_Init+0x28c>
 8040f1c:	693a      	ldr	r2, [r7, #16]
 8040f1e:	68fb      	ldr	r3, [r7, #12]
 8040f20:	4313      	orrs	r3, r2
 8040f22:	613b      	str	r3, [r7, #16]
 8040f24:	4a14      	ldr	r2, [pc, #80]	; (8040f78 <HAL_GPIO_Init+0x2e0>)
 8040f26:	693b      	ldr	r3, [r7, #16]
 8040f28:	6013      	str	r3, [r2, #0]
 8040f2a:	4b13      	ldr	r3, [pc, #76]	; (8040f78 <HAL_GPIO_Init+0x2e0>)
 8040f2c:	685b      	ldr	r3, [r3, #4]
 8040f2e:	613b      	str	r3, [r7, #16]
 8040f30:	68fb      	ldr	r3, [r7, #12]
 8040f32:	43db      	mvns	r3, r3
 8040f34:	693a      	ldr	r2, [r7, #16]
 8040f36:	4013      	ands	r3, r2
 8040f38:	613b      	str	r3, [r7, #16]
 8040f3a:	683b      	ldr	r3, [r7, #0]
 8040f3c:	685b      	ldr	r3, [r3, #4]
 8040f3e:	f403 1300 	and.w	r3, r3, #2097152	; 0x200000
 8040f42:	2b00      	cmp	r3, #0
 8040f44:	d003      	beq.n	8040f4e <HAL_GPIO_Init+0x2b6>
 8040f46:	693a      	ldr	r2, [r7, #16]
 8040f48:	68fb      	ldr	r3, [r7, #12]
 8040f4a:	4313      	orrs	r3, r2
 8040f4c:	613b      	str	r3, [r7, #16]
 8040f4e:	4a0a      	ldr	r2, [pc, #40]	; (8040f78 <HAL_GPIO_Init+0x2e0>)
 8040f50:	693b      	ldr	r3, [r7, #16]
 8040f52:	6053      	str	r3, [r2, #4]
 8040f54:	697b      	ldr	r3, [r7, #20]
 8040f56:	3301      	adds	r3, #1
 8040f58:	617b      	str	r3, [r7, #20]
 8040f5a:	683b      	ldr	r3, [r7, #0]
 8040f5c:	681a      	ldr	r2, [r3, #0]
 8040f5e:	697b      	ldr	r3, [r7, #20]
 8040f60:	fa22 f303 	lsr.w	r3, r2, r3
 8040f64:	2b00      	cmp	r3, #0
 8040f66:	f47f ae9f 	bne.w	8040ca8 <HAL_GPIO_Init+0x10>
 8040f6a:	bf00      	nop
 8040f6c:	bf00      	nop
 8040f6e:	371c      	adds	r7, #28
 8040f70:	46bd      	mov	sp, r7
 8040f72:	f85d 7b04 	ldr.w	r7, [sp], #4
 8040f76:	4770      	bx	lr
 8040f78:	4002f400 	.word	0x4002f400
 8040f7c:	42020000 	.word	0x42020000
 8040f80:	42020400 	.word	0x42020400
 8040f84:	42020800 	.word	0x42020800
 8040f88:	42020c00 	.word	0x42020c00
 8040f8c:	42021000 	.word	0x42021000
 8040f90:	42021400 	.word	0x42021400
 8040f94:	42021800 	.word	0x42021800

08040f98 <HAL_GPIO_WritePin>:
 8040f98:	b480      	push	{r7}
 8040f9a:	b083      	sub	sp, #12
 8040f9c:	af00      	add	r7, sp, #0
 8040f9e:	6078      	str	r0, [r7, #4]
 8040fa0:	460b      	mov	r3, r1
 8040fa2:	807b      	strh	r3, [r7, #2]
 8040fa4:	4613      	mov	r3, r2
 8040fa6:	707b      	strb	r3, [r7, #1]
 8040fa8:	787b      	ldrb	r3, [r7, #1]
 8040faa:	2b00      	cmp	r3, #0
 8040fac:	d003      	beq.n	8040fb6 <HAL_GPIO_WritePin+0x1e>
 8040fae:	887a      	ldrh	r2, [r7, #2]
 8040fb0:	687b      	ldr	r3, [r7, #4]
 8040fb2:	619a      	str	r2, [r3, #24]
 8040fb4:	e002      	b.n	8040fbc <HAL_GPIO_WritePin+0x24>
 8040fb6:	887a      	ldrh	r2, [r7, #2]
 8040fb8:	687b      	ldr	r3, [r7, #4]
 8040fba:	629a      	str	r2, [r3, #40]	; 0x28
 8040fbc:	bf00      	nop
 8040fbe:	370c      	adds	r7, #12
 8040fc0:	46bd      	mov	sp, r7
 8040fc2:	f85d 7b04 	ldr.w	r7, [sp], #4
 8040fc6:	4770      	bx	lr

08040fc8 <__libc_init_array>:
 8040fc8:	b570      	push	{r4, r5, r6, lr}
 8040fca:	4d0d      	ldr	r5, [pc, #52]	; (8041000 <__libc_init_array+0x38>)
 8040fcc:	2600      	movs	r6, #0
 8040fce:	4c0d      	ldr	r4, [pc, #52]	; (8041004 <__libc_init_array+0x3c>)
 8040fd0:	1b64      	subs	r4, r4, r5
 8040fd2:	10a4      	asrs	r4, r4, #2
 8040fd4:	42a6      	cmp	r6, r4
 8040fd6:	d109      	bne.n	8040fec <__libc_init_array+0x24>
 8040fd8:	4d0b      	ldr	r5, [pc, #44]	; (8041008 <__libc_init_array+0x40>)
 8040fda:	2600      	movs	r6, #0
 8040fdc:	4c0b      	ldr	r4, [pc, #44]	; (804100c <__libc_init_array+0x44>)
 8040fde:	f000 f817 	bl	8041010 <_init>
 8040fe2:	1b64      	subs	r4, r4, r5
 8040fe4:	10a4      	asrs	r4, r4, #2
 8040fe6:	42a6      	cmp	r6, r4
 8040fe8:	d105      	bne.n	8040ff6 <__libc_init_array+0x2e>
 8040fea:	bd70      	pop	{r4, r5, r6, pc}
 8040fec:	f855 3b04 	ldr.w	r3, [r5], #4
 8040ff0:	3601      	adds	r6, #1
 8040ff2:	4798      	blx	r3
 8040ff4:	e7ee      	b.n	8040fd4 <__libc_init_array+0xc>
 8040ff6:	f855 3b04 	ldr.w	r3, [r5], #4
 8040ffa:	3601      	adds	r6, #1
 8040ffc:	4798      	blx	r3
 8040ffe:	e7f2      	b.n	8040fe6 <__libc_init_array+0x1e>
 8041000:	080410b4 	.word	0x080410b4
 8041004:	080410b4 	.word	0x080410b4
 8041008:	080410b4 	.word	0x080410b4
 804100c:	080410b8 	.word	0x080410b8

08041010 <_init>:
 8041010:	b5f8      	push	{r3, r4, r5, r6, r7, lr}
 8041012:	bf00      	nop
 8041014:	bcf8      	pop	{r3, r4, r5, r6, r7}
 8041016:	bc08      	pop	{r3}
 8041018:	469e      	mov	lr, r3
 804101a:	4770      	bx	lr

0804101c <_fini>:
 804101c:	b5f8      	push	{r3, r4, r5, r6, r7, lr}
 804101e:	bf00      	nop
 8041020:	bcf8      	pop	{r3, r4, r5, r6, r7}
 8041022:	bc08      	pop	{r3}
 8041024:	469e      	mov	lr, r3
 8041026:	4770      	bx	lr

08041028 <__SECURE_run_attestation_wait_mode_veneer>:
 8041028:	b401      	push	{r0}
 804102a:	4802      	ldr	r0, [pc, #8]	; (8041034 <__SECURE_run_attestation_wait_mode_veneer+0xc>)
 804102c:	4684      	mov	ip, r0
 804102e:	bc01      	pop	{r0}
 8041030:	4760      	bx	ip
 8041032:	bf00      	nop
 8041034:	0c03e051 	.word	0x0c03e051

08041038 <__SECURE_SystemCoreClockUpdate_veneer>:
 8041038:	b401      	push	{r0}
 804103a:	4802      	ldr	r0, [pc, #8]	; (8041044 <__SECURE_SystemCoreClockUpdate_veneer+0xc>)
 804103c:	4684      	mov	ip, r0
 804103e:	bc01      	pop	{r0}
 8041040:	4760      	bx	ip
 8041042:	bf00      	nop
 8041044:	0c03e001 	.word	0x0c03e001

08041048 <__SECURE_log_cond_br_not_taken_veneer>:
 8041048:	b401      	push	{r0}
 804104a:	4802      	ldr	r0, [pc, #8]	; (8041054 <__SECURE_log_cond_br_not_taken_veneer+0xc>)
 804104c:	4684      	mov	ip, r0
 804104e:	bc01      	pop	{r0}
 8041050:	4760      	bx	ip
 8041052:	bf00      	nop
 8041054:	0c03e021 	.word	0x0c03e021

08041058 <__SECURE_RegisterCallback_veneer>:
 8041058:	b401      	push	{r0}
 804105a:	4802      	ldr	r0, [pc, #8]	; (8041064 <__SECURE_RegisterCallback_veneer+0xc>)
 804105c:	4684      	mov	ip, r0
 804105e:	bc01      	pop	{r0}
 8041060:	4760      	bx	ip
 8041062:	bf00      	nop
 8041064:	0c03e049 	.word	0x0c03e049

08041068 <__SECURE_record_output_data_veneer>:
 8041068:	b401      	push	{r0}
 804106a:	4802      	ldr	r0, [pc, #8]	; (8041074 <__SECURE_record_output_data_veneer+0xc>)
 804106c:	4684      	mov	ip, r0
 804106e:	bc01      	pop	{r0}
 8041070:	4760      	bx	ip
 8041072:	bf00      	nop
 8041074:	0c03e011 	.word	0x0c03e011

08041078 <__SECURE_log_indr_fwd_veneer>:
 8041078:	b401      	push	{r0}
 804107a:	4802      	ldr	r0, [pc, #8]	; (8041084 <__SECURE_log_indr_fwd_veneer+0xc>)
 804107c:	4684      	mov	ip, r0
 804107e:	bc01      	pop	{r0}
 8041080:	4760      	bx	ip
 8041082:	bf00      	nop
 8041084:	0c03e019 	.word	0x0c03e019

08041088 <__SECURE_log_ret_veneer>:
 8041088:	b401      	push	{r0}
 804108a:	4802      	ldr	r0, [pc, #8]	; (8041094 <__SECURE_log_ret_veneer+0xc>)
 804108c:	4684      	mov	ip, r0
 804108e:	bc01      	pop	{r0}
 8041090:	4760      	bx	ip
 8041092:	bf00      	nop
 8041094:	0c03e039 	.word	0x0c03e039

08041098 <__SECURE_log_cond_br_taken_veneer>:
 8041098:	b401      	push	{r0}
 804109a:	4802      	ldr	r0, [pc, #8]	; (80410a4 <__SECURE_log_cond_br_taken_veneer+0xc>)
 804109c:	4684      	mov	ip, r0
 804109e:	bc01      	pop	{r0}
 80410a0:	4760      	bx	ip
 80410a2:	bf00      	nop
 80410a4:	0c03e041 	.word	0x0c03e041

Disassembly of section .empty:

08060000 <empty>:
 8060000:	4600      	mov	r0, r0
 8060002:	4600      	mov	r0, r0
 8060004:	4600      	mov	r0, r0
 8060006:	4600      	mov	r0, r0
 8060008:	4600      	mov	r0, r0
 806000a:	4600      	mov	r0, r0
 806000c:	4600      	mov	r0, r0
 806000e:	4600      	mov	r0, r0
 8060010:	4600      	mov	r0, r0
 8060012:	4600      	mov	r0, r0
 8060014:	4600      	mov	r0, r0
 8060016:	4600      	mov	r0, r0
 8060018:	4600      	mov	r0, r0
 806001a:	4600      	mov	r0, r0
 806001c:	4600      	mov	r0, r0
 806001e:	4600      	mov	r0, r0
 8060020:	4600      	mov	r0, r0
 8060022:	4600      	mov	r0, r0
 8060024:	4600      	mov	r0, r0
 8060026:	4600      	mov	r0, r0
 8060028:	4600      	mov	r0, r0
 806002a:	4600      	mov	r0, r0
 806002c:	4600      	mov	r0, r0
 806002e:	4600      	mov	r0, r0
 8060030:	4600      	mov	r0, r0
 8060032:	4600      	mov	r0, r0
 8060034:	4600      	mov	r0, r0
 8060036:	4600      	mov	r0, r0
 8060038:	4600      	mov	r0, r0
 806003a:	4600      	mov	r0, r0
 806003c:	4600      	mov	r0, r0
 806003e:	4600      	mov	r0, r0
 8060040:	4600      	mov	r0, r0
 8060042:	4600      	mov	r0, r0
 8060044:	4600      	mov	r0, r0
 8060046:	4600      	mov	r0, r0
 8060048:	4600      	mov	r0, r0
 806004a:	4600      	mov	r0, r0
 806004c:	4600      	mov	r0, r0
 806004e:	4600      	mov	r0, r0
 8060050:	4600      	mov	r0, r0
 8060052:	4600      	mov	r0, r0
 8060054:	4600      	mov	r0, r0
 8060056:	4600      	mov	r0, r0
 8060058:	4600      	mov	r0, r0
 806005a:	4600      	mov	r0, r0
 806005c:	4600      	mov	r0, r0
 806005e:	4600      	mov	r0, r0
 8060060:	4600      	mov	r0, r0
 8060062:	4600      	mov	r0, r0
 8060064:	4600      	mov	r0, r0
 8060066:	4600      	mov	r0, r0
 8060068:	4600      	mov	r0, r0
 806006a:	4600      	mov	r0, r0
 806006c:	4600      	mov	r0, r0
 806006e:	4600      	mov	r0, r0
 8060070:	4600      	mov	r0, r0
 8060072:	4600      	mov	r0, r0
 8060074:	4600      	mov	r0, r0
 8060076:	4600      	mov	r0, r0
 8060078:	4600      	mov	r0, r0
 806007a:	4600      	mov	r0, r0
 806007c:	4600      	mov	r0, r0
 806007e:	4600      	mov	r0, r0
 8060080:	4600      	mov	r0, r0
 8060082:	4600      	mov	r0, r0
 8060084:	4600      	mov	r0, r0
 8060086:	4600      	mov	r0, r0
 8060088:	4600      	mov	r0, r0
 806008a:	4600      	mov	r0, r0
 806008c:	4600      	mov	r0, r0
 806008e:	4600      	mov	r0, r0
 8060090:	4600      	mov	r0, r0
 8060092:	4600      	mov	r0, r0
 8060094:	4600      	mov	r0, r0
 8060096:	4600      	mov	r0, r0
 8060098:	4600      	mov	r0, r0
 806009a:	4600      	mov	r0, r0
 806009c:	4600      	mov	r0, r0
 806009e:	4600      	mov	r0, r0
 80600a0:	4600      	mov	r0, r0
 80600a2:	4600      	mov	r0, r0
 80600a4:	4600      	mov	r0, r0
 80600a6:	4600      	mov	r0, r0
 80600a8:	4600      	mov	r0, r0
 80600aa:	4600      	mov	r0, r0
 80600ac:	4600      	mov	r0, r0
 80600ae:	4600      	mov	r0, r0
 80600b0:	4600      	mov	r0, r0
 80600b2:	4600      	mov	r0, r0
 80600b4:	4600      	mov	r0, r0
 80600b6:	4600      	mov	r0, r0
 80600b8:	4600      	mov	r0, r0
 80600ba:	4600      	mov	r0, r0
 80600bc:	4600      	mov	r0, r0
 80600be:	4600      	mov	r0, r0
 80600c0:	4600      	mov	r0, r0
 80600c2:	4600      	mov	r0, r0
 80600c4:	4600      	mov	r0, r0
 80600c6:	4600      	mov	r0, r0
 80600c8:	4600      	mov	r0, r0
 80600ca:	4600      	mov	r0, r0
 80600cc:	4600      	mov	r0, r0
 80600ce:	4600      	mov	r0, r0
 80600d0:	4600      	mov	r0, r0
 80600d2:	4600      	mov	r0, r0
 80600d4:	4600      	mov	r0, r0
 80600d6:	4600      	mov	r0, r0
 80600d8:	4600      	mov	r0, r0
 80600da:	4600      	mov	r0, r0
 80600dc:	4600      	mov	r0, r0
 80600de:	4600      	mov	r0, r0
 80600e0:	4600      	mov	r0, r0
 80600e2:	4600      	mov	r0, r0
 80600e4:	4600      	mov	r0, r0
 80600e6:	4600      	mov	r0, r0
 80600e8:	4600      	mov	r0, r0
 80600ea:	4600      	mov	r0, r0
 80600ec:	4600      	mov	r0, r0
 80600ee:	4600      	mov	r0, r0
 80600f0:	4600      	mov	r0, r0
 80600f2:	4600      	mov	r0, r0
 80600f4:	4600      	mov	r0, r0
 80600f6:	4600      	mov	r0, r0
 80600f8:	4600      	mov	r0, r0
 80600fa:	4600      	mov	r0, r0
 80600fc:	4600      	mov	r0, r0
 80600fe:	4600      	mov	r0, r0
 8060100:	4600      	mov	r0, r0
 8060102:	4600      	mov	r0, r0
 8060104:	4600      	mov	r0, r0
 8060106:	4600      	mov	r0, r0
 8060108:	4600      	mov	r0, r0
 806010a:	4600      	mov	r0, r0
 806010c:	4600      	mov	r0, r0
 806010e:	4600      	mov	r0, r0
 8060110:	4600      	mov	r0, r0
 8060112:	4600      	mov	r0, r0
 8060114:	4600      	mov	r0, r0
 8060116:	4600      	mov	r0, r0
 8060118:	4600      	mov	r0, r0
 806011a:	4600      	mov	r0, r0
 806011c:	4600      	mov	r0, r0
 806011e:	4600      	mov	r0, r0
 8060120:	4600      	mov	r0, r0
 8060122:	4600      	mov	r0, r0
 8060124:	4600      	mov	r0, r0
 8060126:	4600      	mov	r0, r0
 8060128:	4600      	mov	r0, r0
 806012a:	4600      	mov	r0, r0
 806012c:	4600      	mov	r0, r0
 806012e:	4600      	mov	r0, r0
 8060130:	4600      	mov	r0, r0
 8060132:	4600      	mov	r0, r0
 8060134:	4600      	mov	r0, r0
 8060136:	4600      	mov	r0, r0
 8060138:	4600      	mov	r0, r0
 806013a:	4600      	mov	r0, r0
 806013c:	4600      	mov	r0, r0
 806013e:	4600      	mov	r0, r0
 8060140:	4600      	mov	r0, r0
 8060142:	4600      	mov	r0, r0
 8060144:	4600      	mov	r0, r0
 8060146:	4600      	mov	r0, r0
 8060148:	4600      	mov	r0, r0
 806014a:	4600      	mov	r0, r0
 806014c:	4600      	mov	r0, r0
 806014e:	4600      	mov	r0, r0
 8060150:	4600      	mov	r0, r0
 8060152:	4600      	mov	r0, r0
 8060154:	4600      	mov	r0, r0
 8060156:	4600      	mov	r0, r0
 8060158:	4600      	mov	r0, r0
 806015a:	4600      	mov	r0, r0
 806015c:	4600      	mov	r0, r0
 806015e:	4600      	mov	r0, r0
 8060160:	4600      	mov	r0, r0
 8060162:	4600      	mov	r0, r0
 8060164:	4600      	mov	r0, r0
 8060166:	4600      	mov	r0, r0
 8060168:	4600      	mov	r0, r0
 806016a:	4600      	mov	r0, r0
 806016c:	4600      	mov	r0, r0
 806016e:	4600      	mov	r0, r0
 8060170:	4600      	mov	r0, r0
 8060172:	4600      	mov	r0, r0
 8060174:	4600      	mov	r0, r0
 8060176:	4600      	mov	r0, r0
 8060178:	4600      	mov	r0, r0
 806017a:	4600      	mov	r0, r0
 806017c:	4600      	mov	r0, r0
 806017e:	4600      	mov	r0, r0
 8060180:	4600      	mov	r0, r0
 8060182:	4600      	mov	r0, r0
 8060184:	4600      	mov	r0, r0
 8060186:	4600      	mov	r0, r0
 8060188:	4600      	mov	r0, r0
 806018a:	4600      	mov	r0, r0
 806018c:	4600      	mov	r0, r0
 806018e:	4600      	mov	r0, r0
 8060190:	4600      	mov	r0, r0
 8060192:	4600      	mov	r0, r0
 8060194:	4600      	mov	r0, r0
 8060196:	4600      	mov	r0, r0
 8060198:	4600      	mov	r0, r0
 806019a:	4600      	mov	r0, r0
 806019c:	4600      	mov	r0, r0
 806019e:	4600      	mov	r0, r0
 80601a0:	4600      	mov	r0, r0
 80601a2:	4600      	mov	r0, r0
 80601a4:	4600      	mov	r0, r0
 80601a6:	4600      	mov	r0, r0
 80601a8:	4600      	mov	r0, r0
 80601aa:	4600      	mov	r0, r0
 80601ac:	4600      	mov	r0, r0
 80601ae:	4600      	mov	r0, r0
 80601b0:	4600      	mov	r0, r0
 80601b2:	4600      	mov	r0, r0
 80601b4:	4600      	mov	r0, r0
 80601b6:	4600      	mov	r0, r0
 80601b8:	4600      	mov	r0, r0
 80601ba:	4600      	mov	r0, r0
 80601bc:	4600      	mov	r0, r0
 80601be:	4600      	mov	r0, r0
 80601c0:	4600      	mov	r0, r0
 80601c2:	4600      	mov	r0, r0
 80601c4:	4600      	mov	r0, r0
 80601c6:	4600      	mov	r0, r0
 80601c8:	4600      	mov	r0, r0
 80601ca:	4600      	mov	r0, r0
 80601cc:	4600      	mov	r0, r0
 80601ce:	4600      	mov	r0, r0
 80601d0:	4600      	mov	r0, r0
 80601d2:	4600      	mov	r0, r0
 80601d4:	4600      	mov	r0, r0
 80601d6:	4600      	mov	r0, r0
 80601d8:	4600      	mov	r0, r0
 80601da:	4600      	mov	r0, r0
 80601dc:	4600      	mov	r0, r0
 80601de:	4600      	mov	r0, r0
 80601e0:	4600      	mov	r0, r0
 80601e2:	4600      	mov	r0, r0
 80601e4:	4600      	mov	r0, r0
 80601e6:	4600      	mov	r0, r0
 80601e8:	4600      	mov	r0, r0
 80601ea:	4600      	mov	r0, r0
 80601ec:	4600      	mov	r0, r0
 80601ee:	4600      	mov	r0, r0
 80601f0:	4600      	mov	r0, r0
 80601f2:	4600      	mov	r0, r0
 80601f4:	4600      	mov	r0, r0
 80601f6:	4600      	mov	r0, r0
 80601f8:	4600      	mov	r0, r0
 80601fa:	4600      	mov	r0, r0
 80601fc:	4600      	mov	r0, r0
 80601fe:	4600      	mov	r0, r0
 8060200:	bf00      	nop
	...
