
../TRACES/beebs-uaf/crc_32/TRACES_NonSecure.elf:     file format elf32-littlearm


Disassembly of section .text:

080401f8 <__do_global_dtors_aux>:
 80401f8:	b510      	push	{r4, lr}
 80401fa:	4c05      	ldr	r4, [pc, #20]	; (8040210 <__do_global_dtors_aux+0x18>)
 80401fc:	7823      	ldrb	r3, [r4, #0]
 80401fe:	b933      	cbnz	r3, 804020e <__do_global_dtors_aux+0x16>
 8040200:	4b04      	ldr	r3, [pc, #16]	; (8040214 <__do_global_dtors_aux+0x1c>)
 8040202:	b113      	cbz	r3, 804020a <__do_global_dtors_aux+0x12>
 8040204:	4804      	ldr	r0, [pc, #16]	; (8040218 <__do_global_dtors_aux+0x20>)
 8040206:	e000      	b.n	804020a <__do_global_dtors_aux+0x12>
 8040208:	bf00      	nop
 804020a:	2301      	movs	r3, #1
 804020c:	7023      	strb	r3, [r4, #0]
 804020e:	bd10      	pop	{r4, pc}
 8040210:	20018010 	.word	0x20018010
 8040214:	00000000 	.word	0x00000000
 8040218:	08040d04 	.word	0x08040d04

0804021c <frame_dummy>:
 804021c:	b508      	push	{r3, lr}
 804021e:	4b03      	ldr	r3, [pc, #12]	; (804022c <frame_dummy+0x10>)
 8040220:	b11b      	cbz	r3, 804022a <frame_dummy+0xe>
 8040222:	4903      	ldr	r1, [pc, #12]	; (8040230 <frame_dummy+0x14>)
 8040224:	4803      	ldr	r0, [pc, #12]	; (8040234 <frame_dummy+0x18>)
 8040226:	e000      	b.n	804022a <frame_dummy+0xe>
 8040228:	bf00      	nop
 804022a:	bd08      	pop	{r3, pc}
 804022c:	00000000 	.word	0x00000000
 8040230:	20018014 	.word	0x20018014
 8040234:	08040d04 	.word	0x08040d04

08040238 <safeFunction>:
 8040238:	b580      	push	{r7, lr}
 804023a:	af00      	add	r7, sp, #0
 804023c:	4b03      	ldr	r3, [pc, #12]	; (804024c <safeFunction+0x14>)
 804023e:	2201      	movs	r2, #1
 8040240:	601a      	str	r2, [r3, #0]
 8040242:	46bd      	mov	sp, r7
 8040244:	e8bd 4080 	ldmia.w	sp!, {r7, lr}
 8040248:	f000 bd6a 	b.w	8040d20 <__SECURE_log_ret_veneer>
 804024c:	2001802c 	.word	0x2001802c

08040250 <my_memcpy>:
 8040250:	b580      	push	{r7, lr}
 8040252:	b087      	sub	sp, #28
 8040254:	af00      	add	r7, sp, #0
 8040256:	60f8      	str	r0, [r7, #12]
 8040258:	60b9      	str	r1, [r7, #8]
 804025a:	607a      	str	r2, [r7, #4]
 804025c:	2300      	movs	r3, #0
 804025e:	617b      	str	r3, [r7, #20]
 8040260:	e00c      	b.n	804027c <my_memcpy+0x2c>
 8040262:	f000 fd7d 	bl	8040d60 <__SECURE_log_cond_br_taken_veneer>
 8040266:	68fa      	ldr	r2, [r7, #12]
 8040268:	697b      	ldr	r3, [r7, #20]
 804026a:	4413      	add	r3, r2
 804026c:	68b9      	ldr	r1, [r7, #8]
 804026e:	697a      	ldr	r2, [r7, #20]
 8040270:	440a      	add	r2, r1
 8040272:	7812      	ldrb	r2, [r2, #0]
 8040274:	701a      	strb	r2, [r3, #0]
 8040276:	697b      	ldr	r3, [r7, #20]
 8040278:	3301      	adds	r3, #1
 804027a:	617b      	str	r3, [r7, #20]
 804027c:	697a      	ldr	r2, [r7, #20]
 804027e:	687b      	ldr	r3, [r7, #4]
 8040280:	429a      	cmp	r2, r3
 8040282:	d3ee      	bcc.n	8040262 <my_memcpy+0x12>
 8040284:	f000 fd84 	bl	8040d90 <__SECURE_log_cond_br_not_taken_veneer>
 8040288:	371c      	adds	r7, #28
 804028a:	46bd      	mov	sp, r7
 804028c:	e8bd 4080 	ldmia.w	sp!, {r7, lr}
 8040290:	f000 bd46 	b.w	8040d20 <__SECURE_log_ret_veneer>

08040294 <malloc>:
 8040294:	b580      	push	{r7, lr}
 8040296:	b085      	sub	sp, #20
 8040298:	af00      	add	r7, sp, #0
 804029a:	6078      	str	r0, [r7, #4]
 804029c:	687b      	ldr	r3, [r7, #4]
 804029e:	3303      	adds	r3, #3
 80402a0:	f023 0303 	bic.w	r3, r3, #3
 80402a4:	607b      	str	r3, [r7, #4]
 80402a6:	687b      	ldr	r3, [r7, #4]
 80402a8:	3308      	adds	r3, #8
 80402aa:	607b      	str	r3, [r7, #4]
 80402ac:	2300      	movs	r3, #0
 80402ae:	60fb      	str	r3, [r7, #12]
 80402b0:	e035      	b.n	804031e <malloc+0x8a>
 80402b2:	f000 fd55 	bl	8040d60 <__SECURE_log_cond_br_taken_veneer>
 80402b6:	68fb      	ldr	r3, [r7, #12]
 80402b8:	4a20      	ldr	r2, [pc, #128]	; (804033c <malloc+0xa8>)
 80402ba:	4413      	add	r3, r2
 80402bc:	60bb      	str	r3, [r7, #8]
 80402be:	68bb      	ldr	r3, [r7, #8]
 80402c0:	685b      	ldr	r3, [r3, #4]
 80402c2:	2b00      	cmp	r3, #0
 80402c4:	d00e      	beq.n	80402e4 <malloc+0x50>
 80402c6:	f000 fd63 	bl	8040d90 <__SECURE_log_cond_br_not_taken_veneer>
 80402ca:	68bb      	ldr	r3, [r7, #8]
 80402cc:	681a      	ldr	r2, [r3, #0]
 80402ce:	687b      	ldr	r3, [r7, #4]
 80402d0:	429a      	cmp	r2, r3
 80402d2:	d307      	bcc.n	80402e4 <malloc+0x50>
 80402d4:	f000 fd5c 	bl	8040d90 <__SECURE_log_cond_br_not_taken_veneer>
 80402d8:	68bb      	ldr	r3, [r7, #8]
 80402da:	2200      	movs	r2, #0
 80402dc:	605a      	str	r2, [r3, #4]
 80402de:	68bb      	ldr	r3, [r7, #8]
 80402e0:	3308      	adds	r3, #8
 80402e2:	e024      	b.n	804032e <malloc+0x9a>
 80402e4:	f000 fd3c 	bl	8040d60 <__SECURE_log_cond_br_taken_veneer>
 80402e8:	68bb      	ldr	r3, [r7, #8]
 80402ea:	681b      	ldr	r3, [r3, #0]
 80402ec:	2b00      	cmp	r3, #0
 80402ee:	d10f      	bne.n	8040310 <malloc+0x7c>
 80402f0:	f000 fd4e 	bl	8040d90 <__SECURE_log_cond_br_not_taken_veneer>
 80402f4:	68bb      	ldr	r3, [r7, #8]
 80402f6:	687a      	ldr	r2, [r7, #4]
 80402f8:	601a      	str	r2, [r3, #0]
 80402fa:	68bb      	ldr	r3, [r7, #8]
 80402fc:	2200      	movs	r2, #0
 80402fe:	605a      	str	r2, [r3, #4]
 8040300:	68fa      	ldr	r2, [r7, #12]
 8040302:	687b      	ldr	r3, [r7, #4]
 8040304:	4413      	add	r3, r2
 8040306:	4a0e      	ldr	r2, [pc, #56]	; (8040340 <malloc+0xac>)
 8040308:	6013      	str	r3, [r2, #0]
 804030a:	68bb      	ldr	r3, [r7, #8]
 804030c:	3308      	adds	r3, #8
 804030e:	e00e      	b.n	804032e <malloc+0x9a>
 8040310:	f000 fd26 	bl	8040d60 <__SECURE_log_cond_br_taken_veneer>
 8040314:	68bb      	ldr	r3, [r7, #8]
 8040316:	681b      	ldr	r3, [r3, #0]
 8040318:	68fa      	ldr	r2, [r7, #12]
 804031a:	4413      	add	r3, r2
 804031c:	60fb      	str	r3, [r7, #12]
 804031e:	68fb      	ldr	r3, [r7, #12]
 8040320:	3308      	adds	r3, #8
 8040322:	f5b3 6f80 	cmp.w	r3, #1024	; 0x400
 8040326:	d9c4      	bls.n	80402b2 <malloc+0x1e>
 8040328:	f000 fd32 	bl	8040d90 <__SECURE_log_cond_br_not_taken_veneer>
 804032c:	2300      	movs	r3, #0
 804032e:	4618      	mov	r0, r3
 8040330:	3714      	adds	r7, #20
 8040332:	46bd      	mov	sp, r7
 8040334:	e8bd 4080 	ldmia.w	sp!, {r7, lr}
 8040338:	f000 bcf2 	b.w	8040d20 <__SECURE_log_ret_veneer>
 804033c:	20018030 	.word	0x20018030
 8040340:	20018430 	.word	0x20018430

08040344 <free>:
 8040344:	b580      	push	{r7, lr}
 8040346:	b085      	sub	sp, #20
 8040348:	af00      	add	r7, sp, #0
 804034a:	6078      	str	r0, [r7, #4]
 804034c:	687b      	ldr	r3, [r7, #4]
 804034e:	2b00      	cmp	r3, #0
 8040350:	d014      	beq.n	804037c <free+0x38>
 8040352:	f000 fd1d 	bl	8040d90 <__SECURE_log_cond_br_not_taken_veneer>
 8040356:	687b      	ldr	r3, [r7, #4]
 8040358:	4a0c      	ldr	r2, [pc, #48]	; (804038c <free+0x48>)
 804035a:	4293      	cmp	r3, r2
 804035c:	d30e      	bcc.n	804037c <free+0x38>
 804035e:	f000 fd17 	bl	8040d90 <__SECURE_log_cond_br_not_taken_veneer>
 8040362:	4a0b      	ldr	r2, [pc, #44]	; (8040390 <free+0x4c>)
 8040364:	687b      	ldr	r3, [r7, #4]
 8040366:	4293      	cmp	r3, r2
 8040368:	d208      	bcs.n	804037c <free+0x38>
 804036a:	f000 fd11 	bl	8040d90 <__SECURE_log_cond_br_not_taken_veneer>
 804036e:	687b      	ldr	r3, [r7, #4]
 8040370:	3b08      	subs	r3, #8
 8040372:	60fb      	str	r3, [r7, #12]
 8040374:	68fb      	ldr	r3, [r7, #12]
 8040376:	2201      	movs	r2, #1
 8040378:	605a      	str	r2, [r3, #4]
 804037a:	e001      	b.n	8040380 <free+0x3c>
 804037c:	f000 fcf0 	bl	8040d60 <__SECURE_log_cond_br_taken_veneer>
 8040380:	3714      	adds	r7, #20
 8040382:	46bd      	mov	sp, r7
 8040384:	e8bd 4080 	ldmia.w	sp!, {r7, lr}
 8040388:	f000 bcca 	b.w	8040d20 <__SECURE_log_ret_veneer>
 804038c:	20018030 	.word	0x20018030
 8040390:	20018430 	.word	0x20018430

08040394 <rand_beebs>:
 8040394:	b580      	push	{r7, lr}
 8040396:	af00      	add	r7, sp, #0
 8040398:	4b0a      	ldr	r3, [pc, #40]	; (80403c4 <rand_beebs+0x30>)
 804039a:	681b      	ldr	r3, [r3, #0]
 804039c:	4a0a      	ldr	r2, [pc, #40]	; (80403c8 <rand_beebs+0x34>)
 804039e:	fb02 f303 	mul.w	r3, r2, r3
 80403a2:	f503 5340 	add.w	r3, r3, #12288	; 0x3000
 80403a6:	3339      	adds	r3, #57	; 0x39
 80403a8:	f023 4300 	bic.w	r3, r3, #2147483648	; 0x80000000
 80403ac:	4a05      	ldr	r2, [pc, #20]	; (80403c4 <rand_beebs+0x30>)
 80403ae:	6013      	str	r3, [r2, #0]
 80403b0:	4b04      	ldr	r3, [pc, #16]	; (80403c4 <rand_beebs+0x30>)
 80403b2:	681b      	ldr	r3, [r3, #0]
 80403b4:	141b      	asrs	r3, r3, #16
 80403b6:	4618      	mov	r0, r3
 80403b8:	46bd      	mov	sp, r7
 80403ba:	e8bd 4080 	ldmia.w	sp!, {r7, lr}
 80403be:	f000 bcaf 	b.w	8040d20 <__SECURE_log_ret_veneer>
 80403c2:	bf00      	nop
 80403c4:	20018434 	.word	0x20018434
 80403c8:	41c64e6d 	.word	0x41c64e6d

080403cc <crc32pseudo>:
 80403cc:	b580      	push	{r7, lr}
 80403ce:	b086      	sub	sp, #24
 80403d0:	af00      	add	r7, sp, #0
 80403d2:	2008      	movs	r0, #8
 80403d4:	f7ff ff5e 	bl	8040294 <malloc>
 80403d8:	4603      	mov	r3, r0
 80403da:	613b      	str	r3, [r7, #16]
 80403dc:	693b      	ldr	r3, [r7, #16]
 80403de:	4a25      	ldr	r2, [pc, #148]	; (8040474 <crc32pseudo+0xa8>)
 80403e0:	601a      	str	r2, [r3, #0]
 80403e2:	693b      	ldr	r3, [r7, #16]
 80403e4:	2200      	movs	r2, #0
 80403e6:	605a      	str	r2, [r3, #4]
 80403e8:	6938      	ldr	r0, [r7, #16]
 80403ea:	f7ff ffab 	bl	8040344 <free>
 80403ee:	2008      	movs	r0, #8
 80403f0:	f7ff ff50 	bl	8040294 <malloc>
 80403f4:	4603      	mov	r3, r0
 80403f6:	60fb      	str	r3, [r7, #12]
 80403f8:	4b1f      	ldr	r3, [pc, #124]	; (8040478 <crc32pseudo+0xac>)
 80403fa:	607b      	str	r3, [r7, #4]
 80403fc:	4b1f      	ldr	r3, [pc, #124]	; (804047c <crc32pseudo+0xb0>)
 80403fe:	60bb      	str	r3, [r7, #8]
 8040400:	1d3b      	adds	r3, r7, #4
 8040402:	2208      	movs	r2, #8
 8040404:	4619      	mov	r1, r3
 8040406:	68f8      	ldr	r0, [r7, #12]
 8040408:	f7ff ff22 	bl	8040250 <my_memcpy>
 804040c:	4b1c      	ldr	r3, [pc, #112]	; (8040480 <crc32pseudo+0xb4>)
 804040e:	f04f 32ff 	mov.w	r2, #4294967295	; 0xffffffff
 8040412:	601a      	str	r2, [r3, #0]
 8040414:	2300      	movs	r3, #0
 8040416:	617b      	str	r3, [r7, #20]
 8040418:	e016      	b.n	8040448 <crc32pseudo+0x7c>
 804041a:	f000 fca1 	bl	8040d60 <__SECURE_log_cond_br_taken_veneer>
 804041e:	f7ff ffb9 	bl	8040394 <rand_beebs>
 8040422:	4603      	mov	r3, r0
 8040424:	b2db      	uxtb	r3, r3
 8040426:	461a      	mov	r2, r3
 8040428:	4b15      	ldr	r3, [pc, #84]	; (8040480 <crc32pseudo+0xb4>)
 804042a:	681b      	ldr	r3, [r3, #0]
 804042c:	4053      	eors	r3, r2
 804042e:	b2db      	uxtb	r3, r3
 8040430:	4a14      	ldr	r2, [pc, #80]	; (8040484 <crc32pseudo+0xb8>)
 8040432:	f852 2023 	ldr.w	r2, [r2, r3, lsl #2]
 8040436:	4b12      	ldr	r3, [pc, #72]	; (8040480 <crc32pseudo+0xb4>)
 8040438:	681b      	ldr	r3, [r3, #0]
 804043a:	0a1b      	lsrs	r3, r3, #8
 804043c:	4053      	eors	r3, r2
 804043e:	4a10      	ldr	r2, [pc, #64]	; (8040480 <crc32pseudo+0xb4>)
 8040440:	6013      	str	r3, [r2, #0]
 8040442:	697b      	ldr	r3, [r7, #20]
 8040444:	3301      	adds	r3, #1
 8040446:	617b      	str	r3, [r7, #20]
 8040448:	697b      	ldr	r3, [r7, #20]
 804044a:	2b1f      	cmp	r3, #31
 804044c:	dde5      	ble.n	804041a <crc32pseudo+0x4e>
 804044e:	f000 fc9f 	bl	8040d90 <__SECURE_log_cond_br_not_taken_veneer>
 8040452:	693b      	ldr	r3, [r7, #16]
 8040454:	681b      	ldr	r3, [r3, #0]
 8040456:	469a      	mov	sl, r3
 8040458:	f000 fc6a 	bl	8040d30 <__SECURE_log_indr_fwd_veneer>
 804045c:	4b08      	ldr	r3, [pc, #32]	; (8040480 <crc32pseudo+0xb4>)
 804045e:	681b      	ldr	r3, [r3, #0]
 8040460:	b2db      	uxtb	r3, r3
 8040462:	43db      	mvns	r3, r3
 8040464:	b2db      	uxtb	r3, r3
 8040466:	4618      	mov	r0, r3
 8040468:	3718      	adds	r7, #24
 804046a:	46bd      	mov	sp, r7
 804046c:	e8bd 4080 	ldmia.w	sp!, {r7, lr}
 8040470:	f000 bc56 	b.w	8040d20 <__SECURE_log_ret_veneer>
 8040474:	08040239 	.word	0x08040239
 8040478:	08040488 	.word	0x08040488
 804047c:	12345678 	.word	0x12345678
 8040480:	2001843c 	.word	0x2001843c
 8040484:	08040da0 	.word	0x08040da0

08040488 <application>:
 8040488:	b580      	push	{r7, lr}
 804048a:	b082      	sub	sp, #8
 804048c:	af00      	add	r7, sp, #0
 804048e:	f7ff ff9d 	bl	80403cc <crc32pseudo>
 8040492:	4603      	mov	r3, r0
 8040494:	607b      	str	r3, [r7, #4]
 8040496:	687b      	ldr	r3, [r7, #4]
 8040498:	4618      	mov	r0, r3
 804049a:	f000 fc59 	bl	8040d50 <__SECURE_record_output_data_veneer>
 804049e:	f000 fc57 	bl	8040d50 <__SECURE_record_output_data_veneer>
 80404a2:	3708      	adds	r7, #8
 80404a4:	46bd      	mov	sp, r7
 80404a6:	e8bd 4080 	ldmia.w	sp!, {r7, lr}
 80404aa:	f000 bc39 	b.w	8040d20 <__SECURE_log_ret_veneer>
	...

080404b0 <MX_GPIO_Init>:
 80404b0:	b580      	push	{r7, lr}
 80404b2:	b088      	sub	sp, #32
 80404b4:	af00      	add	r7, sp, #0
 80404b6:	f107 030c 	add.w	r3, r7, #12
 80404ba:	2200      	movs	r2, #0
 80404bc:	601a      	str	r2, [r3, #0]
 80404be:	605a      	str	r2, [r3, #4]
 80404c0:	609a      	str	r2, [r3, #8]
 80404c2:	60da      	str	r2, [r3, #12]
 80404c4:	611a      	str	r2, [r3, #16]
 80404c6:	4b28      	ldr	r3, [pc, #160]	; (8040568 <MX_GPIO_Init+0xb8>)
 80404c8:	6cdb      	ldr	r3, [r3, #76]	; 0x4c
 80404ca:	4a27      	ldr	r2, [pc, #156]	; (8040568 <MX_GPIO_Init+0xb8>)
 80404cc:	f043 0304 	orr.w	r3, r3, #4
 80404d0:	64d3      	str	r3, [r2, #76]	; 0x4c
 80404d2:	4b25      	ldr	r3, [pc, #148]	; (8040568 <MX_GPIO_Init+0xb8>)
 80404d4:	6cdb      	ldr	r3, [r3, #76]	; 0x4c
 80404d6:	f003 0304 	and.w	r3, r3, #4
 80404da:	60bb      	str	r3, [r7, #8]
 80404dc:	68bb      	ldr	r3, [r7, #8]
 80404de:	4b22      	ldr	r3, [pc, #136]	; (8040568 <MX_GPIO_Init+0xb8>)
 80404e0:	6cdb      	ldr	r3, [r3, #76]	; 0x4c
 80404e2:	4a21      	ldr	r2, [pc, #132]	; (8040568 <MX_GPIO_Init+0xb8>)
 80404e4:	f043 0301 	orr.w	r3, r3, #1
 80404e8:	64d3      	str	r3, [r2, #76]	; 0x4c
 80404ea:	4b1f      	ldr	r3, [pc, #124]	; (8040568 <MX_GPIO_Init+0xb8>)
 80404ec:	6cdb      	ldr	r3, [r3, #76]	; 0x4c
 80404ee:	f003 0301 	and.w	r3, r3, #1
 80404f2:	607b      	str	r3, [r7, #4]
 80404f4:	687b      	ldr	r3, [r7, #4]
 80404f6:	2200      	movs	r2, #0
 80404f8:	2180      	movs	r1, #128	; 0x80
 80404fa:	481c      	ldr	r0, [pc, #112]	; (804056c <MX_GPIO_Init+0xbc>)
 80404fc:	f000 fbc6 	bl	8040c8c <HAL_GPIO_WritePin>
 8040500:	2200      	movs	r2, #0
 8040502:	f44f 7100 	mov.w	r1, #512	; 0x200
 8040506:	481a      	ldr	r0, [pc, #104]	; (8040570 <MX_GPIO_Init+0xc0>)
 8040508:	f000 fbc0 	bl	8040c8c <HAL_GPIO_WritePin>
 804050c:	f44f 5300 	mov.w	r3, #8192	; 0x2000
 8040510:	60fb      	str	r3, [r7, #12]
 8040512:	2300      	movs	r3, #0
 8040514:	613b      	str	r3, [r7, #16]
 8040516:	2300      	movs	r3, #0
 8040518:	617b      	str	r3, [r7, #20]
 804051a:	f107 030c 	add.w	r3, r7, #12
 804051e:	4619      	mov	r1, r3
 8040520:	4812      	ldr	r0, [pc, #72]	; (804056c <MX_GPIO_Init+0xbc>)
 8040522:	f000 fa33 	bl	804098c <HAL_GPIO_Init>
 8040526:	2380      	movs	r3, #128	; 0x80
 8040528:	60fb      	str	r3, [r7, #12]
 804052a:	2301      	movs	r3, #1
 804052c:	613b      	str	r3, [r7, #16]
 804052e:	2300      	movs	r3, #0
 8040530:	617b      	str	r3, [r7, #20]
 8040532:	2300      	movs	r3, #0
 8040534:	61bb      	str	r3, [r7, #24]
 8040536:	f107 030c 	add.w	r3, r7, #12
 804053a:	4619      	mov	r1, r3
 804053c:	480b      	ldr	r0, [pc, #44]	; (804056c <MX_GPIO_Init+0xbc>)
 804053e:	f000 fa25 	bl	804098c <HAL_GPIO_Init>
 8040542:	f44f 7300 	mov.w	r3, #512	; 0x200
 8040546:	60fb      	str	r3, [r7, #12]
 8040548:	2301      	movs	r3, #1
 804054a:	613b      	str	r3, [r7, #16]
 804054c:	2300      	movs	r3, #0
 804054e:	617b      	str	r3, [r7, #20]
 8040550:	2300      	movs	r3, #0
 8040552:	61bb      	str	r3, [r7, #24]
 8040554:	f107 030c 	add.w	r3, r7, #12
 8040558:	4619      	mov	r1, r3
 804055a:	4805      	ldr	r0, [pc, #20]	; (8040570 <MX_GPIO_Init+0xc0>)
 804055c:	f000 fa16 	bl	804098c <HAL_GPIO_Init>
 8040560:	bf00      	nop
 8040562:	3720      	adds	r7, #32
 8040564:	46bd      	mov	sp, r7
 8040566:	bd80      	pop	{r7, pc}
 8040568:	40021000 	.word	0x40021000
 804056c:	42020800 	.word	0x42020800
 8040570:	42020000 	.word	0x42020000

08040574 <SecureFault_Callback>:
 8040574:	b580      	push	{r7, lr}
 8040576:	af00      	add	r7, sp, #0
 8040578:	2201      	movs	r2, #1
 804057a:	f44f 7100 	mov.w	r1, #512	; 0x200
 804057e:	4803      	ldr	r0, [pc, #12]	; (804058c <SecureFault_Callback+0x18>)
 8040580:	f000 fb84 	bl	8040c8c <HAL_GPIO_WritePin>
 8040584:	f000 f82e 	bl	80405e4 <Error_Handler>
 8040588:	bf00      	nop
 804058a:	bd80      	pop	{r7, pc}
 804058c:	42020000 	.word	0x42020000

08040590 <SecureError_Callback>:
 8040590:	b580      	push	{r7, lr}
 8040592:	af00      	add	r7, sp, #0
 8040594:	2201      	movs	r2, #1
 8040596:	f44f 7100 	mov.w	r1, #512	; 0x200
 804059a:	4803      	ldr	r0, [pc, #12]	; (80405a8 <SecureError_Callback+0x18>)
 804059c:	f000 fb76 	bl	8040c8c <HAL_GPIO_WritePin>
 80405a0:	f000 f820 	bl	80405e4 <Error_Handler>
 80405a4:	bf00      	nop
 80405a6:	bd80      	pop	{r7, pc}
 80405a8:	42020000 	.word	0x42020000

080405ac <main>:
 80405ac:	b580      	push	{r7, lr}
 80405ae:	af00      	add	r7, sp, #0
 80405b0:	f000 f89d 	bl	80406ee <HAL_Init>
 80405b4:	f7ff ff7c 	bl	80404b0 <MX_GPIO_Init>
 80405b8:	4907      	ldr	r1, [pc, #28]	; (80405d8 <main+0x2c>)
 80405ba:	2000      	movs	r0, #0
 80405bc:	f000 fbd8 	bl	8040d70 <__SECURE_RegisterCallback_veneer>
 80405c0:	4906      	ldr	r1, [pc, #24]	; (80405dc <main+0x30>)
 80405c2:	2001      	movs	r0, #1
 80405c4:	f000 fbd4 	bl	8040d70 <__SECURE_RegisterCallback_veneer>
 80405c8:	4905      	ldr	r1, [pc, #20]	; (80405e0 <main+0x34>)
 80405ca:	2002      	movs	r0, #2
 80405cc:	f000 fbd0 	bl	8040d70 <__SECURE_RegisterCallback_veneer>
 80405d0:	f000 fbd6 	bl	8040d80 <__SECURE_run_attestation_wait_mode_veneer>
 80405d4:	e7fc      	b.n	80405d0 <main+0x24>
 80405d6:	bf00      	nop
 80405d8:	08040575 	.word	0x08040575
 80405dc:	08040591 	.word	0x08040591
 80405e0:	08040489 	.word	0x08040489

080405e4 <Error_Handler>:
 80405e4:	b580      	push	{r7, lr}
 80405e6:	af00      	add	r7, sp, #0
 80405e8:	b672      	cpsid	i
 80405ea:	bf00      	nop
 80405ec:	4b01      	ldr	r3, [pc, #4]	; (80405f4 <Error_Handler+0x10>)
 80405ee:	681b      	ldr	r3, [r3, #0]
 80405f0:	4798      	blx	r3
 80405f2:	e7fe      	b.n	80405f2 <Error_Handler+0xe>
 80405f4:	20018000 	.word	0x20018000

080405f8 <HAL_MspInit>:
 80405f8:	b480      	push	{r7}
 80405fa:	b083      	sub	sp, #12
 80405fc:	af00      	add	r7, sp, #0
 80405fe:	4b0f      	ldr	r3, [pc, #60]	; (804063c <HAL_MspInit+0x44>)
 8040600:	6e1b      	ldr	r3, [r3, #96]	; 0x60
 8040602:	4a0e      	ldr	r2, [pc, #56]	; (804063c <HAL_MspInit+0x44>)
 8040604:	f043 0301 	orr.w	r3, r3, #1
 8040608:	6613      	str	r3, [r2, #96]	; 0x60
 804060a:	4b0c      	ldr	r3, [pc, #48]	; (804063c <HAL_MspInit+0x44>)
 804060c:	6e1b      	ldr	r3, [r3, #96]	; 0x60
 804060e:	f003 0301 	and.w	r3, r3, #1
 8040612:	607b      	str	r3, [r7, #4]
 8040614:	687b      	ldr	r3, [r7, #4]
 8040616:	4b09      	ldr	r3, [pc, #36]	; (804063c <HAL_MspInit+0x44>)
 8040618:	6d9b      	ldr	r3, [r3, #88]	; 0x58
 804061a:	4a08      	ldr	r2, [pc, #32]	; (804063c <HAL_MspInit+0x44>)
 804061c:	f043 5380 	orr.w	r3, r3, #268435456	; 0x10000000
 8040620:	6593      	str	r3, [r2, #88]	; 0x58
 8040622:	4b06      	ldr	r3, [pc, #24]	; (804063c <HAL_MspInit+0x44>)
 8040624:	6d9b      	ldr	r3, [r3, #88]	; 0x58
 8040626:	f003 5380 	and.w	r3, r3, #268435456	; 0x10000000
 804062a:	603b      	str	r3, [r7, #0]
 804062c:	683b      	ldr	r3, [r7, #0]
 804062e:	bf00      	nop
 8040630:	370c      	adds	r7, #12
 8040632:	46bd      	mov	sp, r7
 8040634:	f85d 7b04 	ldr.w	r7, [sp], #4
 8040638:	4770      	bx	lr
 804063a:	bf00      	nop
 804063c:	40021000 	.word	0x40021000

08040640 <MemManage_Handler>:
 8040640:	b480      	push	{r7}
 8040642:	af00      	add	r7, sp, #0
 8040644:	e7fe      	b.n	8040644 <MemManage_Handler+0x4>

08040646 <UsageFault_Handler>:
 8040646:	b480      	push	{r7}
 8040648:	af00      	add	r7, sp, #0
 804064a:	e7fe      	b.n	804064a <UsageFault_Handler+0x4>

0804064c <SVC_Handler>:
 804064c:	b480      	push	{r7}
 804064e:	af00      	add	r7, sp, #0
 8040650:	bf00      	nop
 8040652:	46bd      	mov	sp, r7
 8040654:	f85d 7b04 	ldr.w	r7, [sp], #4
 8040658:	4770      	bx	lr

0804065a <PendSV_Handler>:
 804065a:	b480      	push	{r7}
 804065c:	af00      	add	r7, sp, #0
 804065e:	bf00      	nop
 8040660:	46bd      	mov	sp, r7
 8040662:	f85d 7b04 	ldr.w	r7, [sp], #4
 8040666:	4770      	bx	lr

08040668 <SysTick_Handler>:
 8040668:	b580      	push	{r7, lr}
 804066a:	af00      	add	r7, sp, #0
 804066c:	f000 f896 	bl	804079c <HAL_IncTick>
 8040670:	bf00      	nop
 8040672:	bd80      	pop	{r7, pc}

08040674 <SystemInit>:
 8040674:	b480      	push	{r7}
 8040676:	af00      	add	r7, sp, #0
 8040678:	bf00      	nop
 804067a:	46bd      	mov	sp, r7
 804067c:	f85d 7b04 	ldr.w	r7, [sp], #4
 8040680:	4770      	bx	lr
	...

08040684 <SystemCoreClockUpdate>:
 8040684:	b580      	push	{r7, lr}
 8040686:	af00      	add	r7, sp, #0
 8040688:	f000 fb5a 	bl	8040d40 <__SECURE_SystemCoreClockUpdate_veneer>
 804068c:	4603      	mov	r3, r0
 804068e:	4a02      	ldr	r2, [pc, #8]	; (8040698 <SystemCoreClockUpdate+0x14>)
 8040690:	6013      	str	r3, [r2, #0]
 8040692:	bf00      	nop
 8040694:	bd80      	pop	{r7, pc}
 8040696:	bf00      	nop
 8040698:	20018004 	.word	0x20018004

0804069c <Reset_Handler>:
 804069c:	f8df d034 	ldr.w	sp, [pc, #52]	; 80406d4 <LoopForever+0x2>
 80406a0:	f7ff ffe8 	bl	8040674 <SystemInit>
 80406a4:	2100      	movs	r1, #0
 80406a6:	e003      	b.n	80406b0 <LoopCopyDataInit>

080406a8 <CopyDataInit>:
 80406a8:	4b0b      	ldr	r3, [pc, #44]	; (80406d8 <LoopForever+0x6>)
 80406aa:	585b      	ldr	r3, [r3, r1]
 80406ac:	5043      	str	r3, [r0, r1]
 80406ae:	3104      	adds	r1, #4

080406b0 <LoopCopyDataInit>:
 80406b0:	480a      	ldr	r0, [pc, #40]	; (80406dc <LoopForever+0xa>)
 80406b2:	4b0b      	ldr	r3, [pc, #44]	; (80406e0 <LoopForever+0xe>)
 80406b4:	1842      	adds	r2, r0, r1
 80406b6:	429a      	cmp	r2, r3
 80406b8:	d3f6      	bcc.n	80406a8 <CopyDataInit>
 80406ba:	4a0a      	ldr	r2, [pc, #40]	; (80406e4 <LoopForever+0x12>)
 80406bc:	e002      	b.n	80406c4 <LoopFillZerobss>

080406be <FillZerobss>:
 80406be:	2300      	movs	r3, #0
 80406c0:	f842 3b04 	str.w	r3, [r2], #4

080406c4 <LoopFillZerobss>:
 80406c4:	4b08      	ldr	r3, [pc, #32]	; (80406e8 <LoopForever+0x16>)
 80406c6:	429a      	cmp	r2, r3
 80406c8:	d3f9      	bcc.n	80406be <FillZerobss>
 80406ca:	f000 faf7 	bl	8040cbc <__libc_init_array>
 80406ce:	f7ff ff6d 	bl	80405ac <main>

080406d2 <LoopForever>:
 80406d2:	e7fe      	b.n	80406d2 <LoopForever>
 80406d4:	20040000 	.word	0x20040000
 80406d8:	080411a8 	.word	0x080411a8
 80406dc:	20018000 	.word	0x20018000
 80406e0:	20018010 	.word	0x20018010
 80406e4:	20018010 	.word	0x20018010
 80406e8:	20018440 	.word	0x20018440

080406ec <ADC1_2_IRQHandler>:
 80406ec:	e7fe      	b.n	80406ec <ADC1_2_IRQHandler>

080406ee <HAL_Init>:
 80406ee:	b580      	push	{r7, lr}
 80406f0:	b082      	sub	sp, #8
 80406f2:	af00      	add	r7, sp, #0
 80406f4:	2300      	movs	r3, #0
 80406f6:	71fb      	strb	r3, [r7, #7]
 80406f8:	2004      	movs	r0, #4
 80406fa:	f000 f915 	bl	8040928 <HAL_NVIC_SetPriorityGrouping>
 80406fe:	f7ff ffc1 	bl	8040684 <SystemCoreClockUpdate>
 8040702:	2007      	movs	r0, #7
 8040704:	f000 f80e 	bl	8040724 <HAL_InitTick>
 8040708:	4603      	mov	r3, r0
 804070a:	2b00      	cmp	r3, #0
 804070c:	d002      	beq.n	8040714 <HAL_Init+0x26>
 804070e:	2301      	movs	r3, #1
 8040710:	71fb      	strb	r3, [r7, #7]
 8040712:	e001      	b.n	8040718 <HAL_Init+0x2a>
 8040714:	f7ff ff70 	bl	80405f8 <HAL_MspInit>
 8040718:	79fb      	ldrb	r3, [r7, #7]
 804071a:	4618      	mov	r0, r3
 804071c:	3708      	adds	r7, #8
 804071e:	46bd      	mov	sp, r7
 8040720:	bd80      	pop	{r7, pc}
	...

08040724 <HAL_InitTick>:
 8040724:	b580      	push	{r7, lr}
 8040726:	b084      	sub	sp, #16
 8040728:	af00      	add	r7, sp, #0
 804072a:	6078      	str	r0, [r7, #4]
 804072c:	2300      	movs	r3, #0
 804072e:	73fb      	strb	r3, [r7, #15]
 8040730:	4b17      	ldr	r3, [pc, #92]	; (8040790 <HAL_InitTick+0x6c>)
 8040732:	781b      	ldrb	r3, [r3, #0]
 8040734:	2b00      	cmp	r3, #0
 8040736:	d023      	beq.n	8040780 <HAL_InitTick+0x5c>
 8040738:	4b16      	ldr	r3, [pc, #88]	; (8040794 <HAL_InitTick+0x70>)
 804073a:	681a      	ldr	r2, [r3, #0]
 804073c:	4b14      	ldr	r3, [pc, #80]	; (8040790 <HAL_InitTick+0x6c>)
 804073e:	781b      	ldrb	r3, [r3, #0]
 8040740:	4619      	mov	r1, r3
 8040742:	f44f 737a 	mov.w	r3, #1000	; 0x3e8
 8040746:	fbb3 f3f1 	udiv	r3, r3, r1
 804074a:	fbb2 f3f3 	udiv	r3, r2, r3
 804074e:	4618      	mov	r0, r3
 8040750:	f000 f90f 	bl	8040972 <HAL_SYSTICK_Config>
 8040754:	4603      	mov	r3, r0
 8040756:	2b00      	cmp	r3, #0
 8040758:	d10f      	bne.n	804077a <HAL_InitTick+0x56>
 804075a:	687b      	ldr	r3, [r7, #4]
 804075c:	2b07      	cmp	r3, #7
 804075e:	d809      	bhi.n	8040774 <HAL_InitTick+0x50>
 8040760:	2200      	movs	r2, #0
 8040762:	6879      	ldr	r1, [r7, #4]
 8040764:	f04f 30ff 	mov.w	r0, #4294967295	; 0xffffffff
 8040768:	f000 f8e9 	bl	804093e <HAL_NVIC_SetPriority>
 804076c:	4a0a      	ldr	r2, [pc, #40]	; (8040798 <HAL_InitTick+0x74>)
 804076e:	687b      	ldr	r3, [r7, #4]
 8040770:	6013      	str	r3, [r2, #0]
 8040772:	e007      	b.n	8040784 <HAL_InitTick+0x60>
 8040774:	2301      	movs	r3, #1
 8040776:	73fb      	strb	r3, [r7, #15]
 8040778:	e004      	b.n	8040784 <HAL_InitTick+0x60>
 804077a:	2301      	movs	r3, #1
 804077c:	73fb      	strb	r3, [r7, #15]
 804077e:	e001      	b.n	8040784 <HAL_InitTick+0x60>
 8040780:	2301      	movs	r3, #1
 8040782:	73fb      	strb	r3, [r7, #15]
 8040784:	7bfb      	ldrb	r3, [r7, #15]
 8040786:	4618      	mov	r0, r3
 8040788:	3710      	adds	r7, #16
 804078a:	46bd      	mov	sp, r7
 804078c:	bd80      	pop	{r7, pc}
 804078e:	bf00      	nop
 8040790:	2001800c 	.word	0x2001800c
 8040794:	20018004 	.word	0x20018004
 8040798:	20018008 	.word	0x20018008

0804079c <HAL_IncTick>:
 804079c:	b480      	push	{r7}
 804079e:	af00      	add	r7, sp, #0
 80407a0:	4b06      	ldr	r3, [pc, #24]	; (80407bc <HAL_IncTick+0x20>)
 80407a2:	781b      	ldrb	r3, [r3, #0]
 80407a4:	461a      	mov	r2, r3
 80407a6:	4b06      	ldr	r3, [pc, #24]	; (80407c0 <HAL_IncTick+0x24>)
 80407a8:	681b      	ldr	r3, [r3, #0]
 80407aa:	4413      	add	r3, r2
 80407ac:	4a04      	ldr	r2, [pc, #16]	; (80407c0 <HAL_IncTick+0x24>)
 80407ae:	6013      	str	r3, [r2, #0]
 80407b0:	bf00      	nop
 80407b2:	46bd      	mov	sp, r7
 80407b4:	f85d 7b04 	ldr.w	r7, [sp], #4
 80407b8:	4770      	bx	lr
 80407ba:	bf00      	nop
 80407bc:	2001800c 	.word	0x2001800c
 80407c0:	20018438 	.word	0x20018438

080407c4 <__NVIC_SetPriorityGrouping>:
 80407c4:	b480      	push	{r7}
 80407c6:	b085      	sub	sp, #20
 80407c8:	af00      	add	r7, sp, #0
 80407ca:	6078      	str	r0, [r7, #4]
 80407cc:	687b      	ldr	r3, [r7, #4]
 80407ce:	f003 0307 	and.w	r3, r3, #7
 80407d2:	60fb      	str	r3, [r7, #12]
 80407d4:	4b0c      	ldr	r3, [pc, #48]	; (8040808 <__NVIC_SetPriorityGrouping+0x44>)
 80407d6:	68db      	ldr	r3, [r3, #12]
 80407d8:	60bb      	str	r3, [r7, #8]
 80407da:	68ba      	ldr	r2, [r7, #8]
 80407dc:	f64f 03ff 	movw	r3, #63743	; 0xf8ff
 80407e0:	4013      	ands	r3, r2
 80407e2:	60bb      	str	r3, [r7, #8]
 80407e4:	68fb      	ldr	r3, [r7, #12]
 80407e6:	021a      	lsls	r2, r3, #8
 80407e8:	68bb      	ldr	r3, [r7, #8]
 80407ea:	4313      	orrs	r3, r2
 80407ec:	f043 63bf 	orr.w	r3, r3, #100139008	; 0x5f80000
 80407f0:	f443 3300 	orr.w	r3, r3, #131072	; 0x20000
 80407f4:	60bb      	str	r3, [r7, #8]
 80407f6:	4a04      	ldr	r2, [pc, #16]	; (8040808 <__NVIC_SetPriorityGrouping+0x44>)
 80407f8:	68bb      	ldr	r3, [r7, #8]
 80407fa:	60d3      	str	r3, [r2, #12]
 80407fc:	bf00      	nop
 80407fe:	3714      	adds	r7, #20
 8040800:	46bd      	mov	sp, r7
 8040802:	f85d 7b04 	ldr.w	r7, [sp], #4
 8040806:	4770      	bx	lr
 8040808:	e000ed00 	.word	0xe000ed00

0804080c <__NVIC_GetPriorityGrouping>:
 804080c:	b480      	push	{r7}
 804080e:	af00      	add	r7, sp, #0
 8040810:	4b04      	ldr	r3, [pc, #16]	; (8040824 <__NVIC_GetPriorityGrouping+0x18>)
 8040812:	68db      	ldr	r3, [r3, #12]
 8040814:	0a1b      	lsrs	r3, r3, #8
 8040816:	f003 0307 	and.w	r3, r3, #7
 804081a:	4618      	mov	r0, r3
 804081c:	46bd      	mov	sp, r7
 804081e:	f85d 7b04 	ldr.w	r7, [sp], #4
 8040822:	4770      	bx	lr
 8040824:	e000ed00 	.word	0xe000ed00

08040828 <__NVIC_SetPriority>:
 8040828:	b480      	push	{r7}
 804082a:	b083      	sub	sp, #12
 804082c:	af00      	add	r7, sp, #0
 804082e:	4603      	mov	r3, r0
 8040830:	6039      	str	r1, [r7, #0]
 8040832:	71fb      	strb	r3, [r7, #7]
 8040834:	f997 3007 	ldrsb.w	r3, [r7, #7]
 8040838:	2b00      	cmp	r3, #0
 804083a:	db0a      	blt.n	8040852 <__NVIC_SetPriority+0x2a>
 804083c:	683b      	ldr	r3, [r7, #0]
 804083e:	b2da      	uxtb	r2, r3
 8040840:	490c      	ldr	r1, [pc, #48]	; (8040874 <__NVIC_SetPriority+0x4c>)
 8040842:	f997 3007 	ldrsb.w	r3, [r7, #7]
 8040846:	0152      	lsls	r2, r2, #5
 8040848:	b2d2      	uxtb	r2, r2
 804084a:	440b      	add	r3, r1
 804084c:	f883 2300 	strb.w	r2, [r3, #768]	; 0x300
 8040850:	e00a      	b.n	8040868 <__NVIC_SetPriority+0x40>
 8040852:	683b      	ldr	r3, [r7, #0]
 8040854:	b2da      	uxtb	r2, r3
 8040856:	4908      	ldr	r1, [pc, #32]	; (8040878 <__NVIC_SetPriority+0x50>)
 8040858:	79fb      	ldrb	r3, [r7, #7]
 804085a:	f003 030f 	and.w	r3, r3, #15
 804085e:	3b04      	subs	r3, #4
 8040860:	0152      	lsls	r2, r2, #5
 8040862:	b2d2      	uxtb	r2, r2
 8040864:	440b      	add	r3, r1
 8040866:	761a      	strb	r2, [r3, #24]
 8040868:	bf00      	nop
 804086a:	370c      	adds	r7, #12
 804086c:	46bd      	mov	sp, r7
 804086e:	f85d 7b04 	ldr.w	r7, [sp], #4
 8040872:	4770      	bx	lr
 8040874:	e000e100 	.word	0xe000e100
 8040878:	e000ed00 	.word	0xe000ed00

0804087c <NVIC_EncodePriority>:
 804087c:	b480      	push	{r7}
 804087e:	b089      	sub	sp, #36	; 0x24
 8040880:	af00      	add	r7, sp, #0
 8040882:	60f8      	str	r0, [r7, #12]
 8040884:	60b9      	str	r1, [r7, #8]
 8040886:	607a      	str	r2, [r7, #4]
 8040888:	68fb      	ldr	r3, [r7, #12]
 804088a:	f003 0307 	and.w	r3, r3, #7
 804088e:	61fb      	str	r3, [r7, #28]
 8040890:	69fb      	ldr	r3, [r7, #28]
 8040892:	f1c3 0307 	rsb	r3, r3, #7
 8040896:	2b03      	cmp	r3, #3
 8040898:	bf28      	it	cs
 804089a:	2303      	movcs	r3, #3
 804089c:	61bb      	str	r3, [r7, #24]
 804089e:	69fb      	ldr	r3, [r7, #28]
 80408a0:	3303      	adds	r3, #3
 80408a2:	2b06      	cmp	r3, #6
 80408a4:	d902      	bls.n	80408ac <NVIC_EncodePriority+0x30>
 80408a6:	69fb      	ldr	r3, [r7, #28]
 80408a8:	3b04      	subs	r3, #4
 80408aa:	e000      	b.n	80408ae <NVIC_EncodePriority+0x32>
 80408ac:	2300      	movs	r3, #0
 80408ae:	617b      	str	r3, [r7, #20]
 80408b0:	f04f 32ff 	mov.w	r2, #4294967295	; 0xffffffff
 80408b4:	69bb      	ldr	r3, [r7, #24]
 80408b6:	fa02 f303 	lsl.w	r3, r2, r3
 80408ba:	43da      	mvns	r2, r3
 80408bc:	68bb      	ldr	r3, [r7, #8]
 80408be:	401a      	ands	r2, r3
 80408c0:	697b      	ldr	r3, [r7, #20]
 80408c2:	409a      	lsls	r2, r3
 80408c4:	f04f 31ff 	mov.w	r1, #4294967295	; 0xffffffff
 80408c8:	697b      	ldr	r3, [r7, #20]
 80408ca:	fa01 f303 	lsl.w	r3, r1, r3
 80408ce:	43d9      	mvns	r1, r3
 80408d0:	687b      	ldr	r3, [r7, #4]
 80408d2:	400b      	ands	r3, r1
 80408d4:	4313      	orrs	r3, r2
 80408d6:	4618      	mov	r0, r3
 80408d8:	3724      	adds	r7, #36	; 0x24
 80408da:	46bd      	mov	sp, r7
 80408dc:	f85d 7b04 	ldr.w	r7, [sp], #4
 80408e0:	4770      	bx	lr
	...

080408e4 <SysTick_Config>:
 80408e4:	b580      	push	{r7, lr}
 80408e6:	b082      	sub	sp, #8
 80408e8:	af00      	add	r7, sp, #0
 80408ea:	6078      	str	r0, [r7, #4]
 80408ec:	687b      	ldr	r3, [r7, #4]
 80408ee:	3b01      	subs	r3, #1
 80408f0:	f1b3 7f80 	cmp.w	r3, #16777216	; 0x1000000
 80408f4:	d301      	bcc.n	80408fa <SysTick_Config+0x16>
 80408f6:	2301      	movs	r3, #1
 80408f8:	e00f      	b.n	804091a <SysTick_Config+0x36>
 80408fa:	4a0a      	ldr	r2, [pc, #40]	; (8040924 <SysTick_Config+0x40>)
 80408fc:	687b      	ldr	r3, [r7, #4]
 80408fe:	3b01      	subs	r3, #1
 8040900:	6053      	str	r3, [r2, #4]
 8040902:	2107      	movs	r1, #7
 8040904:	f04f 30ff 	mov.w	r0, #4294967295	; 0xffffffff
 8040908:	f7ff ff8e 	bl	8040828 <__NVIC_SetPriority>
 804090c:	4b05      	ldr	r3, [pc, #20]	; (8040924 <SysTick_Config+0x40>)
 804090e:	2200      	movs	r2, #0
 8040910:	609a      	str	r2, [r3, #8]
 8040912:	4b04      	ldr	r3, [pc, #16]	; (8040924 <SysTick_Config+0x40>)
 8040914:	2207      	movs	r2, #7
 8040916:	601a      	str	r2, [r3, #0]
 8040918:	2300      	movs	r3, #0
 804091a:	4618      	mov	r0, r3
 804091c:	3708      	adds	r7, #8
 804091e:	46bd      	mov	sp, r7
 8040920:	bd80      	pop	{r7, pc}
 8040922:	bf00      	nop
 8040924:	e000e010 	.word	0xe000e010

08040928 <HAL_NVIC_SetPriorityGrouping>:
 8040928:	b580      	push	{r7, lr}
 804092a:	b082      	sub	sp, #8
 804092c:	af00      	add	r7, sp, #0
 804092e:	6078      	str	r0, [r7, #4]
 8040930:	6878      	ldr	r0, [r7, #4]
 8040932:	f7ff ff47 	bl	80407c4 <__NVIC_SetPriorityGrouping>
 8040936:	bf00      	nop
 8040938:	3708      	adds	r7, #8
 804093a:	46bd      	mov	sp, r7
 804093c:	bd80      	pop	{r7, pc}

0804093e <HAL_NVIC_SetPriority>:
 804093e:	b580      	push	{r7, lr}
 8040940:	b086      	sub	sp, #24
 8040942:	af00      	add	r7, sp, #0
 8040944:	4603      	mov	r3, r0
 8040946:	60b9      	str	r1, [r7, #8]
 8040948:	607a      	str	r2, [r7, #4]
 804094a:	73fb      	strb	r3, [r7, #15]
 804094c:	f7ff ff5e 	bl	804080c <__NVIC_GetPriorityGrouping>
 8040950:	6178      	str	r0, [r7, #20]
 8040952:	687a      	ldr	r2, [r7, #4]
 8040954:	68b9      	ldr	r1, [r7, #8]
 8040956:	6978      	ldr	r0, [r7, #20]
 8040958:	f7ff ff90 	bl	804087c <NVIC_EncodePriority>
 804095c:	4602      	mov	r2, r0
 804095e:	f997 300f 	ldrsb.w	r3, [r7, #15]
 8040962:	4611      	mov	r1, r2
 8040964:	4618      	mov	r0, r3
 8040966:	f7ff ff5f 	bl	8040828 <__NVIC_SetPriority>
 804096a:	bf00      	nop
 804096c:	3718      	adds	r7, #24
 804096e:	46bd      	mov	sp, r7
 8040970:	bd80      	pop	{r7, pc}

08040972 <HAL_SYSTICK_Config>:
 8040972:	b580      	push	{r7, lr}
 8040974:	b082      	sub	sp, #8
 8040976:	af00      	add	r7, sp, #0
 8040978:	6078      	str	r0, [r7, #4]
 804097a:	6878      	ldr	r0, [r7, #4]
 804097c:	f7ff ffb2 	bl	80408e4 <SysTick_Config>
 8040980:	4603      	mov	r3, r0
 8040982:	4618      	mov	r0, r3
 8040984:	3708      	adds	r7, #8
 8040986:	46bd      	mov	sp, r7
 8040988:	bd80      	pop	{r7, pc}
	...

0804098c <HAL_GPIO_Init>:
 804098c:	b480      	push	{r7}
 804098e:	b087      	sub	sp, #28
 8040990:	af00      	add	r7, sp, #0
 8040992:	6078      	str	r0, [r7, #4]
 8040994:	6039      	str	r1, [r7, #0]
 8040996:	2300      	movs	r3, #0
 8040998:	617b      	str	r3, [r7, #20]
 804099a:	e158      	b.n	8040c4e <HAL_GPIO_Init+0x2c2>
 804099c:	683b      	ldr	r3, [r7, #0]
 804099e:	681a      	ldr	r2, [r3, #0]
 80409a0:	2101      	movs	r1, #1
 80409a2:	697b      	ldr	r3, [r7, #20]
 80409a4:	fa01 f303 	lsl.w	r3, r1, r3
 80409a8:	4013      	ands	r3, r2
 80409aa:	60fb      	str	r3, [r7, #12]
 80409ac:	68fb      	ldr	r3, [r7, #12]
 80409ae:	2b00      	cmp	r3, #0
 80409b0:	f000 814a 	beq.w	8040c48 <HAL_GPIO_Init+0x2bc>
 80409b4:	683b      	ldr	r3, [r7, #0]
 80409b6:	685b      	ldr	r3, [r3, #4]
 80409b8:	2b01      	cmp	r3, #1
 80409ba:	d00b      	beq.n	80409d4 <HAL_GPIO_Init+0x48>
 80409bc:	683b      	ldr	r3, [r7, #0]
 80409be:	685b      	ldr	r3, [r3, #4]
 80409c0:	2b02      	cmp	r3, #2
 80409c2:	d007      	beq.n	80409d4 <HAL_GPIO_Init+0x48>
 80409c4:	683b      	ldr	r3, [r7, #0]
 80409c6:	685b      	ldr	r3, [r3, #4]
 80409c8:	2b11      	cmp	r3, #17
 80409ca:	d003      	beq.n	80409d4 <HAL_GPIO_Init+0x48>
 80409cc:	683b      	ldr	r3, [r7, #0]
 80409ce:	685b      	ldr	r3, [r3, #4]
 80409d0:	2b12      	cmp	r3, #18
 80409d2:	d130      	bne.n	8040a36 <HAL_GPIO_Init+0xaa>
 80409d4:	687b      	ldr	r3, [r7, #4]
 80409d6:	689b      	ldr	r3, [r3, #8]
 80409d8:	613b      	str	r3, [r7, #16]
 80409da:	697b      	ldr	r3, [r7, #20]
 80409dc:	005b      	lsls	r3, r3, #1
 80409de:	2203      	movs	r2, #3
 80409e0:	fa02 f303 	lsl.w	r3, r2, r3
 80409e4:	43db      	mvns	r3, r3
 80409e6:	693a      	ldr	r2, [r7, #16]
 80409e8:	4013      	ands	r3, r2
 80409ea:	613b      	str	r3, [r7, #16]
 80409ec:	683b      	ldr	r3, [r7, #0]
 80409ee:	68da      	ldr	r2, [r3, #12]
 80409f0:	697b      	ldr	r3, [r7, #20]
 80409f2:	005b      	lsls	r3, r3, #1
 80409f4:	fa02 f303 	lsl.w	r3, r2, r3
 80409f8:	693a      	ldr	r2, [r7, #16]
 80409fa:	4313      	orrs	r3, r2
 80409fc:	613b      	str	r3, [r7, #16]
 80409fe:	687b      	ldr	r3, [r7, #4]
 8040a00:	693a      	ldr	r2, [r7, #16]
 8040a02:	609a      	str	r2, [r3, #8]
 8040a04:	687b      	ldr	r3, [r7, #4]
 8040a06:	685b      	ldr	r3, [r3, #4]
 8040a08:	613b      	str	r3, [r7, #16]
 8040a0a:	2201      	movs	r2, #1
 8040a0c:	697b      	ldr	r3, [r7, #20]
 8040a0e:	fa02 f303 	lsl.w	r3, r2, r3
 8040a12:	43db      	mvns	r3, r3
 8040a14:	693a      	ldr	r2, [r7, #16]
 8040a16:	4013      	ands	r3, r2
 8040a18:	613b      	str	r3, [r7, #16]
 8040a1a:	683b      	ldr	r3, [r7, #0]
 8040a1c:	685b      	ldr	r3, [r3, #4]
 8040a1e:	091b      	lsrs	r3, r3, #4
 8040a20:	f003 0201 	and.w	r2, r3, #1
 8040a24:	697b      	ldr	r3, [r7, #20]
 8040a26:	fa02 f303 	lsl.w	r3, r2, r3
 8040a2a:	693a      	ldr	r2, [r7, #16]
 8040a2c:	4313      	orrs	r3, r2
 8040a2e:	613b      	str	r3, [r7, #16]
 8040a30:	687b      	ldr	r3, [r7, #4]
 8040a32:	693a      	ldr	r2, [r7, #16]
 8040a34:	605a      	str	r2, [r3, #4]
 8040a36:	687b      	ldr	r3, [r7, #4]
 8040a38:	68db      	ldr	r3, [r3, #12]
 8040a3a:	613b      	str	r3, [r7, #16]
 8040a3c:	697b      	ldr	r3, [r7, #20]
 8040a3e:	005b      	lsls	r3, r3, #1
 8040a40:	2203      	movs	r2, #3
 8040a42:	fa02 f303 	lsl.w	r3, r2, r3
 8040a46:	43db      	mvns	r3, r3
 8040a48:	693a      	ldr	r2, [r7, #16]
 8040a4a:	4013      	ands	r3, r2
 8040a4c:	613b      	str	r3, [r7, #16]
 8040a4e:	683b      	ldr	r3, [r7, #0]
 8040a50:	689a      	ldr	r2, [r3, #8]
 8040a52:	697b      	ldr	r3, [r7, #20]
 8040a54:	005b      	lsls	r3, r3, #1
 8040a56:	fa02 f303 	lsl.w	r3, r2, r3
 8040a5a:	693a      	ldr	r2, [r7, #16]
 8040a5c:	4313      	orrs	r3, r2
 8040a5e:	613b      	str	r3, [r7, #16]
 8040a60:	687b      	ldr	r3, [r7, #4]
 8040a62:	693a      	ldr	r2, [r7, #16]
 8040a64:	60da      	str	r2, [r3, #12]
 8040a66:	683b      	ldr	r3, [r7, #0]
 8040a68:	685b      	ldr	r3, [r3, #4]
 8040a6a:	2b02      	cmp	r3, #2
 8040a6c:	d003      	beq.n	8040a76 <HAL_GPIO_Init+0xea>
 8040a6e:	683b      	ldr	r3, [r7, #0]
 8040a70:	685b      	ldr	r3, [r3, #4]
 8040a72:	2b12      	cmp	r3, #18
 8040a74:	d123      	bne.n	8040abe <HAL_GPIO_Init+0x132>
 8040a76:	697b      	ldr	r3, [r7, #20]
 8040a78:	08da      	lsrs	r2, r3, #3
 8040a7a:	687b      	ldr	r3, [r7, #4]
 8040a7c:	3208      	adds	r2, #8
 8040a7e:	f853 3022 	ldr.w	r3, [r3, r2, lsl #2]
 8040a82:	613b      	str	r3, [r7, #16]
 8040a84:	697b      	ldr	r3, [r7, #20]
 8040a86:	f003 0307 	and.w	r3, r3, #7
 8040a8a:	009b      	lsls	r3, r3, #2
 8040a8c:	220f      	movs	r2, #15
 8040a8e:	fa02 f303 	lsl.w	r3, r2, r3
 8040a92:	43db      	mvns	r3, r3
 8040a94:	693a      	ldr	r2, [r7, #16]
 8040a96:	4013      	ands	r3, r2
 8040a98:	613b      	str	r3, [r7, #16]
 8040a9a:	683b      	ldr	r3, [r7, #0]
 8040a9c:	691a      	ldr	r2, [r3, #16]
 8040a9e:	697b      	ldr	r3, [r7, #20]
 8040aa0:	f003 0307 	and.w	r3, r3, #7
 8040aa4:	009b      	lsls	r3, r3, #2
 8040aa6:	fa02 f303 	lsl.w	r3, r2, r3
 8040aaa:	693a      	ldr	r2, [r7, #16]
 8040aac:	4313      	orrs	r3, r2
 8040aae:	613b      	str	r3, [r7, #16]
 8040ab0:	697b      	ldr	r3, [r7, #20]
 8040ab2:	08da      	lsrs	r2, r3, #3
 8040ab4:	687b      	ldr	r3, [r7, #4]
 8040ab6:	3208      	adds	r2, #8
 8040ab8:	6939      	ldr	r1, [r7, #16]
 8040aba:	f843 1022 	str.w	r1, [r3, r2, lsl #2]
 8040abe:	687b      	ldr	r3, [r7, #4]
 8040ac0:	681b      	ldr	r3, [r3, #0]
 8040ac2:	613b      	str	r3, [r7, #16]
 8040ac4:	697b      	ldr	r3, [r7, #20]
 8040ac6:	005b      	lsls	r3, r3, #1
 8040ac8:	2203      	movs	r2, #3
 8040aca:	fa02 f303 	lsl.w	r3, r2, r3
 8040ace:	43db      	mvns	r3, r3
 8040ad0:	693a      	ldr	r2, [r7, #16]
 8040ad2:	4013      	ands	r3, r2
 8040ad4:	613b      	str	r3, [r7, #16]
 8040ad6:	683b      	ldr	r3, [r7, #0]
 8040ad8:	685b      	ldr	r3, [r3, #4]
 8040ada:	f003 0203 	and.w	r2, r3, #3
 8040ade:	697b      	ldr	r3, [r7, #20]
 8040ae0:	005b      	lsls	r3, r3, #1
 8040ae2:	fa02 f303 	lsl.w	r3, r2, r3
 8040ae6:	693a      	ldr	r2, [r7, #16]
 8040ae8:	4313      	orrs	r3, r2
 8040aea:	613b      	str	r3, [r7, #16]
 8040aec:	687b      	ldr	r3, [r7, #4]
 8040aee:	693a      	ldr	r2, [r7, #16]
 8040af0:	601a      	str	r2, [r3, #0]
 8040af2:	683b      	ldr	r3, [r7, #0]
 8040af4:	685b      	ldr	r3, [r3, #4]
 8040af6:	f003 5380 	and.w	r3, r3, #268435456	; 0x10000000
 8040afa:	2b00      	cmp	r3, #0
 8040afc:	f000 80a4 	beq.w	8040c48 <HAL_GPIO_Init+0x2bc>
 8040b00:	4a5a      	ldr	r2, [pc, #360]	; (8040c6c <HAL_GPIO_Init+0x2e0>)
 8040b02:	697b      	ldr	r3, [r7, #20]
 8040b04:	089b      	lsrs	r3, r3, #2
 8040b06:	3318      	adds	r3, #24
 8040b08:	f852 3023 	ldr.w	r3, [r2, r3, lsl #2]
 8040b0c:	613b      	str	r3, [r7, #16]
 8040b0e:	697b      	ldr	r3, [r7, #20]
 8040b10:	f003 0303 	and.w	r3, r3, #3
 8040b14:	00db      	lsls	r3, r3, #3
 8040b16:	220f      	movs	r2, #15
 8040b18:	fa02 f303 	lsl.w	r3, r2, r3
 8040b1c:	43db      	mvns	r3, r3
 8040b1e:	693a      	ldr	r2, [r7, #16]
 8040b20:	4013      	ands	r3, r2
 8040b22:	613b      	str	r3, [r7, #16]
 8040b24:	687b      	ldr	r3, [r7, #4]
 8040b26:	4a52      	ldr	r2, [pc, #328]	; (8040c70 <HAL_GPIO_Init+0x2e4>)
 8040b28:	4293      	cmp	r3, r2
 8040b2a:	d025      	beq.n	8040b78 <HAL_GPIO_Init+0x1ec>
 8040b2c:	687b      	ldr	r3, [r7, #4]
 8040b2e:	4a51      	ldr	r2, [pc, #324]	; (8040c74 <HAL_GPIO_Init+0x2e8>)
 8040b30:	4293      	cmp	r3, r2
 8040b32:	d01f      	beq.n	8040b74 <HAL_GPIO_Init+0x1e8>
 8040b34:	687b      	ldr	r3, [r7, #4]
 8040b36:	4a50      	ldr	r2, [pc, #320]	; (8040c78 <HAL_GPIO_Init+0x2ec>)
 8040b38:	4293      	cmp	r3, r2
 8040b3a:	d019      	beq.n	8040b70 <HAL_GPIO_Init+0x1e4>
 8040b3c:	687b      	ldr	r3, [r7, #4]
 8040b3e:	4a4f      	ldr	r2, [pc, #316]	; (8040c7c <HAL_GPIO_Init+0x2f0>)
 8040b40:	4293      	cmp	r3, r2
 8040b42:	d013      	beq.n	8040b6c <HAL_GPIO_Init+0x1e0>
 8040b44:	687b      	ldr	r3, [r7, #4]
 8040b46:	4a4e      	ldr	r2, [pc, #312]	; (8040c80 <HAL_GPIO_Init+0x2f4>)
 8040b48:	4293      	cmp	r3, r2
 8040b4a:	d00d      	beq.n	8040b68 <HAL_GPIO_Init+0x1dc>
 8040b4c:	687b      	ldr	r3, [r7, #4]
 8040b4e:	4a4d      	ldr	r2, [pc, #308]	; (8040c84 <HAL_GPIO_Init+0x2f8>)
 8040b50:	4293      	cmp	r3, r2
 8040b52:	d007      	beq.n	8040b64 <HAL_GPIO_Init+0x1d8>
 8040b54:	687b      	ldr	r3, [r7, #4]
 8040b56:	4a4c      	ldr	r2, [pc, #304]	; (8040c88 <HAL_GPIO_Init+0x2fc>)
 8040b58:	4293      	cmp	r3, r2
 8040b5a:	d101      	bne.n	8040b60 <HAL_GPIO_Init+0x1d4>
 8040b5c:	2306      	movs	r3, #6
 8040b5e:	e00c      	b.n	8040b7a <HAL_GPIO_Init+0x1ee>
 8040b60:	2307      	movs	r3, #7
 8040b62:	e00a      	b.n	8040b7a <HAL_GPIO_Init+0x1ee>
 8040b64:	2305      	movs	r3, #5
 8040b66:	e008      	b.n	8040b7a <HAL_GPIO_Init+0x1ee>
 8040b68:	2304      	movs	r3, #4
 8040b6a:	e006      	b.n	8040b7a <HAL_GPIO_Init+0x1ee>
 8040b6c:	2303      	movs	r3, #3
 8040b6e:	e004      	b.n	8040b7a <HAL_GPIO_Init+0x1ee>
 8040b70:	2302      	movs	r3, #2
 8040b72:	e002      	b.n	8040b7a <HAL_GPIO_Init+0x1ee>
 8040b74:	2301      	movs	r3, #1
 8040b76:	e000      	b.n	8040b7a <HAL_GPIO_Init+0x1ee>
 8040b78:	2300      	movs	r3, #0
 8040b7a:	697a      	ldr	r2, [r7, #20]
 8040b7c:	f002 0203 	and.w	r2, r2, #3
 8040b80:	00d2      	lsls	r2, r2, #3
 8040b82:	4093      	lsls	r3, r2
 8040b84:	693a      	ldr	r2, [r7, #16]
 8040b86:	4313      	orrs	r3, r2
 8040b88:	613b      	str	r3, [r7, #16]
 8040b8a:	4938      	ldr	r1, [pc, #224]	; (8040c6c <HAL_GPIO_Init+0x2e0>)
 8040b8c:	697b      	ldr	r3, [r7, #20]
 8040b8e:	089b      	lsrs	r3, r3, #2
 8040b90:	3318      	adds	r3, #24
 8040b92:	693a      	ldr	r2, [r7, #16]
 8040b94:	f841 2023 	str.w	r2, [r1, r3, lsl #2]
 8040b98:	4b34      	ldr	r3, [pc, #208]	; (8040c6c <HAL_GPIO_Init+0x2e0>)
 8040b9a:	f8d3 3080 	ldr.w	r3, [r3, #128]	; 0x80
 8040b9e:	613b      	str	r3, [r7, #16]
 8040ba0:	68fb      	ldr	r3, [r7, #12]
 8040ba2:	43db      	mvns	r3, r3
 8040ba4:	693a      	ldr	r2, [r7, #16]
 8040ba6:	4013      	ands	r3, r2
 8040ba8:	613b      	str	r3, [r7, #16]
 8040baa:	683b      	ldr	r3, [r7, #0]
 8040bac:	685b      	ldr	r3, [r3, #4]
 8040bae:	f403 3380 	and.w	r3, r3, #65536	; 0x10000
 8040bb2:	2b00      	cmp	r3, #0
 8040bb4:	d003      	beq.n	8040bbe <HAL_GPIO_Init+0x232>
 8040bb6:	693a      	ldr	r2, [r7, #16]
 8040bb8:	68fb      	ldr	r3, [r7, #12]
 8040bba:	4313      	orrs	r3, r2
 8040bbc:	613b      	str	r3, [r7, #16]
 8040bbe:	4a2b      	ldr	r2, [pc, #172]	; (8040c6c <HAL_GPIO_Init+0x2e0>)
 8040bc0:	693b      	ldr	r3, [r7, #16]
 8040bc2:	f8c2 3080 	str.w	r3, [r2, #128]	; 0x80
 8040bc6:	4b29      	ldr	r3, [pc, #164]	; (8040c6c <HAL_GPIO_Init+0x2e0>)
 8040bc8:	f8d3 3084 	ldr.w	r3, [r3, #132]	; 0x84
 8040bcc:	613b      	str	r3, [r7, #16]
 8040bce:	68fb      	ldr	r3, [r7, #12]
 8040bd0:	43db      	mvns	r3, r3
 8040bd2:	693a      	ldr	r2, [r7, #16]
 8040bd4:	4013      	ands	r3, r2
 8040bd6:	613b      	str	r3, [r7, #16]
 8040bd8:	683b      	ldr	r3, [r7, #0]
 8040bda:	685b      	ldr	r3, [r3, #4]
 8040bdc:	f403 3300 	and.w	r3, r3, #131072	; 0x20000
 8040be0:	2b00      	cmp	r3, #0
 8040be2:	d003      	beq.n	8040bec <HAL_GPIO_Init+0x260>
 8040be4:	693a      	ldr	r2, [r7, #16]
 8040be6:	68fb      	ldr	r3, [r7, #12]
 8040be8:	4313      	orrs	r3, r2
 8040bea:	613b      	str	r3, [r7, #16]
 8040bec:	4a1f      	ldr	r2, [pc, #124]	; (8040c6c <HAL_GPIO_Init+0x2e0>)
 8040bee:	693b      	ldr	r3, [r7, #16]
 8040bf0:	f8c2 3084 	str.w	r3, [r2, #132]	; 0x84
 8040bf4:	4b1d      	ldr	r3, [pc, #116]	; (8040c6c <HAL_GPIO_Init+0x2e0>)
 8040bf6:	681b      	ldr	r3, [r3, #0]
 8040bf8:	613b      	str	r3, [r7, #16]
 8040bfa:	68fb      	ldr	r3, [r7, #12]
 8040bfc:	43db      	mvns	r3, r3
 8040bfe:	693a      	ldr	r2, [r7, #16]
 8040c00:	4013      	ands	r3, r2
 8040c02:	613b      	str	r3, [r7, #16]
 8040c04:	683b      	ldr	r3, [r7, #0]
 8040c06:	685b      	ldr	r3, [r3, #4]
 8040c08:	f403 1380 	and.w	r3, r3, #1048576	; 0x100000
 8040c0c:	2b00      	cmp	r3, #0
 8040c0e:	d003      	beq.n	8040c18 <HAL_GPIO_Init+0x28c>
 8040c10:	693a      	ldr	r2, [r7, #16]
 8040c12:	68fb      	ldr	r3, [r7, #12]
 8040c14:	4313      	orrs	r3, r2
 8040c16:	613b      	str	r3, [r7, #16]
 8040c18:	4a14      	ldr	r2, [pc, #80]	; (8040c6c <HAL_GPIO_Init+0x2e0>)
 8040c1a:	693b      	ldr	r3, [r7, #16]
 8040c1c:	6013      	str	r3, [r2, #0]
 8040c1e:	4b13      	ldr	r3, [pc, #76]	; (8040c6c <HAL_GPIO_Init+0x2e0>)
 8040c20:	685b      	ldr	r3, [r3, #4]
 8040c22:	613b      	str	r3, [r7, #16]
 8040c24:	68fb      	ldr	r3, [r7, #12]
 8040c26:	43db      	mvns	r3, r3
 8040c28:	693a      	ldr	r2, [r7, #16]
 8040c2a:	4013      	ands	r3, r2
 8040c2c:	613b      	str	r3, [r7, #16]
 8040c2e:	683b      	ldr	r3, [r7, #0]
 8040c30:	685b      	ldr	r3, [r3, #4]
 8040c32:	f403 1300 	and.w	r3, r3, #2097152	; 0x200000
 8040c36:	2b00      	cmp	r3, #0
 8040c38:	d003      	beq.n	8040c42 <HAL_GPIO_Init+0x2b6>
 8040c3a:	693a      	ldr	r2, [r7, #16]
 8040c3c:	68fb      	ldr	r3, [r7, #12]
 8040c3e:	4313      	orrs	r3, r2
 8040c40:	613b      	str	r3, [r7, #16]
 8040c42:	4a0a      	ldr	r2, [pc, #40]	; (8040c6c <HAL_GPIO_Init+0x2e0>)
 8040c44:	693b      	ldr	r3, [r7, #16]
 8040c46:	6053      	str	r3, [r2, #4]
 8040c48:	697b      	ldr	r3, [r7, #20]
 8040c4a:	3301      	adds	r3, #1
 8040c4c:	617b      	str	r3, [r7, #20]
 8040c4e:	683b      	ldr	r3, [r7, #0]
 8040c50:	681a      	ldr	r2, [r3, #0]
 8040c52:	697b      	ldr	r3, [r7, #20]
 8040c54:	fa22 f303 	lsr.w	r3, r2, r3
 8040c58:	2b00      	cmp	r3, #0
 8040c5a:	f47f ae9f 	bne.w	804099c <HAL_GPIO_Init+0x10>
 8040c5e:	bf00      	nop
 8040c60:	bf00      	nop
 8040c62:	371c      	adds	r7, #28
 8040c64:	46bd      	mov	sp, r7
 8040c66:	f85d 7b04 	ldr.w	r7, [sp], #4
 8040c6a:	4770      	bx	lr
 8040c6c:	4002f400 	.word	0x4002f400
 8040c70:	42020000 	.word	0x42020000
 8040c74:	42020400 	.word	0x42020400
 8040c78:	42020800 	.word	0x42020800
 8040c7c:	42020c00 	.word	0x42020c00
 8040c80:	42021000 	.word	0x42021000
 8040c84:	42021400 	.word	0x42021400
 8040c88:	42021800 	.word	0x42021800

08040c8c <HAL_GPIO_WritePin>:
 8040c8c:	b480      	push	{r7}
 8040c8e:	b083      	sub	sp, #12
 8040c90:	af00      	add	r7, sp, #0
 8040c92:	6078      	str	r0, [r7, #4]
 8040c94:	460b      	mov	r3, r1
 8040c96:	807b      	strh	r3, [r7, #2]
 8040c98:	4613      	mov	r3, r2
 8040c9a:	707b      	strb	r3, [r7, #1]
 8040c9c:	787b      	ldrb	r3, [r7, #1]
 8040c9e:	2b00      	cmp	r3, #0
 8040ca0:	d003      	beq.n	8040caa <HAL_GPIO_WritePin+0x1e>
 8040ca2:	887a      	ldrh	r2, [r7, #2]
 8040ca4:	687b      	ldr	r3, [r7, #4]
 8040ca6:	619a      	str	r2, [r3, #24]
 8040ca8:	e002      	b.n	8040cb0 <HAL_GPIO_WritePin+0x24>
 8040caa:	887a      	ldrh	r2, [r7, #2]
 8040cac:	687b      	ldr	r3, [r7, #4]
 8040cae:	629a      	str	r2, [r3, #40]	; 0x28
 8040cb0:	bf00      	nop
 8040cb2:	370c      	adds	r7, #12
 8040cb4:	46bd      	mov	sp, r7
 8040cb6:	f85d 7b04 	ldr.w	r7, [sp], #4
 8040cba:	4770      	bx	lr

08040cbc <__libc_init_array>:
 8040cbc:	b570      	push	{r4, r5, r6, lr}
 8040cbe:	4d0d      	ldr	r5, [pc, #52]	; (8040cf4 <__libc_init_array+0x38>)
 8040cc0:	2600      	movs	r6, #0
 8040cc2:	4c0d      	ldr	r4, [pc, #52]	; (8040cf8 <__libc_init_array+0x3c>)
 8040cc4:	1b64      	subs	r4, r4, r5
 8040cc6:	10a4      	asrs	r4, r4, #2
 8040cc8:	42a6      	cmp	r6, r4
 8040cca:	d109      	bne.n	8040ce0 <__libc_init_array+0x24>
 8040ccc:	4d0b      	ldr	r5, [pc, #44]	; (8040cfc <__libc_init_array+0x40>)
 8040cce:	2600      	movs	r6, #0
 8040cd0:	4c0b      	ldr	r4, [pc, #44]	; (8040d00 <__libc_init_array+0x44>)
 8040cd2:	f000 f817 	bl	8040d04 <_init>
 8040cd6:	1b64      	subs	r4, r4, r5
 8040cd8:	10a4      	asrs	r4, r4, #2
 8040cda:	42a6      	cmp	r6, r4
 8040cdc:	d105      	bne.n	8040cea <__libc_init_array+0x2e>
 8040cde:	bd70      	pop	{r4, r5, r6, pc}
 8040ce0:	f855 3b04 	ldr.w	r3, [r5], #4
 8040ce4:	3601      	adds	r6, #1
 8040ce6:	4798      	blx	r3
 8040ce8:	e7ee      	b.n	8040cc8 <__libc_init_array+0xc>
 8040cea:	f855 3b04 	ldr.w	r3, [r5], #4
 8040cee:	3601      	adds	r6, #1
 8040cf0:	4798      	blx	r3
 8040cf2:	e7f2      	b.n	8040cda <__libc_init_array+0x1e>
 8040cf4:	080411a0 	.word	0x080411a0
 8040cf8:	080411a0 	.word	0x080411a0
 8040cfc:	080411a0 	.word	0x080411a0
 8040d00:	080411a4 	.word	0x080411a4

08040d04 <_init>:
 8040d04:	b5f8      	push	{r3, r4, r5, r6, r7, lr}
 8040d06:	bf00      	nop
 8040d08:	bcf8      	pop	{r3, r4, r5, r6, r7}
 8040d0a:	bc08      	pop	{r3}
 8040d0c:	469e      	mov	lr, r3
 8040d0e:	4770      	bx	lr

08040d10 <_fini>:
 8040d10:	b5f8      	push	{r3, r4, r5, r6, r7, lr}
 8040d12:	bf00      	nop
 8040d14:	bcf8      	pop	{r3, r4, r5, r6, r7}
 8040d16:	bc08      	pop	{r3}
 8040d18:	469e      	mov	lr, r3
 8040d1a:	4770      	bx	lr
 8040d1c:	0000      	movs	r0, r0
	...

08040d20 <__SECURE_log_ret_veneer>:
 8040d20:	b401      	push	{r0}
 8040d22:	4802      	ldr	r0, [pc, #8]	; (8040d2c <__SECURE_log_ret_veneer+0xc>)
 8040d24:	4684      	mov	ip, r0
 8040d26:	bc01      	pop	{r0}
 8040d28:	4760      	bx	ip
 8040d2a:	bf00      	nop
 8040d2c:	0c03e039 	.word	0x0c03e039

08040d30 <__SECURE_log_indr_fwd_veneer>:
 8040d30:	b401      	push	{r0}
 8040d32:	4802      	ldr	r0, [pc, #8]	; (8040d3c <__SECURE_log_indr_fwd_veneer+0xc>)
 8040d34:	4684      	mov	ip, r0
 8040d36:	bc01      	pop	{r0}
 8040d38:	4760      	bx	ip
 8040d3a:	bf00      	nop
 8040d3c:	0c03e019 	.word	0x0c03e019

08040d40 <__SECURE_SystemCoreClockUpdate_veneer>:
 8040d40:	b401      	push	{r0}
 8040d42:	4802      	ldr	r0, [pc, #8]	; (8040d4c <__SECURE_SystemCoreClockUpdate_veneer+0xc>)
 8040d44:	4684      	mov	ip, r0
 8040d46:	bc01      	pop	{r0}
 8040d48:	4760      	bx	ip
 8040d4a:	bf00      	nop
 8040d4c:	0c03e001 	.word	0x0c03e001

08040d50 <__SECURE_record_output_data_veneer>:
 8040d50:	b401      	push	{r0}
 8040d52:	4802      	ldr	r0, [pc, #8]	; (8040d5c <__SECURE_record_output_data_veneer+0xc>)
 8040d54:	4684      	mov	ip, r0
 8040d56:	bc01      	pop	{r0}
 8040d58:	4760      	bx	ip
 8040d5a:	bf00      	nop
 8040d5c:	0c03e011 	.word	0x0c03e011

08040d60 <__SECURE_log_cond_br_taken_veneer>:
 8040d60:	b401      	push	{r0}
 8040d62:	4802      	ldr	r0, [pc, #8]	; (8040d6c <__SECURE_log_cond_br_taken_veneer+0xc>)
 8040d64:	4684      	mov	ip, r0
 8040d66:	bc01      	pop	{r0}
 8040d68:	4760      	bx	ip
 8040d6a:	bf00      	nop
 8040d6c:	0c03e041 	.word	0x0c03e041

08040d70 <__SECURE_RegisterCallback_veneer>:
 8040d70:	b401      	push	{r0}
 8040d72:	4802      	ldr	r0, [pc, #8]	; (8040d7c <__SECURE_RegisterCallback_veneer+0xc>)
 8040d74:	4684      	mov	ip, r0
 8040d76:	bc01      	pop	{r0}
 8040d78:	4760      	bx	ip
 8040d7a:	bf00      	nop
 8040d7c:	0c03e049 	.word	0x0c03e049

08040d80 <__SECURE_run_attestation_wait_mode_veneer>:
 8040d80:	b401      	push	{r0}
 8040d82:	4802      	ldr	r0, [pc, #8]	; (8040d8c <__SECURE_run_attestation_wait_mode_veneer+0xc>)
 8040d84:	4684      	mov	ip, r0
 8040d86:	bc01      	pop	{r0}
 8040d88:	4760      	bx	ip
 8040d8a:	bf00      	nop
 8040d8c:	0c03e051 	.word	0x0c03e051

08040d90 <__SECURE_log_cond_br_not_taken_veneer>:
 8040d90:	b401      	push	{r0}
 8040d92:	4802      	ldr	r0, [pc, #8]	; (8040d9c <__SECURE_log_cond_br_not_taken_veneer+0xc>)
 8040d94:	4684      	mov	ip, r0
 8040d96:	bc01      	pop	{r0}
 8040d98:	4760      	bx	ip
 8040d9a:	bf00      	nop
 8040d9c:	0c03e021 	.word	0x0c03e021

Disassembly of section .empty:

08060000 <empty>:
 8060000:	4600      	mov	r0, r0
 8060002:	4600      	mov	r0, r0
 8060004:	4600      	mov	r0, r0
 8060006:	4600      	mov	r0, r0
 8060008:	4600      	mov	r0, r0
 806000a:	4600      	mov	r0, r0
 806000c:	4600      	mov	r0, r0
 806000e:	4600      	mov	r0, r0
 8060010:	4600      	mov	r0, r0
 8060012:	4600      	mov	r0, r0
 8060014:	4600      	mov	r0, r0
 8060016:	4600      	mov	r0, r0
 8060018:	4600      	mov	r0, r0
 806001a:	4600      	mov	r0, r0
 806001c:	4600      	mov	r0, r0
 806001e:	4600      	mov	r0, r0
 8060020:	4600      	mov	r0, r0
 8060022:	4600      	mov	r0, r0
 8060024:	4600      	mov	r0, r0
 8060026:	4600      	mov	r0, r0
 8060028:	4600      	mov	r0, r0
 806002a:	4600      	mov	r0, r0
 806002c:	4600      	mov	r0, r0
 806002e:	4600      	mov	r0, r0
 8060030:	4600      	mov	r0, r0
 8060032:	4600      	mov	r0, r0
 8060034:	4600      	mov	r0, r0
 8060036:	4600      	mov	r0, r0
 8060038:	4600      	mov	r0, r0
 806003a:	4600      	mov	r0, r0
 806003c:	4600      	mov	r0, r0
 806003e:	4600      	mov	r0, r0
 8060040:	4600      	mov	r0, r0
 8060042:	4600      	mov	r0, r0
 8060044:	4600      	mov	r0, r0
 8060046:	4600      	mov	r0, r0
 8060048:	4600      	mov	r0, r0
 806004a:	4600      	mov	r0, r0
 806004c:	4600      	mov	r0, r0
 806004e:	4600      	mov	r0, r0
 8060050:	4600      	mov	r0, r0
 8060052:	4600      	mov	r0, r0
 8060054:	4600      	mov	r0, r0
 8060056:	4600      	mov	r0, r0
 8060058:	4600      	mov	r0, r0
 806005a:	4600      	mov	r0, r0
 806005c:	4600      	mov	r0, r0
 806005e:	4600      	mov	r0, r0
 8060060:	4600      	mov	r0, r0
 8060062:	4600      	mov	r0, r0
 8060064:	4600      	mov	r0, r0
 8060066:	4600      	mov	r0, r0
 8060068:	4600      	mov	r0, r0
 806006a:	4600      	mov	r0, r0
 806006c:	4600      	mov	r0, r0
 806006e:	4600      	mov	r0, r0
 8060070:	4600      	mov	r0, r0
 8060072:	4600      	mov	r0, r0
 8060074:	4600      	mov	r0, r0
 8060076:	4600      	mov	r0, r0
 8060078:	4600      	mov	r0, r0
 806007a:	4600      	mov	r0, r0
 806007c:	4600      	mov	r0, r0
 806007e:	4600      	mov	r0, r0
 8060080:	4600      	mov	r0, r0
 8060082:	4600      	mov	r0, r0
 8060084:	4600      	mov	r0, r0
 8060086:	4600      	mov	r0, r0
 8060088:	4600      	mov	r0, r0
 806008a:	4600      	mov	r0, r0
 806008c:	4600      	mov	r0, r0
 806008e:	4600      	mov	r0, r0
 8060090:	4600      	mov	r0, r0
 8060092:	4600      	mov	r0, r0
 8060094:	4600      	mov	r0, r0
 8060096:	4600      	mov	r0, r0
 8060098:	4600      	mov	r0, r0
 806009a:	4600      	mov	r0, r0
 806009c:	4600      	mov	r0, r0
 806009e:	4600      	mov	r0, r0
 80600a0:	4600      	mov	r0, r0
 80600a2:	4600      	mov	r0, r0
 80600a4:	4600      	mov	r0, r0
 80600a6:	4600      	mov	r0, r0
 80600a8:	4600      	mov	r0, r0
 80600aa:	4600      	mov	r0, r0
 80600ac:	4600      	mov	r0, r0
 80600ae:	4600      	mov	r0, r0
 80600b0:	4600      	mov	r0, r0
 80600b2:	4600      	mov	r0, r0
 80600b4:	4600      	mov	r0, r0
 80600b6:	4600      	mov	r0, r0
 80600b8:	4600      	mov	r0, r0
 80600ba:	4600      	mov	r0, r0
 80600bc:	4600      	mov	r0, r0
 80600be:	4600      	mov	r0, r0
 80600c0:	4600      	mov	r0, r0
 80600c2:	4600      	mov	r0, r0
 80600c4:	4600      	mov	r0, r0
 80600c6:	4600      	mov	r0, r0
 80600c8:	4600      	mov	r0, r0
 80600ca:	4600      	mov	r0, r0
 80600cc:	4600      	mov	r0, r0
 80600ce:	4600      	mov	r0, r0
 80600d0:	4600      	mov	r0, r0
 80600d2:	4600      	mov	r0, r0
 80600d4:	4600      	mov	r0, r0
 80600d6:	4600      	mov	r0, r0
 80600d8:	4600      	mov	r0, r0
 80600da:	4600      	mov	r0, r0
 80600dc:	4600      	mov	r0, r0
 80600de:	4600      	mov	r0, r0
 80600e0:	4600      	mov	r0, r0
 80600e2:	4600      	mov	r0, r0
 80600e4:	4600      	mov	r0, r0
 80600e6:	4600      	mov	r0, r0
 80600e8:	4600      	mov	r0, r0
 80600ea:	4600      	mov	r0, r0
 80600ec:	4600      	mov	r0, r0
 80600ee:	4600      	mov	r0, r0
 80600f0:	4600      	mov	r0, r0
 80600f2:	4600      	mov	r0, r0
 80600f4:	4600      	mov	r0, r0
 80600f6:	4600      	mov	r0, r0
 80600f8:	4600      	mov	r0, r0
 80600fa:	4600      	mov	r0, r0
 80600fc:	4600      	mov	r0, r0
 80600fe:	4600      	mov	r0, r0
 8060100:	4600      	mov	r0, r0
 8060102:	4600      	mov	r0, r0
 8060104:	4600      	mov	r0, r0
 8060106:	4600      	mov	r0, r0
 8060108:	4600      	mov	r0, r0
 806010a:	4600      	mov	r0, r0
 806010c:	4600      	mov	r0, r0
 806010e:	4600      	mov	r0, r0
 8060110:	4600      	mov	r0, r0
 8060112:	4600      	mov	r0, r0
 8060114:	4600      	mov	r0, r0
 8060116:	4600      	mov	r0, r0
 8060118:	4600      	mov	r0, r0
 806011a:	4600      	mov	r0, r0
 806011c:	4600      	mov	r0, r0
 806011e:	4600      	mov	r0, r0
 8060120:	4600      	mov	r0, r0
 8060122:	4600      	mov	r0, r0
 8060124:	4600      	mov	r0, r0
 8060126:	4600      	mov	r0, r0
 8060128:	4600      	mov	r0, r0
 806012a:	4600      	mov	r0, r0
 806012c:	4600      	mov	r0, r0
 806012e:	4600      	mov	r0, r0
 8060130:	4600      	mov	r0, r0
 8060132:	4600      	mov	r0, r0
 8060134:	4600      	mov	r0, r0
 8060136:	4600      	mov	r0, r0
 8060138:	4600      	mov	r0, r0
 806013a:	4600      	mov	r0, r0
 806013c:	4600      	mov	r0, r0
 806013e:	4600      	mov	r0, r0
 8060140:	4600      	mov	r0, r0
 8060142:	4600      	mov	r0, r0
 8060144:	4600      	mov	r0, r0
 8060146:	4600      	mov	r0, r0
 8060148:	4600      	mov	r0, r0
 806014a:	4600      	mov	r0, r0
 806014c:	4600      	mov	r0, r0
 806014e:	4600      	mov	r0, r0
 8060150:	4600      	mov	r0, r0
 8060152:	4600      	mov	r0, r0
 8060154:	4600      	mov	r0, r0
 8060156:	4600      	mov	r0, r0
 8060158:	4600      	mov	r0, r0
 806015a:	4600      	mov	r0, r0
 806015c:	4600      	mov	r0, r0
 806015e:	4600      	mov	r0, r0
 8060160:	4600      	mov	r0, r0
 8060162:	4600      	mov	r0, r0
 8060164:	4600      	mov	r0, r0
 8060166:	4600      	mov	r0, r0
 8060168:	4600      	mov	r0, r0
 806016a:	4600      	mov	r0, r0
 806016c:	4600      	mov	r0, r0
 806016e:	4600      	mov	r0, r0
 8060170:	4600      	mov	r0, r0
 8060172:	4600      	mov	r0, r0
 8060174:	4600      	mov	r0, r0
 8060176:	4600      	mov	r0, r0
 8060178:	4600      	mov	r0, r0
 806017a:	4600      	mov	r0, r0
 806017c:	4600      	mov	r0, r0
 806017e:	4600      	mov	r0, r0
 8060180:	4600      	mov	r0, r0
 8060182:	4600      	mov	r0, r0
 8060184:	4600      	mov	r0, r0
 8060186:	4600      	mov	r0, r0
 8060188:	4600      	mov	r0, r0
 806018a:	4600      	mov	r0, r0
 806018c:	4600      	mov	r0, r0
 806018e:	4600      	mov	r0, r0
 8060190:	4600      	mov	r0, r0
 8060192:	4600      	mov	r0, r0
 8060194:	4600      	mov	r0, r0
 8060196:	4600      	mov	r0, r0
 8060198:	4600      	mov	r0, r0
 806019a:	4600      	mov	r0, r0
 806019c:	4600      	mov	r0, r0
 806019e:	4600      	mov	r0, r0
 80601a0:	4600      	mov	r0, r0
 80601a2:	4600      	mov	r0, r0
 80601a4:	4600      	mov	r0, r0
 80601a6:	4600      	mov	r0, r0
 80601a8:	4600      	mov	r0, r0
 80601aa:	4600      	mov	r0, r0
 80601ac:	4600      	mov	r0, r0
 80601ae:	4600      	mov	r0, r0
 80601b0:	4600      	mov	r0, r0
 80601b2:	4600      	mov	r0, r0
 80601b4:	4600      	mov	r0, r0
 80601b6:	4600      	mov	r0, r0
 80601b8:	4600      	mov	r0, r0
 80601ba:	4600      	mov	r0, r0
 80601bc:	4600      	mov	r0, r0
 80601be:	4600      	mov	r0, r0
 80601c0:	4600      	mov	r0, r0
 80601c2:	4600      	mov	r0, r0
 80601c4:	4600      	mov	r0, r0
 80601c6:	4600      	mov	r0, r0
 80601c8:	4600      	mov	r0, r0
 80601ca:	4600      	mov	r0, r0
 80601cc:	4600      	mov	r0, r0
 80601ce:	4600      	mov	r0, r0
 80601d0:	4600      	mov	r0, r0
 80601d2:	4600      	mov	r0, r0
 80601d4:	4600      	mov	r0, r0
 80601d6:	4600      	mov	r0, r0
 80601d8:	4600      	mov	r0, r0
 80601da:	4600      	mov	r0, r0
 80601dc:	4600      	mov	r0, r0
 80601de:	4600      	mov	r0, r0
 80601e0:	4600      	mov	r0, r0
 80601e2:	4600      	mov	r0, r0
 80601e4:	4600      	mov	r0, r0
 80601e6:	4600      	mov	r0, r0
 80601e8:	4600      	mov	r0, r0
 80601ea:	4600      	mov	r0, r0
 80601ec:	4600      	mov	r0, r0
 80601ee:	4600      	mov	r0, r0
 80601f0:	4600      	mov	r0, r0
 80601f2:	4600      	mov	r0, r0
 80601f4:	4600      	mov	r0, r0
 80601f6:	4600      	mov	r0, r0
 80601f8:	4600      	mov	r0, r0
 80601fa:	4600      	mov	r0, r0
 80601fc:	4600      	mov	r0, r0
 80601fe:	4600      	mov	r0, r0
 8060200:	bf00      	nop
	...
