Build CFG: 341.1161080002785 ms
Verify CFLog / Detect Attack: 10.381698608398438 ms
	CFLog addrs: 1912, Offending Entry: 857
---------------------
Exploit Locator Time
	Backward Trace Time: 0.09393692016601562 ms
		Slice Start Addr: 249, Slice End Addr: 857
		Slice addrs: 609
	Slice Symbolic Execution Time: 2653.447389602661 ms
		mem_accesses : 134
		emul_instrs = 199
	Locate addr_init part 1: 0.14352798461914062 ms
	Locate addr_init part 2: 166.53132438659668 ms
Patch Generator
	 Generate Patched Nodes: 3.335714340209961 ms
	 Update ELF: 37.690162658691406 ms
Patch Verifier:
	Remap CFLog: 0.9381771087646484 ms
	Build Patched CFG: 132.99083709716797 ms
	Symb. Execute Patched Slice: 4459.623336791992 ms
		mem_accesses : 134
		emul_instrs = 235
