Build CFG: 33.473344054073095 ms
Verify CFLog / Detect Attack: 0.34499168395996094 ms
	CFLog addrs: 3855, Offending Entry: 15
---------------------
Exploit Locator Time
	Backward Trace Time: 0.029325485229492188 ms
		Slice Start Addr: -1, Slice End Addr: 15
		Slice addrs: 17
	Slice Symbolic Execution Time: 7704.732179641724 ms
		mem_accesses : 291
		emul_instrs = 479
	Locate addr_init part 2: 527.9536247253418 ms
Patch Generator
	 Generate Patched Nodes: 14.678239822387695 ms
	 Update ELF: 46.58198356628418 ms
Patch Verifier:
	Remap CFLog: 369.61817741394043 ms
	Build Patched CFG: 348.5910892486572 ms
	Symb. Execute Patched Slice: 6704.0855884552 ms
		mem_accesses : 177
		emul_instrs = 331
